

================================================================
== Vivado HLS Report for 'p_hls_fptosi_float_i'
================================================================
* Date:           Sun Jan  5 20:30:28 2020

* Version:        2018.3 (Build 2405991 on Thu Dec 06 23:56:15 MST 2018)
* Project:        batch_align2d_hls
* Solution:       solution1
* Product family: zynquplus
* Target device:  xczu9eg-ffvb1156-2-i


================================================================
== Performance Estimates
================================================================
+ Timing (ns): 
    * Summary: 
    +--------+-------+----------+------------+
    |  Clock | Target| Estimated| Uncertainty|
    +--------+-------+----------+------------+
    |ap_clk  |   5.00|     4.016|        0.62|
    +--------+-------+----------+------------+

+ Latency (clock cycles): 
    * Summary: 
    +-----+-----+-----+-----+---------+
    |  Latency  |  Interval | Pipeline|
    | min | max | min | max |   Type  |
    +-----+-----+-----+-----+---------+
    |    0|    0|    0|    0|   none  |
    +-----+-----+-----+-----+---------+

    + Detail: 
        * Instance: 
        N/A

        * Loop: 
        N/A

============================================================
+ Verbose Summary: Synthesis Manager
============================================================
InlineROM: 1
ExposeGlobal: 0
============================================================
+ Verbose Summary: CDFG Model
============================================================
IsTopModel: 0
ResetActiveHigh: 1
IsCombinational: 0
IsDatapathOnly: 0
HasWiredReturn: 1
HasMFsm: 0
HasVarLatency: 0
IsPipeline: 0
IsRtlPipelined: 0
IsInstanceOverlapped: 0
IsDontTouch: 0
HasImplIP: 0
IsGatedGlobalClock: 0


============================================================
+ Verbose Summary: Schedule
============================================================
* Number of FSM states : 1
* Pipeline : 0
* Dataflow Pipeline: 0

* FSM state transitions: 
1 --> 

* FSM state operations: 

State 1 <SV = 0> <Delay = 4.01>
ST_1 : Operation 2 [1/1] (0.00ns)   --->   "%x_read = call float @_ssdm_op_Read.ap_auto.float(float %x) nounwind" [/wrk/2018.3/continuous/2018_12_06_2405991/src/products/hls/hls_lib/hlsmath/src/lib_floatconversion.cpp:50]   --->   Operation 2 'read' 'x_read' <Predicate = true> <Delay = 0.00>
ST_1 : Operation 3 [1/1] (0.00ns)   --->   "%p_Val2_s = bitcast float %x_read to i32" [/wrk/2018.3/continuous/2018_12_06_2405991/src/products/hls/hls_lib/src/hls/utils/x_hls_utils.h:310->/wrk/2018.3/continuous/2018_12_06_2405991/src/products/hls/hls_lib/src/hls/utils/x_hls_utils.h:319->/wrk/2018.3/continuous/2018_12_06_2405991/src/products/hls/hls_lib/hlsmath/include/FloatingPoint/hls_case_IEEE754.h:12->/wrk/2018.3/continuous/2018_12_06_2405991/src/products/hls/hls_lib/hlsmath/include/FloatingPoint/hls_case_IEEE754.h:116->/wrk/2018.3/continuous/2018_12_06_2405991/src/products/hls/hls_lib/hlsmath/src/lib_floatconversion.cpp:50]   --->   Operation 3 'bitcast' 'p_Val2_s' <Predicate = true> <Delay = 0.00>
ST_1 : Operation 4 [1/1] (0.00ns)   --->   "%p_Result_s = call i1 @_ssdm_op_BitSelect.i1.i32.i32(i32 %p_Val2_s, i32 31)" [/wrk/2018.3/continuous/2018_12_06_2405991/src/products/hls/hls_lib/src/hls/utils/x_hls_utils.h:310->/wrk/2018.3/continuous/2018_12_06_2405991/src/products/hls/hls_lib/src/hls/utils/x_hls_utils.h:319->/wrk/2018.3/continuous/2018_12_06_2405991/src/products/hls/hls_lib/hlsmath/include/FloatingPoint/hls_case_IEEE754.h:12->/wrk/2018.3/continuous/2018_12_06_2405991/src/products/hls/hls_lib/hlsmath/include/FloatingPoint/hls_case_IEEE754.h:116->/wrk/2018.3/continuous/2018_12_06_2405991/src/products/hls/hls_lib/hlsmath/src/lib_floatconversion.cpp:50]   --->   Operation 4 'bitselect' 'p_Result_s' <Predicate = true> <Delay = 0.00>
ST_1 : Operation 5 [1/1] (0.00ns)   --->   "%tmp_V = call i8 @_ssdm_op_PartSelect.i8.i32.i32.i32(i32 %p_Val2_s, i32 23, i32 30) nounwind" [/wrk/2018.3/continuous/2018_12_06_2405991/src/products/hls/hls_lib/src/hls/utils/x_hls_utils.h:317->/wrk/2018.3/continuous/2018_12_06_2405991/src/products/hls/hls_lib/src/hls/utils/x_hls_utils.h:319->/wrk/2018.3/continuous/2018_12_06_2405991/src/products/hls/hls_lib/hlsmath/include/FloatingPoint/hls_case_IEEE754.h:12->/wrk/2018.3/continuous/2018_12_06_2405991/src/products/hls/hls_lib/hlsmath/include/FloatingPoint/hls_case_IEEE754.h:116->/wrk/2018.3/continuous/2018_12_06_2405991/src/products/hls/hls_lib/hlsmath/src/lib_floatconversion.cpp:50]   --->   Operation 5 'partselect' 'tmp_V' <Predicate = true> <Delay = 0.00>
ST_1 : Operation 6 [1/1] (0.00ns)   --->   "%tmp_V_38 = trunc i32 %p_Val2_s to i23" [/wrk/2018.3/continuous/2018_12_06_2405991/src/products/hls/hls_lib/src/hls/utils/x_hls_utils.h:318->/wrk/2018.3/continuous/2018_12_06_2405991/src/products/hls/hls_lib/src/hls/utils/x_hls_utils.h:319->/wrk/2018.3/continuous/2018_12_06_2405991/src/products/hls/hls_lib/hlsmath/include/FloatingPoint/hls_case_IEEE754.h:12->/wrk/2018.3/continuous/2018_12_06_2405991/src/products/hls/hls_lib/hlsmath/include/FloatingPoint/hls_case_IEEE754.h:116->/wrk/2018.3/continuous/2018_12_06_2405991/src/products/hls/hls_lib/hlsmath/src/lib_floatconversion.cpp:50]   --->   Operation 6 'trunc' 'tmp_V_38' <Predicate = true> <Delay = 0.00>
ST_1 : Operation 7 [1/1] (0.00ns)   --->   "%mantissa_V = call i25 @_ssdm_op_BitConcatenate.i25.i1.i23.i1(i1 true, i23 %tmp_V_38, i1 false)" [/wrk/2018.3/continuous/2018_12_06_2405991/src/products/hls/hls_lib/hlsmath/include/FloatingPoint/hls_case_IEEE754.h:14->/wrk/2018.3/continuous/2018_12_06_2405991/src/products/hls/hls_lib/hlsmath/include/FloatingPoint/hls_case_IEEE754.h:116->/wrk/2018.3/continuous/2018_12_06_2405991/src/products/hls/hls_lib/hlsmath/src/lib_floatconversion.cpp:50]   --->   Operation 7 'bitconcatenate' 'mantissa_V' <Predicate = true> <Delay = 0.00>
ST_1 : Operation 8 [1/1] (0.00ns) (grouped into LUT with out node p_Val2_31)   --->   "%mantissa_V_2_cast2 = zext i25 %mantissa_V to i79" [/wrk/2018.3/continuous/2018_12_06_2405991/src/products/hls/hls_lib/hlsmath/include/FloatingPoint/hls_case_IEEE754.h:14->/wrk/2018.3/continuous/2018_12_06_2405991/src/products/hls/hls_lib/hlsmath/include/FloatingPoint/hls_case_IEEE754.h:116->/wrk/2018.3/continuous/2018_12_06_2405991/src/products/hls/hls_lib/hlsmath/src/lib_floatconversion.cpp:50]   --->   Operation 8 'zext' 'mantissa_V_2_cast2' <Predicate = (!isNeg)> <Delay = 0.00>
ST_1 : Operation 9 [1/1] (0.00ns)   --->   "%tmp_i_i_i_cast1 = zext i8 %tmp_V to i9" [/wrk/2018.3/continuous/2018_12_06_2405991/src/products/hls/hls_lib/src/hls/utils/x_hls_utils.h:339->/wrk/2018.3/continuous/2018_12_06_2405991/src/products/hls/hls_lib/hlsmath/include/FloatingPoint/hls_case_IEEE754.h:17->/wrk/2018.3/continuous/2018_12_06_2405991/src/products/hls/hls_lib/hlsmath/include/FloatingPoint/hls_case_IEEE754.h:116->/wrk/2018.3/continuous/2018_12_06_2405991/src/products/hls/hls_lib/hlsmath/src/lib_floatconversion.cpp:50]   --->   Operation 9 'zext' 'tmp_i_i_i_cast1' <Predicate = true> <Delay = 0.00>
ST_1 : Operation 10 [1/1] (0.76ns)   --->   "%sh_assign = add i9 -127, %tmp_i_i_i_cast1" [/wrk/2018.3/continuous/2018_12_06_2405991/src/products/hls/hls_lib/src/hls/utils/x_hls_utils.h:339->/wrk/2018.3/continuous/2018_12_06_2405991/src/products/hls/hls_lib/hlsmath/include/FloatingPoint/hls_case_IEEE754.h:17->/wrk/2018.3/continuous/2018_12_06_2405991/src/products/hls/hls_lib/hlsmath/include/FloatingPoint/hls_case_IEEE754.h:116->/wrk/2018.3/continuous/2018_12_06_2405991/src/products/hls/hls_lib/hlsmath/src/lib_floatconversion.cpp:50]   --->   Operation 10 'add' 'sh_assign' <Predicate = true> <Delay = 0.76> <Core = "AddSub">   --->   Core 14 'AddSub' <Latency = 0> <II = 1> <Delay = 1.01> <FuncUnit> <Opcode : 'add' 'sub'> <InPorts = 2> <OutPorts = 1>
ST_1 : Operation 11 [1/1] (0.00ns)   --->   "%isNeg = call i1 @_ssdm_op_BitSelect.i1.i9.i32(i9 %sh_assign, i32 8)" [/wrk/2018.3/continuous/2018_12_06_2405991/src/products/hls/hls_lib/hlsmath/include/FloatingPoint/hls_case_IEEE754.h:17->/wrk/2018.3/continuous/2018_12_06_2405991/src/products/hls/hls_lib/hlsmath/include/FloatingPoint/hls_case_IEEE754.h:116->/wrk/2018.3/continuous/2018_12_06_2405991/src/products/hls/hls_lib/hlsmath/src/lib_floatconversion.cpp:50]   --->   Operation 11 'bitselect' 'isNeg' <Predicate = true> <Delay = 0.00>
ST_1 : Operation 12 [1/1] (0.76ns)   --->   "%tmp_i_i = sub i8 127, %tmp_V" [/wrk/2018.3/continuous/2018_12_06_2405991/src/products/hls/hls_lib/hlsmath/include/FloatingPoint/hls_case_IEEE754.h:17->/wrk/2018.3/continuous/2018_12_06_2405991/src/products/hls/hls_lib/hlsmath/include/FloatingPoint/hls_case_IEEE754.h:116->/wrk/2018.3/continuous/2018_12_06_2405991/src/products/hls/hls_lib/hlsmath/src/lib_floatconversion.cpp:50]   --->   Operation 12 'sub' 'tmp_i_i' <Predicate = (isNeg)> <Delay = 0.76> <Core = "AddSub">   --->   Core 14 'AddSub' <Latency = 0> <II = 1> <Delay = 1.01> <FuncUnit> <Opcode : 'add' 'sub'> <InPorts = 2> <OutPorts = 1>
ST_1 : Operation 13 [1/1] (0.00ns)   --->   "%tmp_i_i_cast = sext i8 %tmp_i_i to i9" [/wrk/2018.3/continuous/2018_12_06_2405991/src/products/hls/hls_lib/hlsmath/include/FloatingPoint/hls_case_IEEE754.h:17->/wrk/2018.3/continuous/2018_12_06_2405991/src/products/hls/hls_lib/hlsmath/include/FloatingPoint/hls_case_IEEE754.h:116->/wrk/2018.3/continuous/2018_12_06_2405991/src/products/hls/hls_lib/hlsmath/src/lib_floatconversion.cpp:50]   --->   Operation 13 'sext' 'tmp_i_i_cast' <Predicate = (isNeg)> <Delay = 0.00>
ST_1 : Operation 14 [1/1] (0.39ns)   --->   "%ush = select i1 %isNeg, i9 %tmp_i_i_cast, i9 %sh_assign" [/wrk/2018.3/continuous/2018_12_06_2405991/src/products/hls/hls_lib/hlsmath/include/FloatingPoint/hls_case_IEEE754.h:17->/wrk/2018.3/continuous/2018_12_06_2405991/src/products/hls/hls_lib/hlsmath/include/FloatingPoint/hls_case_IEEE754.h:116->/wrk/2018.3/continuous/2018_12_06_2405991/src/products/hls/hls_lib/hlsmath/src/lib_floatconversion.cpp:50]   --->   Operation 14 'select' 'ush' <Predicate = true> <Delay = 0.39> <Core = "Sel">   --->   Core 26 'Sel' <Latency = 0> <II = 1> <Delay = 0.44> <FuncUnit> <Opcode : 'select'> <InPorts = 3> <OutPorts = 1>
ST_1 : Operation 15 [1/1] (0.00ns) (grouped into LUT with out node p_Val2_31)   --->   "%sh_assign_4_cast = sext i9 %ush to i32" [/wrk/2018.3/continuous/2018_12_06_2405991/src/products/hls/hls_lib/hlsmath/include/FloatingPoint/hls_case_IEEE754.h:17->/wrk/2018.3/continuous/2018_12_06_2405991/src/products/hls/hls_lib/hlsmath/include/FloatingPoint/hls_case_IEEE754.h:116->/wrk/2018.3/continuous/2018_12_06_2405991/src/products/hls/hls_lib/hlsmath/src/lib_floatconversion.cpp:50]   --->   Operation 15 'sext' 'sh_assign_4_cast' <Predicate = (!isNeg)> <Delay = 0.00>
ST_1 : Operation 16 [1/1] (0.00ns) (grouped into LUT with out node p_Val2_31)   --->   "%sh_assign_4_cast_cas = sext i9 %ush to i25" [/wrk/2018.3/continuous/2018_12_06_2405991/src/products/hls/hls_lib/hlsmath/include/FloatingPoint/hls_case_IEEE754.h:17->/wrk/2018.3/continuous/2018_12_06_2405991/src/products/hls/hls_lib/hlsmath/include/FloatingPoint/hls_case_IEEE754.h:116->/wrk/2018.3/continuous/2018_12_06_2405991/src/products/hls/hls_lib/hlsmath/src/lib_floatconversion.cpp:50]   --->   Operation 16 'sext' 'sh_assign_4_cast_cas' <Predicate = (isNeg)> <Delay = 0.00>
ST_1 : Operation 17 [1/1] (0.00ns) (grouped into LUT with out node p_Val2_31)   --->   "%tmp_i_i_1182 = zext i32 %sh_assign_4_cast to i79" [/wrk/2018.3/continuous/2018_12_06_2405991/src/products/hls/hls_lib/hlsmath/include/FloatingPoint/hls_case_IEEE754.h:17->/wrk/2018.3/continuous/2018_12_06_2405991/src/products/hls/hls_lib/hlsmath/include/FloatingPoint/hls_case_IEEE754.h:116->/wrk/2018.3/continuous/2018_12_06_2405991/src/products/hls/hls_lib/hlsmath/src/lib_floatconversion.cpp:50]   --->   Operation 17 'zext' 'tmp_i_i_1182' <Predicate = (!isNeg)> <Delay = 0.00>
ST_1 : Operation 18 [1/1] (0.00ns) (grouped into LUT with out node p_Val2_31)   --->   "%r_V = lshr i25 %mantissa_V, %sh_assign_4_cast_cas" [/wrk/2018.3/continuous/2018_12_06_2405991/src/products/hls/hls_lib/hlsmath/include/FloatingPoint/hls_case_IEEE754.h:17->/wrk/2018.3/continuous/2018_12_06_2405991/src/products/hls/hls_lib/hlsmath/include/FloatingPoint/hls_case_IEEE754.h:116->/wrk/2018.3/continuous/2018_12_06_2405991/src/products/hls/hls_lib/hlsmath/src/lib_floatconversion.cpp:50]   --->   Operation 18 'lshr' 'r_V' <Predicate = (isNeg)> <Delay = 0.00> <Core = "Shift">   --->   Core 28 'Shift' <Latency = 0> <II = 1> <Delay = 1.38> <FuncUnit> <Opcode : 'shl' 'lshr' 'ashr'> <InPorts = 2> <OutPorts = 1>
ST_1 : Operation 19 [1/1] (0.00ns) (grouped into LUT with out node p_Val2_31)   --->   "%r_V_2 = shl i79 %mantissa_V_2_cast2, %tmp_i_i_1182" [/wrk/2018.3/continuous/2018_12_06_2405991/src/products/hls/hls_lib/hlsmath/include/FloatingPoint/hls_case_IEEE754.h:17->/wrk/2018.3/continuous/2018_12_06_2405991/src/products/hls/hls_lib/hlsmath/include/FloatingPoint/hls_case_IEEE754.h:116->/wrk/2018.3/continuous/2018_12_06_2405991/src/products/hls/hls_lib/hlsmath/src/lib_floatconversion.cpp:50]   --->   Operation 19 'shl' 'r_V_2' <Predicate = (!isNeg)> <Delay = 0.00> <Core = "Shift">   --->   Core 28 'Shift' <Latency = 0> <II = 1> <Delay = 1.38> <FuncUnit> <Opcode : 'shl' 'lshr' 'ashr'> <InPorts = 2> <OutPorts = 1>
ST_1 : Operation 20 [1/1] (0.00ns) (grouped into LUT with out node p_Val2_31)   --->   "%tmp = call i1 @_ssdm_op_BitSelect.i1.i25.i32(i25 %r_V, i32 24)" [/wrk/2018.3/continuous/2018_12_06_2405991/src/products/hls/hls_lib/hlsmath/include/FloatingPoint/hls_case_IEEE754.h:20->/wrk/2018.3/continuous/2018_12_06_2405991/src/products/hls/hls_lib/hlsmath/include/FloatingPoint/hls_case_IEEE754.h:116->/wrk/2018.3/continuous/2018_12_06_2405991/src/products/hls/hls_lib/hlsmath/src/lib_floatconversion.cpp:50]   --->   Operation 20 'bitselect' 'tmp' <Predicate = (isNeg)> <Delay = 0.00>
ST_1 : Operation 21 [1/1] (0.00ns) (grouped into LUT with out node p_Val2_31)   --->   "%tmp_s = zext i1 %tmp to i32" [/wrk/2018.3/continuous/2018_12_06_2405991/src/products/hls/hls_lib/hlsmath/include/FloatingPoint/hls_case_IEEE754.h:20->/wrk/2018.3/continuous/2018_12_06_2405991/src/products/hls/hls_lib/hlsmath/include/FloatingPoint/hls_case_IEEE754.h:116->/wrk/2018.3/continuous/2018_12_06_2405991/src/products/hls/hls_lib/hlsmath/src/lib_floatconversion.cpp:50]   --->   Operation 21 'zext' 'tmp_s' <Predicate = (isNeg)> <Delay = 0.00>
ST_1 : Operation 22 [1/1] (0.00ns) (grouped into LUT with out node p_Val2_31)   --->   "%tmp_1434 = call i32 @_ssdm_op_PartSelect.i32.i79.i32.i32(i79 %r_V_2, i32 24, i32 55)" [/wrk/2018.3/continuous/2018_12_06_2405991/src/products/hls/hls_lib/hlsmath/include/FloatingPoint/hls_case_IEEE754.h:20->/wrk/2018.3/continuous/2018_12_06_2405991/src/products/hls/hls_lib/hlsmath/include/FloatingPoint/hls_case_IEEE754.h:116->/wrk/2018.3/continuous/2018_12_06_2405991/src/products/hls/hls_lib/hlsmath/src/lib_floatconversion.cpp:50]   --->   Operation 22 'partselect' 'tmp_1434' <Predicate = (!isNeg)> <Delay = 0.00>
ST_1 : Operation 23 [1/1] (1.38ns) (out node of the LUT)   --->   "%p_Val2_31 = select i1 %isNeg, i32 %tmp_s, i32 %tmp_1434" [/wrk/2018.3/continuous/2018_12_06_2405991/src/products/hls/hls_lib/hlsmath/include/FloatingPoint/hls_case_IEEE754.h:17->/wrk/2018.3/continuous/2018_12_06_2405991/src/products/hls/hls_lib/hlsmath/include/FloatingPoint/hls_case_IEEE754.h:116->/wrk/2018.3/continuous/2018_12_06_2405991/src/products/hls/hls_lib/hlsmath/src/lib_floatconversion.cpp:50]   --->   Operation 23 'select' 'p_Val2_31' <Predicate = true> <Delay = 1.38> <Core = "Sel">   --->   Core 26 'Sel' <Latency = 0> <II = 1> <Delay = 0.44> <FuncUnit> <Opcode : 'select'> <InPorts = 3> <OutPorts = 1>
ST_1 : Operation 24 [1/1] (1.01ns)   --->   "%result_V_1 = sub i32 0, %p_Val2_31" [/wrk/2018.3/continuous/2018_12_06_2405991/src/products/hls/hls_lib/hlsmath/include/FloatingPoint/hls_case_IEEE754.h:58->/wrk/2018.3/continuous/2018_12_06_2405991/src/products/hls/hls_lib/hlsmath/include/FloatingPoint/hls_case_IEEE754.h:116->/wrk/2018.3/continuous/2018_12_06_2405991/src/products/hls/hls_lib/hlsmath/src/lib_floatconversion.cpp:50]   --->   Operation 24 'sub' 'result_V_1' <Predicate = (p_Result_s)> <Delay = 1.01> <Core = "AddSub">   --->   Core 14 'AddSub' <Latency = 0> <II = 1> <Delay = 1.01> <FuncUnit> <Opcode : 'add' 'sub'> <InPorts = 2> <OutPorts = 1>
ST_1 : Operation 25 [1/1] (0.44ns)   --->   "%p_Val2_32 = select i1 %p_Result_s, i32 %result_V_1, i32 %p_Val2_31" [/wrk/2018.3/continuous/2018_12_06_2405991/src/products/hls/hls_lib/hlsmath/include/FloatingPoint/hls_case_IEEE754.h:58->/wrk/2018.3/continuous/2018_12_06_2405991/src/products/hls/hls_lib/hlsmath/include/FloatingPoint/hls_case_IEEE754.h:116->/wrk/2018.3/continuous/2018_12_06_2405991/src/products/hls/hls_lib/hlsmath/src/lib_floatconversion.cpp:50]   --->   Operation 25 'select' 'p_Val2_32' <Predicate = true> <Delay = 0.44> <Core = "Sel">   --->   Core 26 'Sel' <Latency = 0> <II = 1> <Delay = 0.44> <FuncUnit> <Opcode : 'select'> <InPorts = 3> <OutPorts = 1>
ST_1 : Operation 26 [1/1] (0.00ns)   --->   "ret i32 %p_Val2_32" [/wrk/2018.3/continuous/2018_12_06_2405991/src/products/hls/hls_lib/hlsmath/src/lib_floatconversion.cpp:50]   --->   Operation 26 'ret' <Predicate = true> <Delay = 0.00>


============================================================
+ Verbose Summary: Timing violations
============================================================
Target clock period: 5ns, clock uncertainty: 0.625ns.

 <State 1>: 4.02ns
The critical path consists of the following:
	wire read on port 'x' (/wrk/2018.3/continuous/2018_12_06_2405991/src/products/hls/hls_lib/hlsmath/src/lib_floatconversion.cpp:50) [2]  (0 ns)
	'add' operation ('sh', /wrk/2018.3/continuous/2018_12_06_2405991/src/products/hls/hls_lib/src/hls/utils/x_hls_utils.h:339->/wrk/2018.3/continuous/2018_12_06_2405991/src/products/hls/hls_lib/hlsmath/include/FloatingPoint/hls_case_IEEE754.h:17->/wrk/2018.3/continuous/2018_12_06_2405991/src/products/hls/hls_lib/hlsmath/include/FloatingPoint/hls_case_IEEE754.h:116->/wrk/2018.3/continuous/2018_12_06_2405991/src/products/hls/hls_lib/hlsmath/src/lib_floatconversion.cpp:50) [10]  (0.765 ns)
	'select' operation ('sh', /wrk/2018.3/continuous/2018_12_06_2405991/src/products/hls/hls_lib/hlsmath/include/FloatingPoint/hls_case_IEEE754.h:17->/wrk/2018.3/continuous/2018_12_06_2405991/src/products/hls/hls_lib/hlsmath/include/FloatingPoint/hls_case_IEEE754.h:116->/wrk/2018.3/continuous/2018_12_06_2405991/src/products/hls/hls_lib/hlsmath/src/lib_floatconversion.cpp:50) [14]  (0.398 ns)
	'shl' operation ('r.V', /wrk/2018.3/continuous/2018_12_06_2405991/src/products/hls/hls_lib/hlsmath/include/FloatingPoint/hls_case_IEEE754.h:17->/wrk/2018.3/continuous/2018_12_06_2405991/src/products/hls/hls_lib/hlsmath/include/FloatingPoint/hls_case_IEEE754.h:116->/wrk/2018.3/continuous/2018_12_06_2405991/src/products/hls/hls_lib/hlsmath/src/lib_floatconversion.cpp:50) [19]  (0 ns)
	'select' operation ('__Val2__', /wrk/2018.3/continuous/2018_12_06_2405991/src/products/hls/hls_lib/hlsmath/include/FloatingPoint/hls_case_IEEE754.h:17->/wrk/2018.3/continuous/2018_12_06_2405991/src/products/hls/hls_lib/hlsmath/include/FloatingPoint/hls_case_IEEE754.h:116->/wrk/2018.3/continuous/2018_12_06_2405991/src/products/hls/hls_lib/hlsmath/src/lib_floatconversion.cpp:50) [23]  (1.39 ns)
	'sub' operation ('result.V', /wrk/2018.3/continuous/2018_12_06_2405991/src/products/hls/hls_lib/hlsmath/include/FloatingPoint/hls_case_IEEE754.h:58->/wrk/2018.3/continuous/2018_12_06_2405991/src/products/hls/hls_lib/hlsmath/include/FloatingPoint/hls_case_IEEE754.h:116->/wrk/2018.3/continuous/2018_12_06_2405991/src/products/hls/hls_lib/hlsmath/src/lib_floatconversion.cpp:50) [24]  (1.02 ns)
	'select' operation ('__Val2__', /wrk/2018.3/continuous/2018_12_06_2405991/src/products/hls/hls_lib/hlsmath/include/FloatingPoint/hls_case_IEEE754.h:58->/wrk/2018.3/continuous/2018_12_06_2405991/src/products/hls/hls_lib/hlsmath/include/FloatingPoint/hls_case_IEEE754.h:116->/wrk/2018.3/continuous/2018_12_06_2405991/src/products/hls/hls_lib/hlsmath/src/lib_floatconversion.cpp:50) [25]  (0.449 ns)


============================================================
+ Verbose Summary: Binding
============================================================
N/A
* FSMD analyzer results:
  - Output states:
 - Input state : 
  - Chain level:
	State 1


============================================================
+ Verbose Summary: Datapath Resource usage 
============================================================
N/A
