14:22:14 **** Build of configuration Debug for project batch_align2d_porting ****
make all 
Building file: ../src/align2d.c
Invoking: GCC C Compiler
gcc -O0 -g3 -Wall -c -fmessage-length=0 -MMD -MP -MF"src/align2d.d" -MT"src/align2d.d" -o "src/align2d.o" "../src/align2d.c"
In file included from ../src/align2d.c:2:0:
../src/align2d.h:11:10: fatal error: datatypes.h: No such file or directory
src/subdir.mk:24: recipe for target 'src/align2d.o' failed
 #include "datatypes.h"
          ^~~~~~~~~~~~~
compilation terminated.
make: *** [src/align2d.o] Error 1
14:22:25 **** Incremental Build of configuration Debug for project batch_align2d_porting ****
make all 
Building file: ../src/align2d.c
Invoking: GCC C Compiler
gcc -O0 -g3 -Wall -c -fmessage-length=0 -MMD -MP -MF"src/align2d.d" -MT"src/align2d.d" -o "src/align2d.o" "../src/align2d.c"
In file included from ../src/align2d.h:11:0,
                 from ../src/align2d.c:2:
../src/datatypes.h:31:2: warning: variably modified ‘data’ at file scope
  uint8_t data[PYR_SIZE];
  ^~~~~~~
../src/align2d.c: In function ‘batch_align2D’:
../src/align2d.c:105:7: warning: unused variable ‘cur_img_rows’ [-Wunused-variable]
   int cur_img_rows = pyr.rows / (1 << levels[k]);
       ^~~~~~~~~~~~
../src/align2d.c:104:7: warning: unused variable ‘cur_img_cols’ [-Wunused-variable]
   int cur_img_cols = pyr.cols / (1 << levels[k]);
       ^~~~~~~~~~~~
../src/align2d.c:103:12: warning: unused variable ‘cur_img’ [-Wunused-variable]
   uint8_t* cur_img = pyr.data + offset;
            ^~~~~~~
../src/align2d.c:60:12: warning: unused variable ‘halfpatch_size_’ [-Wunused-variable]
  const int halfpatch_size_ = 4;
            ^~~~~~~~~~~~~~~
Finished building: ../src/align2d.c
 
Building file: ../src/main.c
Invoking: GCC C Compiler
gcc -O0 -g3 -Wall -c -fmessage-length=0 -MMD -MP -MF"src/main.d" -MT"src/main.d" -o "src/main.o" "../src/main.c"
In file included from ../src/align2d.h:11:0,
                 from ../src/main.c:16:
../src/datatypes.h:31:2: warning: variably modified ‘data’ at file scope
  uint8_t data[PYR_SIZE];
  ^~~~~~~
../src/main.c: In function ‘main’:
../src/main.c:43:24: warning: format ‘%d’ expects argument of type ‘int’, but argument 2 has type ‘long unsigned int’ [-Wformat=]
  printf("Test size is %d\n", sizeof(Test));
                       ~^
                       %ld
../src/main.c:44:25: warning: format ‘%d’ expects argument of type ‘int’, but argument 2 has type ‘long unsigned int’ [-Wformat=]
  printf("Batch size is %d\n", sizeof(Batch));
                        ~^
                        %ld
../src/main.c:45:17: warning: format ‘%x’ expects argument of type ‘unsigned int’, but argument 2 has type ‘uint8_t (*)[64] {aka unsigned char (*)[64]}’ [-Wformat=]
  printf("Patch %x %x %x\n", b, &b[0], &b[1]);
                ~^           ~
../src/main.c:45:20: warning: format ‘%x’ expects argument of type ‘unsigned int’, but argument 3 has type ‘uint8_t (*)[64] {aka unsigned char (*)[64]}’ [-Wformat=]
  printf("Patch %x %x %x\n", b, &b[0], &b[1]);
                   ~^           ~~~~~
../src/main.c:45:23: warning: format ‘%x’ expects argument of type ‘unsigned int’, but argument 4 has type ‘uint8_t (*)[64] {aka unsigned char (*)[64]}’ [-Wformat=]
  printf("Patch %x %x %x\n", b, &b[0], &b[1]);
                      ~^               ~~~~~
../src/main.c:50:6: warning: unused variable ‘offset’ [-Wunused-variable]
  int offset = 0;
      ^~~~~~
../src/main.c:49:8: warning: unused variable ‘im’ [-Wunused-variable]
  Image im;
        ^~
../src/main.c:32:7: warning: unused variable ‘buff’ [-Wunused-variable]
  char buff[32];
       ^~~~
Finished building: ../src/main.c
 
Building file: ../src/utils.c
Invoking: GCC C Compiler
gcc -O0 -g3 -Wall -c -fmessage-length=0 -MMD -MP -MF"src/utils.d" -MT"src/utils.d" -o "src/utils.o" "../src/utils.c"
In file included from ../src/utils.h:11:0,
                 from ../src/utils.c:2:
../src/datatypes.h:31:2: warning: variably modified ‘data’ at file scope
  uint8_t data[PYR_SIZE];
  ^~~~~~~
Finished building: ../src/utils.c
 
Building target: batch_align2d_porting
Invoking: GCC C Linker
gcc  -o "batch_align2d_porting"  ./src/align2d.o ./src/main.o ./src/utils.o   
Finished building target: batch_align2d_porting
 
14:22:42 **** Incremental Build of configuration Debug for project batch_align2d_porting ****
make all 
make: Nothing to be done for 'all'.
14:25:59 **** Incremental Build of configuration Debug for project batch_align2d_porting ****
make all 
Building file: ../src/main.c
Invoking: GCC C Compiler
gcc -O0 -g3 -Wall -c -fmessage-length=0 -MMD -MP -MF"src/main.d" -MT"src/main.d" -o "src/main.o" "../src/main.c"
In file included from ../src/align2d.h:11:0,
                 from ../src/main.c:16:
../src/datatypes.h:31:2: warning: variably modified ‘data’ at file scope
  uint8_t data[PYR_SIZE];
  ^~~~~~~
../src/main.c: In function ‘main’:
../src/main.c:22:7: warning: unused variable ‘buff’ [-Wunused-variable]
  char buff[32];
       ^~~~
Finished building: ../src/main.c
 
Building target: batch_align2d_porting
Invoking: GCC C Linker
gcc  -o "batch_align2d_porting"  ./src/align2d.o ./src/main.o ./src/utils.o   
Finished building target: batch_align2d_porting
 
