Copyright 1986-2018 Xilinx, Inc. All Rights Reserved.
----------------------------------------------------------------------------------------------------------------------------------------------------------------------
| Tool Version     : Vivado v.2018.3 (lin64) Build 2405991 Thu Dec  6 23:36:41 MST 2018
| Date             : Sat Jan  4 21:25:49 2020
| Host             : compute.eees.dei.unibo.it running 64-bit CentOS Linux release 7.6.1810 (Core)
| Command          : report_power -file design_1_wrapper_power_routed.rpt -pb design_1_wrapper_power_summary_routed.pb -rpx design_1_wrapper_power_routed.rpx
| Design           : design_1_wrapper
| Device           : xczu9eg-ffvb1156-2-e
| Design State     : routed
| Grade            : extended
| Process          : typical
| Characterization : Production
----------------------------------------------------------------------------------------------------------------------------------------------------------------------

Power Report

Table of Contents
-----------------
1. Summary
1.1 On-Chip Components
1.2 Power Supply Summary
1.3 Confidence Level
2. Settings
2.1 Environment
2.2 Clock Constraints
3. Detailed Reports
3.1 By Hierarchy

1. Summary
----------

+--------------------------+--------------+
| Total On-Chip Power (W)  | 4.448        |
| Design Power Budget (W)  | Unspecified* |
| Power Budget Margin (W)  | NA           |
| Dynamic (W)              | 3.720        |
| Device Static (W)        | 0.728        |
| Effective TJA (C/W)      | 1.0          |
| Max Ambient (C)          | 95.7         |
| Junction Temperature (C) | 29.3         |
| Confidence Level         | Medium       |
| Setting File             | ---          |
| Simulation Activity File | ---          |
| Design Nets Matched      | NA           |
+--------------------------+--------------+
* Specify Design Power Budget using, set_operating_conditions -design_power_budget <value in Watts>


1.1 On-Chip Components
----------------------

+--------------------------+-----------+----------+-----------+-----------------+
| On-Chip                  | Power (W) | Used     | Available | Utilization (%) |
+--------------------------+-----------+----------+-----------+-----------------+
| Clocks                   |     0.168 |        3 |       --- |             --- |
| CLB Logic                |     0.305 |   152075 |       --- |             --- |
|   LUT as Logic           |     0.216 |    57697 |    274080 |           21.05 |
|   LUT as Distributed RAM |     0.061 |     2364 |    144000 |            1.64 |
|   Register               |     0.014 |    76316 |    548160 |           13.92 |
|   LUT as Shift Register  |     0.006 |      570 |    144000 |            0.40 |
|   CARRY8                 |     0.006 |     1027 |     34260 |            3.00 |
|   Others                 |     0.000 |     3575 |       --- |             --- |
|   F7/F8 Muxes            |     0.000 |     1936 |    274080 |            0.71 |
|   BUFG                   |     0.000 |        1 |        32 |            3.13 |
| Signals                  |     0.427 |   125034 |       --- |             --- |
| Block RAM                |     0.022 |        7 |       912 |            0.77 |
| DSPs                     |     0.025 |       71 |      2520 |            2.82 |
| PS8                      |     2.774 |        1 |       --- |             --- |
| Static Power             |     0.728 |          |           |                 |
|   PS Static              |     0.099 |          |           |                 |
|   PL Static              |     0.629 |          |           |                 |
| Total                    |     4.448 |          |           |                 |
+--------------------------+-----------+----------+-----------+-----------------+


1.2 Power Supply Summary
------------------------

+-----------------+-------------+-----------+-------------+------------+
| Source          | Voltage (V) | Total (A) | Dynamic (A) | Static (A) |
+-----------------+-------------+-----------+-------------+------------+
| Vccint          |       0.850 |     1.318 |       1.111 |      0.207 |
| Vccint_io       |       0.850 |     0.036 |       0.000 |      0.036 |
| Vccbram         |       0.850 |     0.006 |       0.003 |      0.003 |
| Vccaux          |       1.800 |     0.193 |       0.000 |      0.193 |
| Vccaux_io       |       1.800 |     0.033 |       0.000 |      0.033 |
| Vcco33          |       3.300 |     0.000 |       0.000 |      0.000 |
| Vcco25          |       2.500 |     0.000 |       0.000 |      0.000 |
| Vcco18          |       1.800 |     0.000 |       0.000 |      0.000 |
| Vcco15          |       1.500 |     0.000 |       0.000 |      0.000 |
| Vcco135         |       1.350 |     0.000 |       0.000 |      0.000 |
| Vcco12          |       1.200 |     0.000 |       0.000 |      0.000 |
| Vcco10          |       1.000 |     0.000 |       0.000 |      0.000 |
| Vccadc          |       1.800 |     0.008 |       0.000 |      0.008 |
| VCC_PSINTFP     |       0.850 |     1.113 |       1.077 |      0.036 |
| VCC_PSINTLP     |       0.850 |     0.275 |       0.268 |      0.007 |
| VPS_MGTRAVCC    |       0.850 |     0.190 |       0.189 |      0.001 |
| VCC_PSINTFP_DDR |       0.850 |     0.701 |       0.696 |      0.004 |
| VCC_PSPLL       |       1.200 |     0.073 |       0.071 |      0.002 |
| VPS_MGTRAVTT    |       1.800 |     0.034 |       0.033 |      0.001 |
| VCCO_PSDDR_504  |       1.200 |     0.626 |       0.592 |      0.034 |
| VCC_PSAUX       |       1.800 |     0.002 |       0.000 |      0.002 |
| VCC_PSBATT      |       1.200 |     0.000 |       0.000 |      0.000 |
| VCC_PSDDR_PLL   |       1.800 |     0.012 |       0.011 |      0.001 |
| VCCO_PSIO0_500  |       1.800 |     0.001 |       0.001 |      0.001 |
| VCCO_PSIO1_501  |       1.800 |     0.001 |       0.000 |      0.001 |
| VCCO_PSIO2_502  |       1.800 |     0.001 |       0.000 |      0.001 |
| VCCO_PSIO3_503  |       1.800 |     0.001 |       0.000 |      0.001 |
| VCC_PSADC       |       1.800 |     0.002 |       0.000 |      0.002 |
| MGTAVcc         |       0.900 |     0.000 |       0.000 |      0.000 |
| MGTAVtt         |       1.200 |     0.000 |       0.000 |      0.000 |
| MGTVccaux       |       1.800 |     0.000 |       0.000 |      0.000 |
+-----------------+-------------+-----------+-------------+------------+


1.3 Confidence Level
--------------------

+-----------------------------+------------+------------------------------------------------+------------------------------------------------------------------------------------------------------------+
| User Input Data             | Confidence | Details                                        | Action                                                                                                     |
+-----------------------------+------------+------------------------------------------------+------------------------------------------------------------------------------------------------------------+
| Design implementation state | High       | Design is routed                               |                                                                                                            |
| Clock nodes activity        | High       | User specified more than 95% of clocks         |                                                                                                            |
| I/O nodes activity          | High       | User specified more than 95% of inputs         |                                                                                                            |
| Internal nodes activity     | Medium     | User specified less than 25% of internal nodes | Provide missing internal nodes activity with simulation results or by editing the "By Resource Type" views |
| Device models               | High       | Device models are Production                   |                                                                                                            |
|                             |            |                                                |                                                                                                            |
| Overall confidence level    | Medium     |                                                |                                                                                                            |
+-----------------------------+------------+------------------------------------------------+------------------------------------------------------------------------------------------------------------+


2. Settings
-----------

2.1 Environment
---------------

+-----------------------+--------------------------+
| Ambient Temp (C)      | 25.0                     |
| ThetaJA (C/W)         | 1.0                      |
| Airflow (LFM)         | 250                      |
| Heat Sink             | medium (Medium Profile)  |
| ThetaSA (C/W)         | 1.5                      |
| Board Selection       | medium (10"x10")         |
| # of Board Layers     | 12to15 (12 to 15 Layers) |
| Board Temperature (C) | 25.0                     |
+-----------------------+--------------------------+


2.2 Clock Constraints
---------------------

+----------+--------------------------------------------------------+-----------------+
| Clock    | Domain                                                 | Constraint (ns) |
+----------+--------------------------------------------------------+-----------------+
| clk_pl_0 | design_1_i/zynq_ultra_ps_e_0/inst/pl_clk_unbuffered[0] |            10.0 |
+----------+--------------------------------------------------------+-----------------+


3. Detailed Reports
-------------------

3.1 By Hierarchy
----------------

+----------------------------+-----------+
| Name                       | Power (W) |
+----------------------------+-----------+
| design_1_wrapper           |     3.720 |
|   design_1_i               |     3.720 |
|     batch_align2D_region_0 |     0.802 |
|       inst                 |     0.802 |
|     ps8_0_axi_periph       |     0.014 |
|       s00_couplers         |     0.006 |
|       s01_couplers         |     0.006 |
|       xbar                 |     0.002 |
|     smartconnect_0         |     0.128 |
|       inst                 |     0.128 |
|     zynq_ultra_ps_e_0      |     2.776 |
|       inst                 |     2.776 |
+----------------------------+-----------+


