INFO: [HLS 200-10] Running '/cad/xilinx/Vivado/2018.3/bin/unwrapped/lnx64.o/vivado_hls'
INFO: [HLS 200-10] For user 'dmalvezzi' on host 'compute.eees.dei.unibo.it' (Linux_x86_64 version 3.10.0-957.21.3.el7.x86_64) on Sun Jan 05 20:40:06 CET 2020
INFO: [HLS 200-10] On os "CentOS Linux release 7.6.1810 (Core) "
INFO: [HLS 200-10] In directory '/home/dmalvezzi/batch_align2d/hls'
INFO: [HLS 200-10] Opening project '/home/dmalvezzi/batch_align2d/hls/batch_align2d_hls'.
INFO: [HLS 200-10] Opening solution '/home/dmalvezzi/batch_align2d/hls/batch_align2d_hls/solution1'.
INFO: [SYN 201-201] Setting up clock 'default' with a period of 5ns.
INFO: [SYN 201-201] Setting up clock 'default' with an uncertainty of 0.625ns.
INFO: [HLS 200-10] Setting target device to 'xczu9eg-ffvb1156-2-i'
INFO: [XFORM 203-1172] Optimizing floating point zeros and discarding its signedness.
INFO: [XFORM 203-1172] Optimizing floating point zeros and discarding its signedness.
INFO: [XFORM 203-1173] Reordering floating point operations aggressively.
INFO: [XFORM 203-1176] Optimizing floating point comparison without checking NaN.
INFO: [HLS 200-435] Setting 'config_sdx -target' configuration: config_sdx -optimization_level=none
INFO: [HLS 200-435] Setting 'config_sdx -target' configuration: set_clock_uncertainty default
INFO: [IMPL 213-8] Exporting RTL as a Vivado IP.

****** Vivado v2018.3 (64-bit)
  **** SW Build 2405991 on Thu Dec  6 23:36:41 MST 2018
  **** IP Build 2404404 on Fri Dec  7 01:43:56 MST 2018
    ** Copyright 1986-2018 Xilinx, Inc. All Rights Reserved.

source run_ippack.tcl -notrace
INFO: [IP_Flow 19-234] Refreshing IP repositories
INFO: [IP_Flow 19-1704] No user IP repositories specified
INFO: [IP_Flow 19-2313] Loaded Vivado IP repository '/cad/xilinx/Vivado/2018.3/data/ip'.
WARNING: [IP_Flow 19-4832] The IP name 'batch_align2D_region_ap_dcmp_0_no_dsp_64' you have specified is long. The Windows operating system has path length limitations. It is recommended you use shorter names to reduce the likelihood of issues.
INFO: [IP_Flow 19-1686] Generating 'Synthesis' target for IP 'batch_align2D_region_ap_dcmp_0_no_dsp_64'...
INFO: [IP_Flow 19-1686] Generating 'Simulation' target for IP 'batch_align2D_region_ap_dcmp_0_no_dsp_64'...
WARNING: [IP_Flow 19-4832] The IP name 'batch_align2D_region_ap_dmul_6_max_dsp_64' you have specified is long. The Windows operating system has path length limitations. It is recommended you use shorter names to reduce the likelihood of issues.
INFO: [IP_Flow 19-1686] Generating 'Synthesis' target for IP 'batch_align2D_region_ap_dmul_6_max_dsp_64'...
INFO: [IP_Flow 19-1686] Generating 'Simulation' target for IP 'batch_align2D_region_ap_dmul_6_max_dsp_64'...
WARNING: [IP_Flow 19-4832] The IP name 'batch_align2D_region_ap_dsub_6_full_dsp_64' you have specified is long. The Windows operating system has path length limitations. It is recommended you use shorter names to reduce the likelihood of issues.
INFO: [IP_Flow 19-1686] Generating 'Synthesis' target for IP 'batch_align2D_region_ap_dsub_6_full_dsp_64'...
INFO: [IP_Flow 19-1686] Generating 'Simulation' target for IP 'batch_align2D_region_ap_dsub_6_full_dsp_64'...
WARNING: [IP_Flow 19-4832] The IP name 'batch_align2D_region_ap_faddfsub_5_full_dsp_32' you have specified is long. The Windows operating system has path length limitations. It is recommended you use shorter names to reduce the likelihood of issues.
INFO: [IP_Flow 19-1686] Generating 'Synthesis' target for IP 'batch_align2D_region_ap_faddfsub_5_full_dsp_32'...
INFO: [IP_Flow 19-1686] Generating 'Simulation' target for IP 'batch_align2D_region_ap_faddfsub_5_full_dsp_32'...
WARNING: [IP_Flow 19-4832] The IP name 'batch_align2D_region_ap_fdiv_10_no_dsp_32' you have specified is long. The Windows operating system has path length limitations. It is recommended you use shorter names to reduce the likelihood of issues.
INFO: [IP_Flow 19-1686] Generating 'Synthesis' target for IP 'batch_align2D_region_ap_fdiv_10_no_dsp_32'...
INFO: [IP_Flow 19-1686] Generating 'Simulation' target for IP 'batch_align2D_region_ap_fdiv_10_no_dsp_32'...
WARNING: [IP_Flow 19-4832] The IP name 'batch_align2D_region_ap_fmul_2_max_dsp_32' you have specified is long. The Windows operating system has path length limitations. It is recommended you use shorter names to reduce the likelihood of issues.
INFO: [IP_Flow 19-1686] Generating 'Synthesis' target for IP 'batch_align2D_region_ap_fmul_2_max_dsp_32'...
INFO: [IP_Flow 19-1686] Generating 'Simulation' target for IP 'batch_align2D_region_ap_fmul_2_max_dsp_32'...
WARNING: [IP_Flow 19-4832] The IP name 'batch_align2D_region_ap_fpext_0_no_dsp_32' you have specified is long. The Windows operating system has path length limitations. It is recommended you use shorter names to reduce the likelihood of issues.
INFO: [IP_Flow 19-1686] Generating 'Synthesis' target for IP 'batch_align2D_region_ap_fpext_0_no_dsp_32'...
INFO: [IP_Flow 19-1686] Generating 'Simulation' target for IP 'batch_align2D_region_ap_fpext_0_no_dsp_32'...
WARNING: [IP_Flow 19-4832] The IP name 'batch_align2D_region_ap_fptrunc_0_no_dsp_64' you have specified is long. The Windows operating system has path length limitations. It is recommended you use shorter names to reduce the likelihood of issues.
INFO: [IP_Flow 19-1686] Generating 'Synthesis' target for IP 'batch_align2D_region_ap_fptrunc_0_no_dsp_64'...
INFO: [IP_Flow 19-1686] Generating 'Simulation' target for IP 'batch_align2D_region_ap_fptrunc_0_no_dsp_64'...
WARNING: [IP_Flow 19-4832] The IP name 'batch_align2D_region_ap_fsub_3_no_dsp_32' you have specified is long. The Windows operating system has path length limitations. It is recommended you use shorter names to reduce the likelihood of issues.
INFO: [IP_Flow 19-1686] Generating 'Synthesis' target for IP 'batch_align2D_region_ap_fsub_3_no_dsp_32'...
INFO: [IP_Flow 19-1686] Generating 'Simulation' target for IP 'batch_align2D_region_ap_fsub_3_no_dsp_32'...
WARNING: [IP_Flow 19-4832] The IP name 'batch_align2D_region_ap_fsub_5_full_dsp_32' you have specified is long. The Windows operating system has path length limitations. It is recommended you use shorter names to reduce the likelihood of issues.
INFO: [IP_Flow 19-1686] Generating 'Synthesis' target for IP 'batch_align2D_region_ap_fsub_5_full_dsp_32'...
INFO: [IP_Flow 19-1686] Generating 'Simulation' target for IP 'batch_align2D_region_ap_fsub_5_full_dsp_32'...
WARNING: [IP_Flow 19-4832] The IP name 'batch_align2D_region_ap_sitofp_4_no_dsp_32' you have specified is long. The Windows operating system has path length limitations. It is recommended you use shorter names to reduce the likelihood of issues.
INFO: [IP_Flow 19-1686] Generating 'Synthesis' target for IP 'batch_align2D_region_ap_sitofp_4_no_dsp_32'...
INFO: [IP_Flow 19-1686] Generating 'Simulation' target for IP 'batch_align2D_region_ap_sitofp_4_no_dsp_32'...
INFO: [IP_Flow 19-234] Refreshing IP repositories
INFO: [IP_Flow 19-1704] No user IP repositories specified
INFO: [IP_Flow 19-2313] Loaded Vivado IP repository '/cad/xilinx/Vivado/2018.3/data/ip'.
INFO: [Common 17-206] Exiting Vivado at Sun Jan  5 20:41:11 2020...
