#-----------------------------------------------------------
# Vivado v2018.3 (64-bit)
# SW Build 2405991 on Thu Dec  6 23:36:41 MST 2018
# IP Build 2404404 on Fri Dec  7 01:43:56 MST 2018
# Start of session at: Wed Oct 16 17:45:09 2019
# Process ID: 140841
# Current directory: /home/dmalvezzi/batch_align2d/hls/batch_align2d_hls/solution1/impl/ip
# Command line: vivado -notrace -mode batch -source run_ippack.tcl
# Log file: /home/dmalvezzi/batch_align2d/hls/batch_align2d_hls/solution1/impl/ip/vivado.log
# Journal file: /home/dmalvezzi/batch_align2d/hls/batch_align2d_hls/solution1/impl/ip/vivado.jou
#-----------------------------------------------------------
source run_ippack.tcl -notrace
INFO: [IP_Flow 19-234] Refreshing IP repositories
INFO: [IP_Flow 19-1704] No user IP repositories specified
INFO: [IP_Flow 19-2313] Loaded Vivado IP repository '/cad/xilinx/Vivado/2018.3/data/ip'.
WARNING: [IP_Flow 19-4832] The IP name 'batch_align2D_ap_fadd_2_full_dsp_32' you have specified is long. The Windows operating system has path length limitations. It is recommended you use shorter names to reduce the likelihood of issues.
INFO: [IP_Flow 19-1686] Generating 'Synthesis' target for IP 'batch_align2D_ap_fadd_2_full_dsp_32'...
INFO: [IP_Flow 19-1686] Generating 'Simulation' target for IP 'batch_align2D_ap_fadd_2_full_dsp_32'...
WARNING: [IP_Flow 19-4832] The IP name 'batch_align2D_ap_faddfsub_2_full_dsp_32' you have specified is long. The Windows operating system has path length limitations. It is recommended you use shorter names to reduce the likelihood of issues.
INFO: [IP_Flow 19-1686] Generating 'Synthesis' target for IP 'batch_align2D_ap_faddfsub_2_full_dsp_32'...
INFO: [IP_Flow 19-1686] Generating 'Simulation' target for IP 'batch_align2D_ap_faddfsub_2_full_dsp_32'...
WARNING: [IP_Flow 19-4832] The IP name 'batch_align2D_ap_fdiv_6_no_dsp_32' you have specified is long. The Windows operating system has path length limitations. It is recommended you use shorter names to reduce the likelihood of issues.
INFO: [IP_Flow 19-1686] Generating 'Synthesis' target for IP 'batch_align2D_ap_fdiv_6_no_dsp_32'...
INFO: [IP_Flow 19-1686] Generating 'Simulation' target for IP 'batch_align2D_ap_fdiv_6_no_dsp_32'...
WARNING: [IP_Flow 19-4832] The IP name 'batch_align2D_ap_fmul_0_max_dsp_32' you have specified is long. The Windows operating system has path length limitations. It is recommended you use shorter names to reduce the likelihood of issues.
INFO: [IP_Flow 19-1686] Generating 'Synthesis' target for IP 'batch_align2D_ap_fmul_0_max_dsp_32'...
INFO: [IP_Flow 19-1686] Generating 'Simulation' target for IP 'batch_align2D_ap_fmul_0_max_dsp_32'...
WARNING: [IP_Flow 19-4832] The IP name 'batch_align2D_ap_fsub_2_full_dsp_32' you have specified is long. The Windows operating system has path length limitations. It is recommended you use shorter names to reduce the likelihood of issues.
INFO: [IP_Flow 19-1686] Generating 'Synthesis' target for IP 'batch_align2D_ap_fsub_2_full_dsp_32'...
INFO: [IP_Flow 19-1686] Generating 'Simulation' target for IP 'batch_align2D_ap_fsub_2_full_dsp_32'...
WARNING: [IP_Flow 19-4832] The IP name 'batch_align2D_ap_sitofp_1_no_dsp_32' you have specified is long. The Windows operating system has path length limitations. It is recommended you use shorter names to reduce the likelihood of issues.
INFO: [IP_Flow 19-1686] Generating 'Synthesis' target for IP 'batch_align2D_ap_sitofp_1_no_dsp_32'...
INFO: [IP_Flow 19-1686] Generating 'Simulation' target for IP 'batch_align2D_ap_sitofp_1_no_dsp_32'...
INFO: [IP_Flow 19-234] Refreshing IP repositories
INFO: [IP_Flow 19-1704] No user IP repositories specified
INFO: [IP_Flow 19-2313] Loaded Vivado IP repository '/cad/xilinx/Vivado/2018.3/data/ip'.
INFO: [Common 17-206] Exiting Vivado at Wed Oct 16 17:45:38 2019...
