#-----------------------------------------------------------
# Webtalk v2018.3 (64-bit)
# SW Build 2405991 on Thu Dec  6 23:36:41 MST 2018
# 
# Start of session at: Tue Oct 15 22:07:25 2019
# Process ID: 92781
# Current directory: /home/dmalvezzi/batch_align2d/design/batch_align2d_design/batch_align2d_design.sdk/webtalk
# Command line: wbtcv -mode batch -source sdk_webtalk.tcl
# Log file: /home/dmalvezzi/batch_align2d/design/batch_align2d_design/batch_align2d_design.sdk/webtalk/webtalk.log
# Journal file: /home/dmalvezzi/batch_align2d/design/batch_align2d_design/batch_align2d_design.sdk/webtalk/webtalk.jou
#-----------------------------------------------------------
source sdk_webtalk.tcl
# webtalk_init -webtalk_dir /home/dmalvezzi/batch_align2d/design/batch_align2d_design/batch_align2d_design.sdk/webtalk
# webtalk_register_client -client project
# webtalk_add_data -client project -key date_generated -value "2019-10-15 22:07:24" -context "software_version_and_target_device"
# webtalk_add_data -client project -key product_version -value "SDK v2018.3" -context "software_version_and_target_device"
# webtalk_add_data -client project -key build_version -value "2018.3" -context "software_version_and_target_device"
# webtalk_add_data -client project -key os_platform -value "amd64" -context "software_version_and_target_device"
# webtalk_add_data -client project -key registration_id -value "210887764_1777536713_210696317_641" -context "software_version_and_target_device"
# webtalk_add_data -client project -key tool_flow -value "SDK" -context "software_version_and_target_device"
# webtalk_add_data -client project -key beta -value "false" -context "software_version_and_target_device"
# webtalk_add_data -client project -key route_design -value "NA" -context "software_version_and_target_device"
# webtalk_add_data -client project -key target_family -value "NA" -context "software_version_and_target_device"
# webtalk_add_data -client project -key target_device -value "NA" -context "software_version_and_target_device"
# webtalk_add_data -client project -key target_package -value "NA" -context "software_version_and_target_device"
# webtalk_add_data -client project -key target_speed -value "NA" -context "software_version_and_target_device"
# webtalk_add_data -client project -key random_id -value "vags3k2sblpf3h3bus1k6khp9m" -context "software_version_and_target_device"
# webtalk_add_data -client project -key project_id -value "2018.3_6" -context "software_version_and_target_device"
# webtalk_add_data -client project -key project_iteration -value "6" -context "software_version_and_target_device"
# webtalk_add_data -client project -key os_name -value "CentOS" -context "user_environment"
# webtalk_add_data -client project -key os_release -value "CentOS Linux release 7.6.1810 (Core)" -context "user_environment"
# webtalk_add_data -client project -key cpu_name -value "Intel(R) Xeon(R) CPU E5-2670 v3 @ 2.30GHz" -context "user_environment"
# webtalk_add_data -client project -key cpu_speed -value "2599.993 MHz" -context "user_environment"
# webtalk_add_data -client project -key total_processors -value "2" -context "user_environment"
# webtalk_add_data -client project -key system_ram -value "134.909 GB" -context "user_environment"
# webtalk_register_client -client sdk
# webtalk_add_data -client sdk -key uid -value "1571169952000" -context "sdk\\\\hardware/1571169952000"
# webtalk_add_data -client sdk -key isZynq -value "false" -context "sdk\\\\hardware/1571169952000"
# webtalk_add_data -client sdk -key isZynqMP -value "false" -context "sdk\\\\hardware/1571169952000"
# webtalk_add_data -client sdk -key Processors -value "0" -context "sdk\\\\hardware/1571169952000"
# webtalk_add_data -client sdk -key VivadoVersion -value "2018.3" -context "sdk\\\\hardware/1571169952000"
# webtalk_add_data -client sdk -key Arch -value "zynquplus" -context "sdk\\\\hardware/1571169952000"
# webtalk_add_data -client sdk -key Device -value "xczu9eg" -context "sdk\\\\hardware/1571169952000"
# webtalk_add_data -client sdk -key IsHandoff -value "true" -context "sdk\\\\hardware/1571169952000"
# webtalk_add_data -client sdk -key os -value "NA" -context "sdk\\\\hardware/1571169952000"
# webtalk_add_data -client sdk -key apptemplate -value "NA" -context "sdk\\\\hardware/1571169952000"
# webtalk_add_data -client sdk -key RecordType -value "HWCreation" -context "sdk\\\\hardware/1571169952000"
# webtalk_add_data -client sdk -key uid -value "NA" -context "sdk\\\\bsp/1571170044487"
# webtalk_add_data -client sdk -key RecordType -value "ToolUsage" -context "sdk\\\\bsp/1571170044487"
# webtalk_add_data -client sdk -key BootgenCount -value "0" -context "sdk\\\\bsp/1571170044487"
# webtalk_add_data -client sdk -key DebugCount -value "0" -context "sdk\\\\bsp/1571170044487"
# webtalk_add_data -client sdk -key PerfCount -value "0" -context "sdk\\\\bsp/1571170044487"
# webtalk_add_data -client sdk -key FlashCount -value "0" -context "sdk\\\\bsp/1571170044487"
# webtalk_add_data -client sdk -key CrossTriggCount -value "0" -context "sdk\\\\bsp/1571170044487"
# webtalk_add_data -client sdk -key QemuDebugCount -value "0" -context "sdk\\\\bsp/1571170044487"
# webtalk_transmit -clientid 3993594809 -regid "210887764_1777536713_210696317_641" -xml /home/dmalvezzi/batch_align2d/design/batch_align2d_design/batch_align2d_design.sdk/webtalk/usage_statistics_ext_sdk.xml -html /home/dmalvezzi/batch_align2d/design/batch_align2d_design/batch_align2d_design.sdk/webtalk/usage_statistics_ext_sdk.html -wdm /home/dmalvezzi/batch_align2d/design/batch_align2d_design/batch_align2d_design.sdk/webtalk/sdk_webtalk.wdm -intro "<H3>SDK Usage Report</H3><BR>"
INFO: [Common 17-186] '/home/dmalvezzi/batch_align2d/design/batch_align2d_design/batch_align2d_design.sdk/webtalk/usage_statistics_ext_sdk.xml' has been successfully sent to Xilinx on Tue Oct 15 22:07:28 2019. For additional details about this file, please refer to the WebTalk help file at /cad/xilinx/SDK/2018.3/doc/webtalk_introduction.html.
# webtalk_terminate
INFO: [Common 17-206] Exiting Webtalk at Tue Oct 15 22:07:28 2019...
