#-----------------------------------------------------------
# Webtalk v2019.1 (64-bit)
# SW Build 2552052 on Fri May 24 14:47:09 MDT 2019
# 
# Start of session at: Tue Oct  8 15:13:00 2019
# Process ID: 13437
# Current directory: /home/davide/Desktop/svo_batch_align2d/ultrascale/design/batch_align2d_design/svo_align2d_design.sdk/webtalk
# Command line: wbtcv -mode batch -source sdk_webtalk.tcl
# Log file: /home/davide/Desktop/svo_batch_align2d/ultrascale/design/batch_align2d_design/svo_align2d_design.sdk/webtalk/webtalk.log
# Journal file: /home/davide/Desktop/svo_batch_align2d/ultrascale/design/batch_align2d_design/svo_align2d_design.sdk/webtalk/webtalk.jou
#-----------------------------------------------------------
source sdk_webtalk.tcl
# webtalk_init -webtalk_dir /home/davide/Desktop/svo_batch_align2d/ultrascale/design/batch_align2d_design/svo_align2d_design.sdk/webtalk
# webtalk_register_client -client project
# webtalk_add_data -client project -key date_generated -value "2019-10-08 15:12:58" -context "software_version_and_target_device"
# webtalk_add_data -client project -key product_version -value "SDK v2019.1" -context "software_version_and_target_device"
# webtalk_add_data -client project -key build_version -value "2019.1" -context "software_version_and_target_device"
# webtalk_add_data -client project -key os_platform -value "amd64" -context "software_version_and_target_device"
# webtalk_add_data -client project -key registration_id -value "210887764_1777536713_210696275_445" -context "software_version_and_target_device"
# webtalk_add_data -client project -key tool_flow -value "SDK" -context "software_version_and_target_device"
# webtalk_add_data -client project -key beta -value "false" -context "software_version_and_target_device"
# webtalk_add_data -client project -key route_design -value "NA" -context "software_version_and_target_device"
# webtalk_add_data -client project -key target_family -value "NA" -context "software_version_and_target_device"
# webtalk_add_data -client project -key target_device -value "NA" -context "software_version_and_target_device"
# webtalk_add_data -client project -key target_package -value "NA" -context "software_version_and_target_device"
# webtalk_add_data -client project -key target_speed -value "NA" -context "software_version_and_target_device"
# webtalk_add_data -client project -key random_id -value "fmsro8t8tj05e3s9qrlsg9bqv6" -context "software_version_and_target_device"
# webtalk_add_data -client project -key project_id -value "2019.1_12" -context "software_version_and_target_device"
# webtalk_add_data -client project -key project_iteration -value "12" -context "software_version_and_target_device"
# webtalk_add_data -client project -key os_name -value "Ubuntu" -context "user_environment"
# webtalk_add_data -client project -key os_release -value "Ubuntu 18.04.2 LTS" -context "user_environment"
# webtalk_add_data -client project -key cpu_name -value "Intel(R) Core(TM) i7-3537U CPU @ 2.00GHz" -context "user_environment"
# webtalk_add_data -client project -key cpu_speed -value "993.696 MHz" -context "user_environment"
# webtalk_add_data -client project -key total_processors -value "1" -context "user_environment"
# webtalk_add_data -client project -key system_ram -value "8.242 GB" -context "user_environment"
# webtalk_register_client -client sdk
# webtalk_add_data -client sdk -key uid -value "1570540347000" -context "sdk\\\\hardware/1570540347000"
# webtalk_add_data -client sdk -key isZynq -value "false" -context "sdk\\\\hardware/1570540347000"
# webtalk_add_data -client sdk -key isZynqMP -value "true" -context "sdk\\\\hardware/1570540347000"
# webtalk_add_data -client sdk -key Processors -value "7" -context "sdk\\\\hardware/1570540347000"
# webtalk_add_data -client sdk -key VivadoVersion -value "2019.1" -context "sdk\\\\hardware/1570540347000"
# webtalk_add_data -client sdk -key Arch -value "zynquplus" -context "sdk\\\\hardware/1570540347000"
# webtalk_add_data -client sdk -key Device -value "xczu9eg" -context "sdk\\\\hardware/1570540347000"
# webtalk_add_data -client sdk -key IsHandoff -value "true" -context "sdk\\\\hardware/1570540347000"
# webtalk_add_data -client sdk -key os -value "NA" -context "sdk\\\\hardware/1570540347000"
# webtalk_add_data -client sdk -key apptemplate -value "NA" -context "sdk\\\\hardware/1570540347000"
# webtalk_add_data -client sdk -key RecordType -value "HWCreation" -context "sdk\\\\hardware/1570540347000"
# webtalk_add_data -client sdk -key uid -value "NA" -context "sdk\\\\bsp/1570540378810"
# webtalk_add_data -client sdk -key RecordType -value "ToolUsage" -context "sdk\\\\bsp/1570540378810"
# webtalk_add_data -client sdk -key BootgenCount -value "0" -context "sdk\\\\bsp/1570540378810"
# webtalk_add_data -client sdk -key DebugCount -value "0" -context "sdk\\\\bsp/1570540378810"
# webtalk_add_data -client sdk -key PerfCount -value "0" -context "sdk\\\\bsp/1570540378810"
# webtalk_add_data -client sdk -key FlashCount -value "0" -context "sdk\\\\bsp/1570540378810"
# webtalk_add_data -client sdk -key CrossTriggCount -value "0" -context "sdk\\\\bsp/1570540378810"
# webtalk_add_data -client sdk -key QemuDebugCount -value "0" -context "sdk\\\\bsp/1570540378810"
# webtalk_transmit -clientid 596626712 -regid "210887764_1777536713_210696275_445" -xml /home/davide/Desktop/svo_batch_align2d/ultrascale/design/batch_align2d_design/svo_align2d_design.sdk/webtalk/usage_statistics_ext_sdk.xml -html /home/davide/Desktop/svo_batch_align2d/ultrascale/design/batch_align2d_design/svo_align2d_design.sdk/webtalk/usage_statistics_ext_sdk.html -wdm /home/davide/Desktop/svo_batch_align2d/ultrascale/design/batch_align2d_design/svo_align2d_design.sdk/webtalk/sdk_webtalk.wdm -intro "<H3>SDK Usage Report</H3><BR>"
# webtalk_terminate
INFO: [Common 17-206] Exiting Webtalk at Tue Oct  8 15:13:00 2019...
