
*** Running vivado
    with args -log design_1_wrapper.vds -m64 -product Vivado -mode batch -messageDb vivado.pb -notrace -source design_1_wrapper.tcl


****** Vivado v2018.3 (64-bit)
  **** SW Build 2405991 on Thu Dec  6 23:36:41 MST 2018
  **** IP Build 2404404 on Fri Dec  7 01:43:56 MST 2018
    ** Copyright 1986-2018 Xilinx, Inc. All Rights Reserved.

source design_1_wrapper.tcl -notrace
INFO: [IP_Flow 19-234] Refreshing IP repositories
INFO: [IP_Flow 19-1700] Loaded user IP repository '/home/dmalvezzi/batch_align2d/hls/batch_align2d_hls/solution1/impl'.
INFO: [IP_Flow 19-2313] Loaded Vivado IP repository '/cad/xilinx/Vivado/2018.3/data/ip'.
update_ip_catalog: Time (s): cpu = 00:00:05 ; elapsed = 00:00:13 . Memory (MB): peak = 1464.375 ; gain = 0.000 ; free physical = 13899 ; free virtual = 48258
add_files: Time (s): cpu = 00:00:06 ; elapsed = 00:00:06 . Memory (MB): peak = 1464.375 ; gain = 0.000 ; free physical = 13855 ; free virtual = 48214
Command: synth_design -top design_1_wrapper -part xczu9eg-ffvb1156-2-e
Starting synth_design
Attempting to get a license for feature 'Synthesis' and/or device 'xczu9eg'
INFO: [Common 17-349] Got license for feature 'Synthesis' and/or device 'xczu9eg'
INFO: [Common 17-1540] The version limit for your license is '2019.12' and has expired for new software. A version limit expiration means that, although you may be able to continue to use the current version of tools or IP with this license, you will not be eligible for any updates or new releases.
INFO: Launching helper process for spawning children vivado processes
INFO: Helper process launched with PID 95367 
---------------------------------------------------------------------------------
Starting RTL Elaboration : Time (s): cpu = 00:00:02 ; elapsed = 00:00:04 . Memory (MB): peak = 1549.371 ; gain = 76.992 ; free physical = 13734 ; free virtual = 48093
---------------------------------------------------------------------------------
INFO: [Synth 8-6157] synthesizing module 'design_1_wrapper' [/home/dmalvezzi/batch_align2d/design/batch_align2d_design/batch_align2d_design.srcs/sources_1/bd/design_1/hdl/design_1_wrapper.v:12]
INFO: [Synth 8-6157] synthesizing module 'design_1' [/home/dmalvezzi/batch_align2d/design/batch_align2d_design/batch_align2d_design.srcs/sources_1/bd/design_1/synth/design_1.v:13]
INFO: [Synth 8-6157] synthesizing module 'design_1_batch_align2D_region_0_1' [/home/dmalvezzi/batch_align2d/design/batch_align2d_design/batch_align2d_design.runs/synth_1/.Xil/Vivado-93309-compute.eees.dei.unibo.it/realtime/design_1_batch_align2D_region_0_1_stub.v:6]
INFO: [Synth 8-6155] done synthesizing module 'design_1_batch_align2D_region_0_1' (1#1) [/home/dmalvezzi/batch_align2d/design/batch_align2d_design/batch_align2d_design.runs/synth_1/.Xil/Vivado-93309-compute.eees.dei.unibo.it/realtime/design_1_batch_align2D_region_0_1_stub.v:6]
WARNING: [Synth 8-350] instance 'batch_align2D_region_0' of module 'design_1_batch_align2D_region_0_1' requires 247 connections, but only 234 given [/home/dmalvezzi/batch_align2d/design/batch_align2d_design/batch_align2d_design.srcs/sources_1/bd/design_1/synth/design_1.v:359]
INFO: [Synth 8-6157] synthesizing module 'design_1_ps8_0_axi_periph_1' [/home/dmalvezzi/batch_align2d/design/batch_align2d_design/batch_align2d_design.srcs/sources_1/bd/design_1/synth/design_1.v:1074]
INFO: [Synth 8-6157] synthesizing module 'm00_couplers_imp_QJIMLI' [/home/dmalvezzi/batch_align2d/design/batch_align2d_design/batch_align2d_design.srcs/sources_1/bd/design_1/synth/design_1.v:1846]
INFO: [Synth 8-6155] done synthesizing module 'm00_couplers_imp_QJIMLI' (2#1) [/home/dmalvezzi/batch_align2d/design/batch_align2d_design/batch_align2d_design.srcs/sources_1/bd/design_1/synth/design_1.v:1846]
INFO: [Synth 8-6157] synthesizing module 'm01_couplers_imp_1D3SAH3' [/home/dmalvezzi/batch_align2d/design/batch_align2d_design/batch_align2d_design.srcs/sources_1/bd/design_1/synth/design_1.v:1978]
INFO: [Synth 8-6155] done synthesizing module 'm01_couplers_imp_1D3SAH3' (3#1) [/home/dmalvezzi/batch_align2d/design/batch_align2d_design/batch_align2d_design.srcs/sources_1/bd/design_1/synth/design_1.v:1978]
INFO: [Synth 8-6157] synthesizing module 's00_couplers_imp_1A7ZMW4' [/home/dmalvezzi/batch_align2d/design/batch_align2d_design/batch_align2d_design.srcs/sources_1/bd/design_1/synth/design_1.v:2110]
INFO: [Synth 8-6157] synthesizing module 'design_1_auto_ds_0' [/home/dmalvezzi/batch_align2d/design/batch_align2d_design/batch_align2d_design.runs/synth_1/.Xil/Vivado-93309-compute.eees.dei.unibo.it/realtime/design_1_auto_ds_0_stub.v:6]
INFO: [Synth 8-6155] done synthesizing module 'design_1_auto_ds_0' (4#1) [/home/dmalvezzi/batch_align2d/design/batch_align2d_design/batch_align2d_design.runs/synth_1/.Xil/Vivado-93309-compute.eees.dei.unibo.it/realtime/design_1_auto_ds_0_stub.v:6]
INFO: [Synth 8-6157] synthesizing module 'design_1_auto_pc_0' [/home/dmalvezzi/batch_align2d/design/batch_align2d_design/batch_align2d_design.runs/synth_1/.Xil/Vivado-93309-compute.eees.dei.unibo.it/realtime/design_1_auto_pc_0_stub.v:6]
INFO: [Synth 8-6155] done synthesizing module 'design_1_auto_pc_0' (5#1) [/home/dmalvezzi/batch_align2d/design/batch_align2d_design/batch_align2d_design.runs/synth_1/.Xil/Vivado-93309-compute.eees.dei.unibo.it/realtime/design_1_auto_pc_0_stub.v:6]
INFO: [Synth 8-6155] done synthesizing module 's00_couplers_imp_1A7ZMW4' (6#1) [/home/dmalvezzi/batch_align2d/design/batch_align2d_design/batch_align2d_design.srcs/sources_1/bd/design_1/synth/design_1.v:2110]
INFO: [Synth 8-6157] synthesizing module 's01_couplers_imp_KGUFR9' [/home/dmalvezzi/batch_align2d/design/batch_align2d_design/batch_align2d_design.srcs/sources_1/bd/design_1/synth/design_1.v:2520]
INFO: [Synth 8-6157] synthesizing module 'design_1_auto_ds_1' [/home/dmalvezzi/batch_align2d/design/batch_align2d_design/batch_align2d_design.runs/synth_1/.Xil/Vivado-93309-compute.eees.dei.unibo.it/realtime/design_1_auto_ds_1_stub.v:6]
INFO: [Synth 8-6155] done synthesizing module 'design_1_auto_ds_1' (7#1) [/home/dmalvezzi/batch_align2d/design/batch_align2d_design/batch_align2d_design.runs/synth_1/.Xil/Vivado-93309-compute.eees.dei.unibo.it/realtime/design_1_auto_ds_1_stub.v:6]
INFO: [Synth 8-6157] synthesizing module 'design_1_auto_pc_1' [/home/dmalvezzi/batch_align2d/design/batch_align2d_design/batch_align2d_design.runs/synth_1/.Xil/Vivado-93309-compute.eees.dei.unibo.it/realtime/design_1_auto_pc_1_stub.v:6]
INFO: [Synth 8-6155] done synthesizing module 'design_1_auto_pc_1' (8#1) [/home/dmalvezzi/batch_align2d/design/batch_align2d_design/batch_align2d_design.runs/synth_1/.Xil/Vivado-93309-compute.eees.dei.unibo.it/realtime/design_1_auto_pc_1_stub.v:6]
INFO: [Synth 8-6155] done synthesizing module 's01_couplers_imp_KGUFR9' (9#1) [/home/dmalvezzi/batch_align2d/design/batch_align2d_design/batch_align2d_design.srcs/sources_1/bd/design_1/synth/design_1.v:2520]
INFO: [Synth 8-6157] synthesizing module 'design_1_xbar_1' [/home/dmalvezzi/batch_align2d/design/batch_align2d_design/batch_align2d_design.runs/synth_1/.Xil/Vivado-93309-compute.eees.dei.unibo.it/realtime/design_1_xbar_1_stub.v:6]
INFO: [Synth 8-6155] done synthesizing module 'design_1_xbar_1' (10#1) [/home/dmalvezzi/batch_align2d/design/batch_align2d_design/batch_align2d_design.runs/synth_1/.Xil/Vivado-93309-compute.eees.dei.unibo.it/realtime/design_1_xbar_1_stub.v:6]
WARNING: [Synth 8-350] instance 'xbar' of module 'design_1_xbar_1' requires 40 connections, but only 38 given [/home/dmalvezzi/batch_align2d/design/batch_align2d_design/batch_align2d_design.srcs/sources_1/bd/design_1/synth/design_1.v:1805]
INFO: [Synth 8-6155] done synthesizing module 'design_1_ps8_0_axi_periph_1' (11#1) [/home/dmalvezzi/batch_align2d/design/batch_align2d_design/batch_align2d_design.srcs/sources_1/bd/design_1/synth/design_1.v:1074]
INFO: [Synth 8-6157] synthesizing module 'design_1_rst_ps8_0_96M_0' [/home/dmalvezzi/batch_align2d/design/batch_align2d_design/batch_align2d_design.runs/synth_1/.Xil/Vivado-93309-compute.eees.dei.unibo.it/realtime/design_1_rst_ps8_0_96M_0_stub.v:6]
INFO: [Synth 8-6155] done synthesizing module 'design_1_rst_ps8_0_96M_0' (12#1) [/home/dmalvezzi/batch_align2d/design/batch_align2d_design/batch_align2d_design.runs/synth_1/.Xil/Vivado-93309-compute.eees.dei.unibo.it/realtime/design_1_rst_ps8_0_96M_0_stub.v:6]
WARNING: [Synth 8-350] instance 'rst_ps8_0_96M' of module 'design_1_rst_ps8_0_96M_0' requires 10 connections, but only 6 given [/home/dmalvezzi/batch_align2d/design/batch_align2d_design/batch_align2d_design.srcs/sources_1/bd/design_1/synth/design_1.v:713]
INFO: [Synth 8-6157] synthesizing module 'design_1_smartconnect_0_0' [/home/dmalvezzi/batch_align2d/design/batch_align2d_design/batch_align2d_design.runs/synth_1/.Xil/Vivado-93309-compute.eees.dei.unibo.it/realtime/design_1_smartconnect_0_0_stub.v:6]
INFO: [Synth 8-6155] done synthesizing module 'design_1_smartconnect_0_0' (13#1) [/home/dmalvezzi/batch_align2d/design/batch_align2d_design/batch_align2d_design.runs/synth_1/.Xil/Vivado-93309-compute.eees.dei.unibo.it/realtime/design_1_smartconnect_0_0_stub.v:6]
INFO: [Synth 8-6157] synthesizing module 'design_1_zynq_ultra_ps_e_0_1' [/home/dmalvezzi/batch_align2d/design/batch_align2d_design/batch_align2d_design.runs/synth_1/.Xil/Vivado-93309-compute.eees.dei.unibo.it/realtime/design_1_zynq_ultra_ps_e_0_1_stub.v:6]
INFO: [Synth 8-6155] done synthesizing module 'design_1_zynq_ultra_ps_e_0_1' (14#1) [/home/dmalvezzi/batch_align2d/design/batch_align2d_design/batch_align2d_design.runs/synth_1/.Xil/Vivado-93309-compute.eees.dei.unibo.it/realtime/design_1_zynq_ultra_ps_e_0_1_stub.v:6]
WARNING: [Synth 8-350] instance 'zynq_ultra_ps_e_0' of module 'design_1_zynq_ultra_ps_e_0_1' requires 123 connections, but only 117 given [/home/dmalvezzi/batch_align2d/design/batch_align2d_design/batch_align2d_design.srcs/sources_1/bd/design_1/synth/design_1.v:954]
INFO: [Synth 8-6155] done synthesizing module 'design_1' (15#1) [/home/dmalvezzi/batch_align2d/design/batch_align2d_design/batch_align2d_design.srcs/sources_1/bd/design_1/synth/design_1.v:13]
INFO: [Synth 8-6155] done synthesizing module 'design_1_wrapper' (16#1) [/home/dmalvezzi/batch_align2d/design/batch_align2d_design/batch_align2d_design.srcs/sources_1/bd/design_1/hdl/design_1_wrapper.v:12]
WARNING: [Synth 8-3331] design s01_couplers_imp_KGUFR9 has unconnected port M_ACLK
WARNING: [Synth 8-3331] design s01_couplers_imp_KGUFR9 has unconnected port M_ARESETN
WARNING: [Synth 8-3331] design s00_couplers_imp_1A7ZMW4 has unconnected port M_ACLK
WARNING: [Synth 8-3331] design s00_couplers_imp_1A7ZMW4 has unconnected port M_ARESETN
WARNING: [Synth 8-3331] design m01_couplers_imp_1D3SAH3 has unconnected port M_ACLK
WARNING: [Synth 8-3331] design m01_couplers_imp_1D3SAH3 has unconnected port M_ARESETN
WARNING: [Synth 8-3331] design m01_couplers_imp_1D3SAH3 has unconnected port S_ACLK
WARNING: [Synth 8-3331] design m01_couplers_imp_1D3SAH3 has unconnected port S_ARESETN
WARNING: [Synth 8-3331] design m00_couplers_imp_QJIMLI has unconnected port M_ACLK
WARNING: [Synth 8-3331] design m00_couplers_imp_QJIMLI has unconnected port M_ARESETN
WARNING: [Synth 8-3331] design m00_couplers_imp_QJIMLI has unconnected port S_ACLK
WARNING: [Synth 8-3331] design m00_couplers_imp_QJIMLI has unconnected port S_ARESETN
WARNING: [Synth 8-3331] design design_1_ps8_0_axi_periph_1 has unconnected port M00_ACLK
WARNING: [Synth 8-3331] design design_1_ps8_0_axi_periph_1 has unconnected port M00_ARESETN
WARNING: [Synth 8-3331] design design_1_ps8_0_axi_periph_1 has unconnected port M01_ACLK
WARNING: [Synth 8-3331] design design_1_ps8_0_axi_periph_1 has unconnected port M01_ARESETN
WARNING: [Synth 8-3331] design design_1_ps8_0_axi_periph_1 has unconnected port S00_ACLK
WARNING: [Synth 8-3331] design design_1_ps8_0_axi_periph_1 has unconnected port S00_ARESETN
WARNING: [Synth 8-3331] design design_1_ps8_0_axi_periph_1 has unconnected port S01_ACLK
WARNING: [Synth 8-3331] design design_1_ps8_0_axi_periph_1 has unconnected port S01_ARESETN
---------------------------------------------------------------------------------
Finished RTL Elaboration : Time (s): cpu = 00:00:03 ; elapsed = 00:00:06 . Memory (MB): peak = 1596.137 ; gain = 123.758 ; free physical = 13742 ; free virtual = 48101
---------------------------------------------------------------------------------

Report Check Netlist: 
+------+------------------+-------+---------+-------+------------------+
|      |Item              |Errors |Warnings |Status |Description       |
+------+------------------+-------+---------+-------+------------------+
|1     |multi_driven_nets |      0|        0|Passed |Multi driven nets |
+------+------------------+-------+---------+-------+------------------+
---------------------------------------------------------------------------------
Start Handling Custom Attributes
---------------------------------------------------------------------------------
---------------------------------------------------------------------------------
Finished Handling Custom Attributes : Time (s): cpu = 00:00:04 ; elapsed = 00:00:06 . Memory (MB): peak = 1596.137 ; gain = 123.758 ; free physical = 13747 ; free virtual = 48106
---------------------------------------------------------------------------------
---------------------------------------------------------------------------------
Finished RTL Optimization Phase 1 : Time (s): cpu = 00:00:04 ; elapsed = 00:00:06 . Memory (MB): peak = 1596.137 ; gain = 123.758 ; free physical = 13744 ; free virtual = 48104
---------------------------------------------------------------------------------
INFO: [Device 21-403] Loading part xczu9eg-ffvb1156-2-e
INFO: [Project 1-570] Preparing netlist for logic optimization

Processing XDC Constraints
Initializing timing engine
Parsing XDC File [/home/dmalvezzi/batch_align2d/design/batch_align2d_design/batch_align2d_design.srcs/sources_1/bd/design_1/ip/design_1_zynq_ultra_ps_e_0_1/design_1_zynq_ultra_ps_e_0_1/design_1_zynq_ultra_ps_e_0_0_in_context.xdc] for cell 'design_1_i/zynq_ultra_ps_e_0'
Finished Parsing XDC File [/home/dmalvezzi/batch_align2d/design/batch_align2d_design/batch_align2d_design.srcs/sources_1/bd/design_1/ip/design_1_zynq_ultra_ps_e_0_1/design_1_zynq_ultra_ps_e_0_1/design_1_zynq_ultra_ps_e_0_0_in_context.xdc] for cell 'design_1_i/zynq_ultra_ps_e_0'
Parsing XDC File [/home/dmalvezzi/batch_align2d/design/batch_align2d_design/batch_align2d_design.srcs/sources_1/bd/design_1/ip/design_1_batch_align2D_region_0_1/design_1_batch_align2D_region_0_1/design_1_batch_align2D_region_0_1_in_context.xdc] for cell 'design_1_i/batch_align2D_region_0'
Finished Parsing XDC File [/home/dmalvezzi/batch_align2d/design/batch_align2d_design/batch_align2d_design.srcs/sources_1/bd/design_1/ip/design_1_batch_align2D_region_0_1/design_1_batch_align2D_region_0_1/design_1_batch_align2D_region_0_1_in_context.xdc] for cell 'design_1_i/batch_align2D_region_0'
Parsing XDC File [/home/dmalvezzi/batch_align2d/design/batch_align2d_design/batch_align2d_design.srcs/sources_1/bd/design_1/ip/design_1_xbar_1/design_1_xbar_1/design_1_xbar_0_in_context.xdc] for cell 'design_1_i/ps8_0_axi_periph/xbar'
Finished Parsing XDC File [/home/dmalvezzi/batch_align2d/design/batch_align2d_design/batch_align2d_design.srcs/sources_1/bd/design_1/ip/design_1_xbar_1/design_1_xbar_1/design_1_xbar_0_in_context.xdc] for cell 'design_1_i/ps8_0_axi_periph/xbar'
Parsing XDC File [/home/dmalvezzi/batch_align2d/design/batch_align2d_design/batch_align2d_design.srcs/sources_1/bd/design_1/ip/design_1_rst_ps8_0_96M_0/design_1_rst_ps8_0_96M_0/design_1_rst_ps8_0_99M_0_in_context.xdc] for cell 'design_1_i/rst_ps8_0_96M'
Finished Parsing XDC File [/home/dmalvezzi/batch_align2d/design/batch_align2d_design/batch_align2d_design.srcs/sources_1/bd/design_1/ip/design_1_rst_ps8_0_96M_0/design_1_rst_ps8_0_96M_0/design_1_rst_ps8_0_99M_0_in_context.xdc] for cell 'design_1_i/rst_ps8_0_96M'
Parsing XDC File [/home/dmalvezzi/batch_align2d/design/batch_align2d_design/batch_align2d_design.srcs/sources_1/bd/design_1/ip/design_1_smartconnect_0_0/design_1_smartconnect_0_0/design_1_smartconnect_0_0_in_context.xdc] for cell 'design_1_i/smartconnect_0'
Finished Parsing XDC File [/home/dmalvezzi/batch_align2d/design/batch_align2d_design/batch_align2d_design.srcs/sources_1/bd/design_1/ip/design_1_smartconnect_0_0/design_1_smartconnect_0_0/design_1_smartconnect_0_0_in_context.xdc] for cell 'design_1_i/smartconnect_0'
Parsing XDC File [/home/dmalvezzi/batch_align2d/design/batch_align2d_design/batch_align2d_design.srcs/sources_1/bd/design_1/ip/design_1_auto_ds_0/design_1_auto_ds_0/design_1_auto_ds_1_in_context.xdc] for cell 'design_1_i/ps8_0_axi_periph/s00_couplers/auto_ds'
Finished Parsing XDC File [/home/dmalvezzi/batch_align2d/design/batch_align2d_design/batch_align2d_design.srcs/sources_1/bd/design_1/ip/design_1_auto_ds_0/design_1_auto_ds_0/design_1_auto_ds_1_in_context.xdc] for cell 'design_1_i/ps8_0_axi_periph/s00_couplers/auto_ds'
Parsing XDC File [/home/dmalvezzi/batch_align2d/design/batch_align2d_design/batch_align2d_design.srcs/sources_1/bd/design_1/ip/design_1_auto_pc_0/design_1_auto_pc_0/design_1_auto_pc_0_in_context.xdc] for cell 'design_1_i/ps8_0_axi_periph/s00_couplers/auto_pc'
Finished Parsing XDC File [/home/dmalvezzi/batch_align2d/design/batch_align2d_design/batch_align2d_design.srcs/sources_1/bd/design_1/ip/design_1_auto_pc_0/design_1_auto_pc_0/design_1_auto_pc_0_in_context.xdc] for cell 'design_1_i/ps8_0_axi_periph/s00_couplers/auto_pc'
Parsing XDC File [/home/dmalvezzi/batch_align2d/design/batch_align2d_design/batch_align2d_design.srcs/sources_1/bd/design_1/ip/design_1_auto_ds_1/design_1_auto_ds_1/design_1_auto_ds_1_in_context.xdc] for cell 'design_1_i/ps8_0_axi_periph/s01_couplers/auto_ds'
Finished Parsing XDC File [/home/dmalvezzi/batch_align2d/design/batch_align2d_design/batch_align2d_design.srcs/sources_1/bd/design_1/ip/design_1_auto_ds_1/design_1_auto_ds_1/design_1_auto_ds_1_in_context.xdc] for cell 'design_1_i/ps8_0_axi_periph/s01_couplers/auto_ds'
Parsing XDC File [/home/dmalvezzi/batch_align2d/design/batch_align2d_design/batch_align2d_design.srcs/sources_1/bd/design_1/ip/design_1_auto_pc_1/design_1_auto_pc_1/design_1_auto_pc_0_in_context.xdc] for cell 'design_1_i/ps8_0_axi_periph/s01_couplers/auto_pc'
Finished Parsing XDC File [/home/dmalvezzi/batch_align2d/design/batch_align2d_design/batch_align2d_design.srcs/sources_1/bd/design_1/ip/design_1_auto_pc_1/design_1_auto_pc_1/design_1_auto_pc_0_in_context.xdc] for cell 'design_1_i/ps8_0_axi_periph/s01_couplers/auto_pc'
Parsing XDC File [/home/dmalvezzi/batch_align2d/design/batch_align2d_design/batch_align2d_design.runs/synth_1/dont_touch.xdc]
Finished Parsing XDC File [/home/dmalvezzi/batch_align2d/design/batch_align2d_design/batch_align2d_design.runs/synth_1/dont_touch.xdc]
Completed Processing XDC Constraints

Netlist sorting complete. Time (s): cpu = 00:00:00 ; elapsed = 00:00:00 . Memory (MB): peak = 2575.832 ; gain = 0.000 ; free physical = 13006 ; free virtual = 47368
INFO: [Project 1-111] Unisim Transformation Summary:
No Unisim elements were transformed.

Netlist sorting complete. Time (s): cpu = 00:00:00 ; elapsed = 00:00:00 . Memory (MB): peak = 2575.832 ; gain = 0.000 ; free physical = 13002 ; free virtual = 47363
Constraint Validation Runtime : Time (s): cpu = 00:00:00.04 ; elapsed = 00:00:00.02 . Memory (MB): peak = 2575.832 ; gain = 0.000 ; free physical = 13005 ; free virtual = 47367
---------------------------------------------------------------------------------
Finished Constraint Validation : Time (s): cpu = 00:00:24 ; elapsed = 00:01:06 . Memory (MB): peak = 2575.832 ; gain = 1103.453 ; free physical = 13067 ; free virtual = 47429
---------------------------------------------------------------------------------
---------------------------------------------------------------------------------
Start Loading Part and Timing Information
---------------------------------------------------------------------------------
Loading part: xczu9eg-ffvb1156-2-e
INFO: [Synth 8-6742] Reading net delay rules and data
---------------------------------------------------------------------------------
Finished Loading Part and Timing Information : Time (s): cpu = 00:00:24 ; elapsed = 00:01:06 . Memory (MB): peak = 2575.832 ; gain = 1103.453 ; free physical = 13068 ; free virtual = 47429
---------------------------------------------------------------------------------
---------------------------------------------------------------------------------
Start Applying 'set_property' XDC Constraints
---------------------------------------------------------------------------------
Applied set_property DONT_TOUCH = true for design_1_i. (constraint file  auto generated constraint, line ).
Applied set_property DONT_TOUCH = true for design_1_i/zynq_ultra_ps_e_0. (constraint file  auto generated constraint, line ).
Applied set_property DONT_TOUCH = true for design_1_i/batch_align2D_region_0. (constraint file  auto generated constraint, line ).
Applied set_property DONT_TOUCH = true for design_1_i/ps8_0_axi_periph/xbar. (constraint file  auto generated constraint, line ).
Applied set_property DONT_TOUCH = true for design_1_i/ps8_0_axi_periph. (constraint file  auto generated constraint, line ).
Applied set_property DONT_TOUCH = true for design_1_i/rst_ps8_0_96M. (constraint file  auto generated constraint, line ).
Applied set_property DONT_TOUCH = true for design_1_i/smartconnect_0. (constraint file  auto generated constraint, line ).
Applied set_property DONT_TOUCH = true for design_1_i/ps8_0_axi_periph/s00_couplers/auto_ds. (constraint file  auto generated constraint, line ).
Applied set_property DONT_TOUCH = true for design_1_i/ps8_0_axi_periph/s00_couplers/auto_pc. (constraint file  auto generated constraint, line ).
Applied set_property DONT_TOUCH = true for design_1_i/ps8_0_axi_periph/s01_couplers/auto_ds. (constraint file  auto generated constraint, line ).
Applied set_property DONT_TOUCH = true for design_1_i/ps8_0_axi_periph/s01_couplers/auto_pc. (constraint file  auto generated constraint, line ).
---------------------------------------------------------------------------------
Finished applying 'set_property' XDC Constraints : Time (s): cpu = 00:00:24 ; elapsed = 00:01:06 . Memory (MB): peak = 2575.832 ; gain = 1103.453 ; free physical = 13066 ; free virtual = 47428
---------------------------------------------------------------------------------
---------------------------------------------------------------------------------
Finished RTL Optimization Phase 2 : Time (s): cpu = 00:00:24 ; elapsed = 00:01:06 . Memory (MB): peak = 2575.832 ; gain = 1103.453 ; free physical = 13071 ; free virtual = 47434
---------------------------------------------------------------------------------

Report RTL Partitions: 
+-+--------------+------------+----------+
| |RTL Partition |Replication |Instances |
+-+--------------+------------+----------+
+-+--------------+------------+----------+
---------------------------------------------------------------------------------
Start RTL Component Statistics 
---------------------------------------------------------------------------------
Detailed RTL Component Info : 
---------------------------------------------------------------------------------
Finished RTL Component Statistics 
---------------------------------------------------------------------------------
---------------------------------------------------------------------------------
Start RTL Hierarchical Component Statistics 
---------------------------------------------------------------------------------
Hierarchical RTL Component report 
---------------------------------------------------------------------------------
Finished RTL Hierarchical Component Statistics
---------------------------------------------------------------------------------
---------------------------------------------------------------------------------
Start Part Resource Summary
---------------------------------------------------------------------------------
Part Resources:
DSPs: 2520 (col length:168)
BRAMs: 1824 (col length: RAMB18 168 RAMB36 84)
---------------------------------------------------------------------------------
Finished Part Resource Summary
---------------------------------------------------------------------------------
---------------------------------------------------------------------------------
Start Cross Boundary and Area Optimization
---------------------------------------------------------------------------------
Warning: Parallel synthesis criteria is not met 
WARNING: [Synth 8-3331] design design_1_ps8_0_axi_periph_1 has unconnected port M00_ACLK
WARNING: [Synth 8-3331] design design_1_ps8_0_axi_periph_1 has unconnected port M00_ARESETN
WARNING: [Synth 8-3331] design design_1_ps8_0_axi_periph_1 has unconnected port M01_ACLK
WARNING: [Synth 8-3331] design design_1_ps8_0_axi_periph_1 has unconnected port M01_ARESETN
WARNING: [Synth 8-3331] design design_1_ps8_0_axi_periph_1 has unconnected port S00_ACLK
WARNING: [Synth 8-3331] design design_1_ps8_0_axi_periph_1 has unconnected port S00_ARESETN
WARNING: [Synth 8-3331] design design_1_ps8_0_axi_periph_1 has unconnected port S01_ACLK
WARNING: [Synth 8-3331] design design_1_ps8_0_axi_periph_1 has unconnected port S01_ARESETN
---------------------------------------------------------------------------------
Finished Cross Boundary and Area Optimization : Time (s): cpu = 00:00:25 ; elapsed = 00:01:07 . Memory (MB): peak = 2575.832 ; gain = 1103.453 ; free physical = 13059 ; free virtual = 47423
---------------------------------------------------------------------------------

Report RTL Partitions: 
+-+--------------+------------+----------+
| |RTL Partition |Replication |Instances |
+-+--------------+------------+----------+
+-+--------------+------------+----------+
---------------------------------------------------------------------------------
Start Applying XDC Timing Constraints
---------------------------------------------------------------------------------
INFO: [Synth 8-5578] Moved timing constraint from pin 'design_1_i/zynq_ultra_ps_e_0/pl_clk0' to pin 'design_1_i/zynq_ultra_ps_e_0/bbstub_pl_clk0/O'
INFO: [Synth 8-5819] Moved 1 constraints on hierarchical pins to their respective driving/loading pins
---------------------------------------------------------------------------------
Finished Applying XDC Timing Constraints : Time (s): cpu = 00:00:58 ; elapsed = 00:03:03 . Memory (MB): peak = 2801.488 ; gain = 1329.109 ; free physical = 12422 ; free virtual = 46787
---------------------------------------------------------------------------------
---------------------------------------------------------------------------------
Start Timing Optimization
---------------------------------------------------------------------------------
---------------------------------------------------------------------------------
Finished Timing Optimization : Time (s): cpu = 00:00:59 ; elapsed = 00:03:03 . Memory (MB): peak = 2801.488 ; gain = 1329.109 ; free physical = 12425 ; free virtual = 46790
---------------------------------------------------------------------------------

Report RTL Partitions: 
+-+--------------+------------+----------+
| |RTL Partition |Replication |Instances |
+-+--------------+------------+----------+
+-+--------------+------------+----------+
---------------------------------------------------------------------------------
Start Technology Mapping
---------------------------------------------------------------------------------
---------------------------------------------------------------------------------
Finished Technology Mapping : Time (s): cpu = 00:00:59 ; elapsed = 00:03:03 . Memory (MB): peak = 2812.496 ; gain = 1340.117 ; free physical = 12418 ; free virtual = 46783
---------------------------------------------------------------------------------

Report RTL Partitions: 
+-+--------------+------------+----------+
| |RTL Partition |Replication |Instances |
+-+--------------+------------+----------+
+-+--------------+------------+----------+
---------------------------------------------------------------------------------
Start IO Insertion
---------------------------------------------------------------------------------
---------------------------------------------------------------------------------
Start Flattening Before IO Insertion
---------------------------------------------------------------------------------
---------------------------------------------------------------------------------
Finished Flattening Before IO Insertion
---------------------------------------------------------------------------------
---------------------------------------------------------------------------------
Start Final Netlist Cleanup
---------------------------------------------------------------------------------
---------------------------------------------------------------------------------
Finished Final Netlist Cleanup
---------------------------------------------------------------------------------
---------------------------------------------------------------------------------
Finished IO Insertion : Time (s): cpu = 00:00:59 ; elapsed = 00:03:04 . Memory (MB): peak = 2812.500 ; gain = 1340.121 ; free physical = 12424 ; free virtual = 46788
---------------------------------------------------------------------------------

Report Check Netlist: 
+------+------------------+-------+---------+-------+------------------+
|      |Item              |Errors |Warnings |Status |Description       |
+------+------------------+-------+---------+-------+------------------+
|1     |multi_driven_nets |      0|        0|Passed |Multi driven nets |
+------+------------------+-------+---------+-------+------------------+
---------------------------------------------------------------------------------
Start Renaming Generated Instances
---------------------------------------------------------------------------------
---------------------------------------------------------------------------------
Finished Renaming Generated Instances : Time (s): cpu = 00:00:59 ; elapsed = 00:03:04 . Memory (MB): peak = 2812.500 ; gain = 1340.121 ; free physical = 12424 ; free virtual = 46788
---------------------------------------------------------------------------------

Report RTL Partitions: 
+-+--------------+------------+----------+
| |RTL Partition |Replication |Instances |
+-+--------------+------------+----------+
+-+--------------+------------+----------+
---------------------------------------------------------------------------------
Start Rebuilding User Hierarchy
---------------------------------------------------------------------------------
---------------------------------------------------------------------------------
Finished Rebuilding User Hierarchy : Time (s): cpu = 00:00:59 ; elapsed = 00:03:04 . Memory (MB): peak = 2812.500 ; gain = 1340.121 ; free physical = 12429 ; free virtual = 46794
---------------------------------------------------------------------------------
---------------------------------------------------------------------------------
Start Renaming Generated Ports
---------------------------------------------------------------------------------
---------------------------------------------------------------------------------
Finished Renaming Generated Ports : Time (s): cpu = 00:00:59 ; elapsed = 00:03:04 . Memory (MB): peak = 2812.500 ; gain = 1340.121 ; free physical = 12427 ; free virtual = 46791
---------------------------------------------------------------------------------
---------------------------------------------------------------------------------
Start Handling Custom Attributes
---------------------------------------------------------------------------------
---------------------------------------------------------------------------------
Finished Handling Custom Attributes : Time (s): cpu = 00:00:59 ; elapsed = 00:03:04 . Memory (MB): peak = 2812.500 ; gain = 1340.121 ; free physical = 12427 ; free virtual = 46792
---------------------------------------------------------------------------------
---------------------------------------------------------------------------------
Start Renaming Generated Nets
---------------------------------------------------------------------------------
---------------------------------------------------------------------------------
Finished Renaming Generated Nets : Time (s): cpu = 00:01:00 ; elapsed = 00:03:04 . Memory (MB): peak = 2812.500 ; gain = 1340.121 ; free physical = 12421 ; free virtual = 46786
---------------------------------------------------------------------------------
---------------------------------------------------------------------------------
Start Writing Synthesis Report
---------------------------------------------------------------------------------

Report BlackBoxes: 
+------+----------------------------------+----------+
|      |BlackBox name                     |Instances |
+------+----------------------------------+----------+
|1     |design_1_xbar_1                   |         1|
|2     |design_1_auto_ds_0                |         1|
|3     |design_1_auto_pc_0                |         1|
|4     |design_1_auto_ds_1                |         1|
|5     |design_1_auto_pc_1                |         1|
|6     |design_1_batch_align2D_region_0_1 |         1|
|7     |design_1_rst_ps8_0_96M_0          |         1|
|8     |design_1_smartconnect_0_0         |         1|
|9     |design_1_zynq_ultra_ps_e_0_1      |         1|
+------+----------------------------------+----------+

Report Cell Usage: 
+------+----------------------------------+------+
|      |Cell                              |Count |
+------+----------------------------------+------+
|1     |design_1_auto_ds_0                |     1|
|2     |design_1_auto_ds_1                |     1|
|3     |design_1_auto_pc_0                |     1|
|4     |design_1_auto_pc_1                |     1|
|5     |design_1_batch_align2D_region_0_1 |     1|
|6     |design_1_rst_ps8_0_96M_0          |     1|
|7     |design_1_smartconnect_0_0         |     1|
|8     |design_1_xbar_1                   |     1|
|9     |design_1_zynq_ultra_ps_e_0_1      |     1|
+------+----------------------------------+------+

Report Instance Areas: 
+------+---------------------+----------------------------+------+
|      |Instance             |Module                      |Cells |
+------+---------------------+----------------------------+------+
|1     |top                  |                            |  3848|
|2     |  design_1_i         |design_1                    |  3848|
|3     |    ps8_0_axi_periph |design_1_ps8_0_axi_periph_1 |  1374|
|4     |      s00_couplers   |s00_couplers_imp_1A7ZMW4    |   519|
|5     |      s01_couplers   |s01_couplers_imp_KGUFR9     |   519|
+------+---------------------+----------------------------+------+
---------------------------------------------------------------------------------
Finished Writing Synthesis Report : Time (s): cpu = 00:01:00 ; elapsed = 00:03:04 . Memory (MB): peak = 2812.500 ; gain = 1340.121 ; free physical = 12425 ; free virtual = 46790
---------------------------------------------------------------------------------
Synthesis finished with 0 errors, 0 critical warnings and 8 warnings.
Synthesis Optimization Runtime : Time (s): cpu = 00:00:42 ; elapsed = 00:02:08 . Memory (MB): peak = 2812.500 ; gain = 360.426 ; free physical = 12464 ; free virtual = 46828
Synthesis Optimization Complete : Time (s): cpu = 00:01:00 ; elapsed = 00:03:04 . Memory (MB): peak = 2812.504 ; gain = 1340.121 ; free physical = 12464 ; free virtual = 46829
INFO: [Project 1-571] Translating synthesized netlist
INFO: [Project 1-570] Preparing netlist for logic optimization
INFO: [Opt 31-138] Pushed 0 inverter(s) to 0 load pin(s).
Netlist sorting complete. Time (s): cpu = 00:00:00 ; elapsed = 00:00:00 . Memory (MB): peak = 2853.133 ; gain = 0.000 ; free physical = 12391 ; free virtual = 46756
INFO: [Project 1-111] Unisim Transformation Summary:
No Unisim elements were transformed.

INFO: [Common 17-83] Releasing license: Synthesis
48 Infos, 32 Warnings, 0 Critical Warnings and 0 Errors encountered.
synth_design completed successfully
synth_design: Time (s): cpu = 00:01:02 ; elapsed = 00:03:06 . Memory (MB): peak = 2865.133 ; gain = 1400.758 ; free physical = 12441 ; free virtual = 46806
Netlist sorting complete. Time (s): cpu = 00:00:00 ; elapsed = 00:00:00 . Memory (MB): peak = 2865.133 ; gain = 0.000 ; free physical = 12440 ; free virtual = 46805
WARNING: [Constraints 18-5210] No constraints selected for write.
Resolution: This message can indicate that there are no constraints for the design, or it can indicate that the used_in flags are set such that the constraints are ignored. This later case is used when running synth_design to not write synthesis constraints to the resulting checkpoint. Instead, project constraints are read when the synthesized design is opened.
INFO: [Common 17-1381] The checkpoint '/home/dmalvezzi/batch_align2d/design/batch_align2d_design/batch_align2d_design.runs/synth_1/design_1_wrapper.dcp' has been generated.
INFO: [runtcl-4] Executing : report_utilization -file design_1_wrapper_utilization_synth.rpt -pb design_1_wrapper_utilization_synth.pb
INFO: [Common 17-206] Exiting Vivado at Sun Jan  5 21:07:58 2020...
