22:05:44 INFO  : Registering command handlers for SDK TCF services
22:05:45 INFO  : Launching XSCT server: xsct -n -interactive /home/dmalvezzi/batch_align2d/design/batch_align2d_design/batch_align2d_design.sdk/temp_xsdb_launch_script.tcl
22:05:48 INFO  : XSCT server has started successfully.
22:05:48 INFO  : Successfully done setting XSCT server connection channel  
22:05:49 INFO  : Successfully done setting SDK workspace  
22:05:49 INFO  : Processing command line option -hwspec /home/dmalvezzi/batch_align2d/design/batch_align2d_design/batch_align2d_design.sdk/design_1.hdf.
22:06:22 WARN  : Hardware project 'design_1_hw_platform_0' doesn't have any processor instances.
22:06:40 WARN  : Hardware project 'design_1_hw_platform_0' doesn't have any processor instances.
22:09:27 INFO  : Launching XSCT server: xsct -n -interactive /home/dmalvezzi/batch_align2d/design/batch_align2d_design/batch_align2d_design.sdk/temp_xsdb_launch_script.tcl
22:09:30 INFO  : XSCT server has started successfully.
22:09:33 INFO  : Successfully done setting XSCT server connection channel  
22:09:33 INFO  : Successfully done setting SDK workspace  
22:09:33 INFO  : Registering command handlers for SDK TCF services
22:09:35 INFO  : Processing command line option -hwspec /home/dmalvezzi/batch_align2d/design/batch_align2d_design/batch_align2d_design.sdk/design_1.hdf.
22:09:35 INFO  : Checking for hwspec changes in the project design_1_hw_platform_0.
22:09:35 INFO  : SDK has detected change in the last modified timestamps for source hardware specification file Source:1571170156000,  Project:1571169918000
22:09:35 INFO  : The hardware specification for project 'design_1_hw_platform_0' is different from /home/dmalvezzi/batch_align2d/design/batch_align2d_design/batch_align2d_design.sdk/design_1.hdf.
22:09:35 INFO  : Copied contents of /home/dmalvezzi/batch_align2d/design/batch_align2d_design/batch_align2d_design.sdk/design_1.hdf into /design_1_hw_platform_0/system.hdf.
22:09:36 ERROR : (XSDB Server)ERROR: [Hsi 55-2023] No IPI block design hardware handoff files present in the hardware definition file /home/dmalvezzi/batch_align2d/design/batch_align2d_design/batch_align2d_design.sdk/design_1_hw_platform_0/system.hdf

22:09:36 ERROR : (XSDB Server)ERROR: [Hsi 55-1451] Error: running open_hw_design.

22:09:36 ERROR : Failed to openhw "/home/dmalvezzi/batch_align2d/design/batch_align2d_design/batch_align2d_design.sdk/design_1_hw_platform_0/system.hdf"
Reason: ERROR: [Common 17-39] 'hsi::open_hw_design' failed due to earlier errors.

22:09:36 INFO  : Synchronizing projects in the workspace with the hardware platform specification changes.
22:09:36 INFO  : Clearing existing target manager status.
22:09:36 INFO  : Workspace synchronized with the new hardware specification file. Cleaning dependent projects...
22:09:36 WARN  : Linker script will not be updated automatically. Users need to update it manually.
22:09:40 ERROR : (XSDB Server)ERROR: [Hsi 55-2023] No IPI block design hardware handoff files present in the hardware definition file /home/dmalvezzi/batch_align2d/design/batch_align2d_design/batch_align2d_design.sdk/design_1_hw_platform_0/system.hdf

22:09:40 ERROR : (XSDB Server)ERROR: [Hsi 55-1451] Error: running open_hw_design.

22:09:40 ERROR : Failed to openhw "/home/dmalvezzi/batch_align2d/design/batch_align2d_design/batch_align2d_design.sdk/design_1_hw_platform_0/system.hdf"
Reason: ERROR: [Common 17-39] 'hsi::open_hw_design' failed due to earlier errors.

22:09:40 INFO  : Project design_1_hw_platform_0's source hardware specification location will not be monitored anymore.
22:09:50 ERROR : (XSDB Server)ERROR: [Hsi 55-2023] No IPI block design hardware handoff files present in the hardware definition file /home/dmalvezzi/batch_align2d/design/batch_align2d_design/batch_align2d_design.sdk/design_1_hw_platform_0/system.hdf

22:09:50 ERROR : (XSDB Server)ERROR: [Hsi 55-1451] Error: running open_hw_design.

22:09:50 ERROR : Failed to openhw "/home/dmalvezzi/batch_align2d/design/batch_align2d_design/batch_align2d_design.sdk/design_1_hw_platform_0/system.hdf"
Reason: ERROR: [Common 17-39] 'hsi::open_hw_design' failed due to earlier errors.

22:10:44 INFO  : Launching XSCT server: xsct -n -interactive /home/dmalvezzi/batch_align2d/design/batch_align2d_design/batch_align2d_design.sdk/temp_xsdb_launch_script.tcl
22:10:47 INFO  : XSCT server has started successfully.
22:10:48 INFO  : Successfully done setting XSCT server connection channel  
22:10:48 ERROR : (XSDB Server)ERROR: [Hsi 55-2023] No IPI block design hardware handoff files present in the hardware definition file /home/dmalvezzi/batch_align2d/design/batch_align2d_design/batch_align2d_design.sdk/design_1_hw_platform_0/system.hdf

22:10:48 ERROR : (XSDB Server)ERROR: [Hsi 55-1451] Error: running open_hw_design.

22:10:48 ERROR : Failed to openhw "/home/dmalvezzi/batch_align2d/design/batch_align2d_design/batch_align2d_design.sdk/design_1_hw_platform_0/system.hdf"
Reason: ERROR: [Common 17-39] 'hsi::open_hw_design' failed due to earlier errors.

22:10:48 INFO  : Successfully done setting SDK workspace  
22:10:48 INFO  : Registering command handlers for SDK TCF services
22:10:50 INFO  : Processing command line option -hwspec /home/dmalvezzi/batch_align2d/design/batch_align2d_design/batch_align2d_design.sdk/design_1.hdf.
22:10:50 ERROR : (XSDB Server)ERROR: [Hsi 55-2023] No IPI block design hardware handoff files present in the hardware definition file /home/dmalvezzi/batch_align2d/design/batch_align2d_design/batch_align2d_design.sdk/design_1_hw_platform_0/system.hdf

22:10:50 ERROR : (XSDB Server)ERROR: [Hsi 55-1451] Error: running open_hw_design.

22:10:50 ERROR : Failed to openhw "/home/dmalvezzi/batch_align2d/design/batch_align2d_design/batch_align2d_design.sdk/design_1_hw_platform_0/system.hdf"
Reason: ERROR: [Common 17-39] 'hsi::open_hw_design' failed due to earlier errors.

22:10:50 ERROR : (XSDB Server)ERROR: [Hsi 55-2023] No IPI block design hardware handoff files present in the hardware definition file /home/dmalvezzi/batch_align2d/design/batch_align2d_design/batch_align2d_design.sdk/design_1_hw_platform_1/system.hdf

22:10:50 ERROR : (XSDB Server)ERROR: [Hsi 55-1451] Error: running open_hw_design.

22:10:50 ERROR : Failed to openhw "/home/dmalvezzi/batch_align2d/design/batch_align2d_design/batch_align2d_design.sdk/design_1_hw_platform_1/system.hdf"
Reason: ERROR: [Common 17-39] 'hsi::open_hw_design' failed due to earlier errors.

22:10:50 ERROR : Unable to create Hardware Specification Project with specification file: /home/dmalvezzi/batch_align2d/design/batch_align2d_design/batch_align2d_design.sdk/design_1.hdf
22:11:09 ERROR : (XSDB Server)ERROR: [Hsi 55-2023] No IPI block design hardware handoff files present in the hardware definition file /home/dmalvezzi/batch_align2d/design/batch_align2d_design/batch_align2d_design.sdk/design_1_hw_platform_0/system.hdf

22:11:09 ERROR : (XSDB Server)ERROR: [Hsi 55-1451] Error: running open_hw_design.

22:11:09 ERROR : Failed to openhw "/home/dmalvezzi/batch_align2d/design/batch_align2d_design/batch_align2d_design.sdk/design_1_hw_platform_0/system.hdf"
Reason: ERROR: [Common 17-39] 'hsi::open_hw_design' failed due to earlier errors.

22:11:17 ERROR : (XSDB Server)ERROR: [Hsi 55-2023] No IPI block design hardware handoff files present in the hardware definition file /home/dmalvezzi/batch_align2d/design/batch_align2d_design/batch_align2d_design.sdk/design_1_hw_platform_0/system.hdf

22:11:17 ERROR : Failed to openhw "/home/dmalvezzi/batch_align2d/design/batch_align2d_design/batch_align2d_design.sdk/design_1_hw_platform_0/system.hdf"
Reason: ERROR: [Common 17-39] 'hsi::open_hw_design' failed due to earlier errors.

22:11:17 ERROR : (XSDB Server)ERROR: [Hsi 55-1451] Error: running open_hw_design.

22:11:17 WARN  : Cannot initialize hardware specification for 'design_1_hw_platform_0'.
09:22:57 INFO  : Launching XSCT server: xsct -n -interactive /home/dmalvezzi/batch_align2d/design/batch_align2d_design/batch_align2d_design.sdk/temp_xsdb_launch_script.tcl
09:23:00 INFO  : XSCT server has started successfully.
09:23:00 INFO  : Successfully done setting XSCT server connection channel  
09:23:00 ERROR : (XSDB Server)ERROR: [Hsi 55-2023] No IPI block design hardware handoff files present in the hardware definition file /home/dmalvezzi/batch_align2d/design/batch_align2d_design/batch_align2d_design.sdk/design_1_hw_platform_0/system.hdf

09:23:00 ERROR : (XSDB Server)ERROR: [Hsi 55-1451] Error: running open_hw_design.

09:23:00 ERROR : Failed to openhw "/home/dmalvezzi/batch_align2d/design/batch_align2d_design/batch_align2d_design.sdk/design_1_hw_platform_0/system.hdf"
Reason: ERROR: [Common 17-39] 'hsi::open_hw_design' failed due to earlier errors.

09:23:00 INFO  : Successfully done setting SDK workspace  
09:23:00 INFO  : Registering command handlers for SDK TCF services
09:23:02 INFO  : Processing command line option -hwspec /home/dmalvezzi/batch_align2d/design/batch_align2d_design/batch_align2d_design.sdk/design_1.hdf.
09:23:02 ERROR : (XSDB Server)ERROR: [Hsi 55-2023] No IPI block design hardware handoff files present in the hardware definition file /home/dmalvezzi/batch_align2d/design/batch_align2d_design/batch_align2d_design.sdk/design_1_hw_platform_0/system.hdf

09:23:02 ERROR : (XSDB Server)ERROR: [Hsi 55-1451] Error: running open_hw_design.

09:23:02 ERROR : Failed to openhw "/home/dmalvezzi/batch_align2d/design/batch_align2d_design/batch_align2d_design.sdk/design_1_hw_platform_0/system.hdf"
Reason: ERROR: [Common 17-39] 'hsi::open_hw_design' failed due to earlier errors.

09:23:03 ERROR : (XSDB Server)ERROR: [Hsi 55-2023] No IPI block design hardware handoff files present in the hardware definition file /home/dmalvezzi/batch_align2d/design/batch_align2d_design/batch_align2d_design.sdk/design_1_hw_platform_2/system.hdf

09:23:03 ERROR : (XSDB Server)ERROR: [Hsi 55-1451] Error: running open_hw_design.

09:23:03 ERROR : Failed to openhw "/home/dmalvezzi/batch_align2d/design/batch_align2d_design/batch_align2d_design.sdk/design_1_hw_platform_2/system.hdf"
Reason: ERROR: [Common 17-39] 'hsi::open_hw_design' failed due to earlier errors.

09:23:03 ERROR : Unable to create Hardware Specification Project with specification file: /home/dmalvezzi/batch_align2d/design/batch_align2d_design/batch_align2d_design.sdk/design_1.hdf
09:23:17 ERROR : (XSDB Server)ERROR: [Hsi 55-2023] No IPI block design hardware handoff files present in the hardware definition file /home/dmalvezzi/batch_align2d/design/batch_align2d_design/batch_align2d_design.sdk/design_1_hw_platform_0/system.hdf

09:23:17 ERROR : (XSDB Server)ERROR: [Hsi 55-1451] Error: running open_hw_design.

09:23:17 ERROR : Failed to openhw "/home/dmalvezzi/batch_align2d/design/batch_align2d_design/batch_align2d_design.sdk/design_1_hw_platform_0/system.hdf"
Reason: ERROR: [Common 17-39] 'hsi::open_hw_design' failed due to earlier errors.

09:23:24 ERROR : (XSDB Server)ERROR: [Hsi 55-2023] No IPI block design hardware handoff files present in the hardware definition file /home/dmalvezzi/batch_align2d/design/batch_align2d_design/batch_align2d_design.sdk/design_1_hw_platform_0/system.hdf

09:23:24 ERROR : (XSDB Server)ERROR: [Hsi 55-1451] Error: running open_hw_design.

09:23:24 ERROR : Failed to openhw "/home/dmalvezzi/batch_align2d/design/batch_align2d_design/batch_align2d_design.sdk/design_1_hw_platform_0/system.hdf"
Reason: ERROR: [Common 17-39] 'hsi::open_hw_design' failed due to earlier errors.

09:23:24 WARN  : Cannot initialize hardware specification for 'design_1_hw_platform_0'.
09:24:22 INFO  : Registering command handlers for SDK TCF services
09:24:23 INFO  : Launching XSCT server: xsct -n -interactive /home/dmalvezzi/batch_align2d/design/batch_align2d_design/batch_align2d_design.sdk/temp_xsdb_launch_script.tcl
09:24:26 INFO  : XSCT server has started successfully.
09:24:27 INFO  : Successfully done setting XSCT server connection channel  
09:24:27 INFO  : Successfully done setting SDK workspace  
09:24:27 INFO  : Processing command line option -hwspec /home/dmalvezzi/batch_align2d/design/batch_align2d_design/batch_align2d_design.sdk/design_1.hdf.
09:24:27 ERROR : (XSDB Server)ERROR: [Hsi 55-2023] No IPI block design hardware handoff files present in the hardware definition file /home/dmalvezzi/batch_align2d/design/batch_align2d_design/batch_align2d_design.sdk/design_1_hw_platform_0/system.hdf

09:24:27 ERROR : (XSDB Server)ERROR: [Hsi 55-1451] Error: running open_hw_design.

09:24:27 ERROR : Failed to openhw "/home/dmalvezzi/batch_align2d/design/batch_align2d_design/batch_align2d_design.sdk/design_1_hw_platform_0/system.hdf"
Reason: ERROR: [Common 17-39] 'hsi::open_hw_design' failed due to earlier errors.

09:24:27 ERROR : Unable to create Hardware Specification Project with specification file: /home/dmalvezzi/batch_align2d/design/batch_align2d_design/batch_align2d_design.sdk/design_1.hdf
09:24:53 ERROR : (XSDB Server)ERROR: [Hsi 55-2023] No IPI block design hardware handoff files present in the hardware definition file /home/dmalvezzi/batch_align2d/design/batch_align2d_design/batch_align2d_design.sdk/design_1_hw_platform_0/system.hdf

09:24:53 ERROR : (XSDB Server)ERROR: [Hsi 55-1451] Error: running open_hw_design.

09:24:53 ERROR : Failed to openhw "/home/dmalvezzi/batch_align2d/design/batch_align2d_design/batch_align2d_design.sdk/design_1_hw_platform_0/system.hdf"
Reason: ERROR: [Common 17-39] 'hsi::open_hw_design' failed due to earlier errors.

09:25:25 INFO  : Registering command handlers for SDK TCF services
09:25:26 INFO  : Launching XSCT server: xsct -n -interactive /home/dmalvezzi/batch_align2d/design/batch_align2d_design/batch_align2d_design.sdk/temp_xsdb_launch_script.tcl
09:25:28 INFO  : XSCT server has started successfully.
09:25:29 INFO  : Successfully done setting XSCT server connection channel  
09:25:29 INFO  : Successfully done setting SDK workspace  
09:25:29 INFO  : Processing command line option -hwspec /home/dmalvezzi/batch_align2d/design/batch_align2d_design/batch_align2d_design.sdk/design_1.hdf.
09:25:46 WARN  : Hardware project 'design_1_hw_platform_0' doesn't have any processor instances.
09:26:24 INFO  : Launching XSCT server: xsct -n -interactive /home/dmalvezzi/batch_align2d/design/batch_align2d_design/batch_align2d_design.sdk/temp_xsdb_launch_script.tcl
09:26:27 INFO  : XSCT server has started successfully.
09:26:27 INFO  : Successfully done setting XSCT server connection channel  
09:26:31 INFO  : Successfully done setting SDK workspace  
09:26:32 INFO  : Registering command handlers for SDK TCF services
09:26:33 INFO  : Processing command line option -hwspec /home/dmalvezzi/batch_align2d/design/batch_align2d_design/batch_align2d_design.sdk/design_1.hdf.
09:26:34 INFO  : Checking for hwspec changes in the project design_1_hw_platform_0.
09:26:34 INFO  : SDK has detected change in the last modified timestamps for source hardware specification file Source:1571210773000,  Project:1571210313000
09:26:34 INFO  : The hardware specification for project 'design_1_hw_platform_0' is different from /home/dmalvezzi/batch_align2d/design/batch_align2d_design/batch_align2d_design.sdk/design_1.hdf.
09:26:34 INFO  : Copied contents of /home/dmalvezzi/batch_align2d/design/batch_align2d_design/batch_align2d_design.sdk/design_1.hdf into /design_1_hw_platform_0/system.hdf.
09:26:34 ERROR : (XSDB Server)ERROR: [Hsi 55-2023] No IPI block design hardware handoff files present in the hardware definition file /home/dmalvezzi/batch_align2d/design/batch_align2d_design/batch_align2d_design.sdk/design_1_hw_platform_0/system.hdf

09:26:34 ERROR : (XSDB Server)ERROR: [Hsi 55-1451] Error: running open_hw_design.

09:26:34 ERROR : Failed to openhw "/home/dmalvezzi/batch_align2d/design/batch_align2d_design/batch_align2d_design.sdk/design_1_hw_platform_0/system.hdf"
Reason: ERROR: [Common 17-39] 'hsi::open_hw_design' failed due to earlier errors.

09:26:36 INFO  : Synchronizing projects in the workspace with the hardware platform specification changes.
09:26:36 INFO  : Clearing existing target manager status.
09:26:36 INFO  : Workspace synchronized with the new hardware specification file. Cleaning dependent projects...
09:26:36 WARN  : Linker script will not be updated automatically. Users need to update it manually.
09:26:38 ERROR : (XSDB Server)ERROR: [Hsi 55-2023] No IPI block design hardware handoff files present in the hardware definition file /home/dmalvezzi/batch_align2d/design/batch_align2d_design/batch_align2d_design.sdk/design_1_hw_platform_0/system.hdf

09:26:38 ERROR : (XSDB Server)ERROR: [Hsi 55-1451] Error: running open_hw_design.

09:26:38 ERROR : Failed to openhw "/home/dmalvezzi/batch_align2d/design/batch_align2d_design/batch_align2d_design.sdk/design_1_hw_platform_0/system.hdf"
Reason: ERROR: [Common 17-39] 'hsi::open_hw_design' failed due to earlier errors.

09:26:38 INFO  : Project design_1_hw_platform_0's source hardware specification location will not be monitored anymore.
09:26:51 ERROR : (XSDB Server)ERROR: [Hsi 55-2023] No IPI block design hardware handoff files present in the hardware definition file /home/dmalvezzi/batch_align2d/design/batch_align2d_design/batch_align2d_design.sdk/design_1_hw_platform_0/system.hdf

09:26:51 ERROR : (XSDB Server)ERROR: [Hsi 55-1451] Error: running open_hw_design.

09:26:51 ERROR : Failed to openhw "/home/dmalvezzi/batch_align2d/design/batch_align2d_design/batch_align2d_design.sdk/design_1_hw_platform_0/system.hdf"
Reason: ERROR: [Common 17-39] 'hsi::open_hw_design' failed due to earlier errors.

09:26:55 ERROR : (XSDB Server)ERROR: [Hsi 55-2023] No IPI block design hardware handoff files present in the hardware definition file /home/dmalvezzi/batch_align2d/design/batch_align2d_design/batch_align2d_design.sdk/design_1_hw_platform_0/system.hdf

09:26:55 ERROR : (XSDB Server)ERROR: [Hsi 55-1451] Error: running open_hw_design.

09:26:55 ERROR : Failed to openhw "/home/dmalvezzi/batch_align2d/design/batch_align2d_design/batch_align2d_design.sdk/design_1_hw_platform_0/system.hdf"
Reason: ERROR: [Common 17-39] 'hsi::open_hw_design' failed due to earlier errors.

09:26:55 WARN  : Cannot initialize hardware specification for 'design_1_hw_platform_0'.
09:32:45 INFO  : Registering command handlers for SDK TCF services
09:32:46 INFO  : Launching XSCT server: xsct -n -interactive /home/dmalvezzi/batch_align2d/design/batch_align2d_design/batch_align2d_design.sdk/temp_xsdb_launch_script.tcl
09:32:49 INFO  : XSCT server has started successfully.
09:32:50 INFO  : Successfully done setting XSCT server connection channel  
09:32:50 INFO  : Successfully done setting SDK workspace  
09:32:50 INFO  : Processing command line option -hwspec /home/dmalvezzi/batch_align2d/design/batch_align2d_design/batch_align2d_design.sdk/design_1.hdf.
09:32:50 ERROR : (XSDB Server)ERROR: [Hsi 55-2023] No IPI block design hardware handoff files present in the hardware definition file /home/dmalvezzi/batch_align2d/design/batch_align2d_design/batch_align2d_design.sdk/design_1_hw_platform_0/system.hdf

09:32:50 ERROR : (XSDB Server)ERROR: [Hsi 55-1451] Error: running open_hw_design.

09:32:50 ERROR : Failed to openhw "/home/dmalvezzi/batch_align2d/design/batch_align2d_design/batch_align2d_design.sdk/design_1_hw_platform_0/system.hdf"
Reason: ERROR: [Common 17-39] 'hsi::open_hw_design' failed due to earlier errors.

09:32:50 ERROR : (XSDB Server)ERROR: [Hsi 55-2023] No IPI block design hardware handoff files present in the hardware definition file /home/dmalvezzi/batch_align2d/design/batch_align2d_design/batch_align2d_design.sdk/design_1_hw_platform_1/system.hdf

09:32:50 ERROR : (XSDB Server)ERROR: [Hsi 55-1451] Error: running open_hw_design.

09:32:50 ERROR : Failed to openhw "/home/dmalvezzi/batch_align2d/design/batch_align2d_design/batch_align2d_design.sdk/design_1_hw_platform_1/system.hdf"
Reason: ERROR: [Common 17-39] 'hsi::open_hw_design' failed due to earlier errors.

09:32:50 ERROR : Unable to create Hardware Specification Project with specification file: /home/dmalvezzi/batch_align2d/design/batch_align2d_design/batch_align2d_design.sdk/design_1.hdf
09:32:51 ERROR : (XSDB Server)ERROR: [Hsi 55-2023] No IPI block design hardware handoff files present in the hardware definition file /home/dmalvezzi/batch_align2d/design/batch_align2d_design/batch_align2d_design.sdk/design_1_hw_platform_0/system.hdf

09:32:51 ERROR : (XSDB Server)ERROR: [Hsi 55-1451] Error: running open_hw_design.

09:32:51 ERROR : Failed to openhw "/home/dmalvezzi/batch_align2d/design/batch_align2d_design/batch_align2d_design.sdk/design_1_hw_platform_0/system.hdf"
Reason: ERROR: [Common 17-39] 'hsi::open_hw_design' failed due to earlier errors.

09:32:59 ERROR : (XSDB Server)ERROR: [Hsi 55-2023] No IPI block design hardware handoff files present in the hardware definition file /home/dmalvezzi/batch_align2d/design/batch_align2d_design/batch_align2d_design.sdk/design_1_hw_platform_0/system.hdf

09:32:59 ERROR : (XSDB Server)ERROR: [Hsi 55-1451] Error: running open_hw_design.

09:32:59 ERROR : Failed to openhw "/home/dmalvezzi/batch_align2d/design/batch_align2d_design/batch_align2d_design.sdk/design_1_hw_platform_0/system.hdf"
Reason: ERROR: [Common 17-39] 'hsi::open_hw_design' failed due to earlier errors.

09:32:59 WARN  : Cannot initialize hardware specification for 'design_1_hw_platform_0'.
09:34:50 INFO  : Registering command handlers for SDK TCF services
09:34:52 INFO  : Launching XSCT server: xsct -n -interactive /home/dmalvezzi/batch_align2d/design/batch_align2d_design/batch_align2d_design.sdk/temp_xsdb_launch_script.tcl
09:34:55 INFO  : XSCT server has started successfully.
09:34:55 INFO  : Successfully done setting XSCT server connection channel  
09:34:55 INFO  : Successfully done setting SDK workspace  
09:34:55 INFO  : Processing command line option -hwspec /home/dmalvezzi/batch_align2d/design/batch_align2d_design/batch_align2d_design.sdk/design_1.hdf.
09:34:56 ERROR : (XSDB Server)ERROR: [Hsi 55-2023] No IPI block design hardware handoff files present in the hardware definition file /home/dmalvezzi/batch_align2d/design/batch_align2d_design/batch_align2d_design.sdk/design_1_hw_platform_0/system.hdf

09:34:56 ERROR : (XSDB Server)ERROR: [Hsi 55-1451] Error: running open_hw_design.

09:34:56 ERROR : Failed to openhw "/home/dmalvezzi/batch_align2d/design/batch_align2d_design/batch_align2d_design.sdk/design_1_hw_platform_0/system.hdf"
Reason: ERROR: [Common 17-39] 'hsi::open_hw_design' failed due to earlier errors.

09:34:56 ERROR : Unable to create Hardware Specification Project with specification file: /home/dmalvezzi/batch_align2d/design/batch_align2d_design/batch_align2d_design.sdk/design_1.hdf
09:38:23 INFO  : Registering command handlers for SDK TCF services
09:38:24 INFO  : Launching XSCT server: xsct -n -interactive /home/dmalvezzi/batch_align2d/design/batch_align2d_design/batch_align2d_design.sdk/temp_xsdb_launch_script.tcl
09:38:27 INFO  : XSCT server has started successfully.
09:38:27 INFO  : Successfully done setting XSCT server connection channel  
09:38:28 INFO  : Successfully done setting SDK workspace  
09:38:28 INFO  : Processing command line option -hwspec /home/dmalvezzi/batch_align2d/design/batch_align2d_design/batch_align2d_design.sdk/design_1.hdf.
09:39:28 INFO  : Registering command handlers for SDK TCF services
09:39:29 INFO  : Launching XSCT server: xsct -n -interactive /home/dmalvezzi/batch_align2d/design/batch_align2d_design/batch_align2d_design.sdk/temp_xsdb_launch_script.tcl
09:39:32 INFO  : XSCT server has started successfully.
09:39:32 INFO  : Successfully done setting XSCT server connection channel  
09:39:32 INFO  : Successfully done setting SDK workspace  
09:39:32 INFO  : Processing command line option -hwspec /home/dmalvezzi/batch_align2d/design/batch_align2d_design/batch_align2d_design.sdk/design_1.hdf.
09:40:19 WARN  : Hardware project 'design_1_hw_platform_0' doesn't have any processor instances.
09:42:05 WARN  : Hardware project 'design_1_hw_platform_0' doesn't have any processor instances.
09:42:10 WARN  : Hardware project 'design_1_hw_platform_0' doesn't have any processor instances.
10:33:39 INFO  : Registering command handlers for SDK TCF services
10:33:40 INFO  : Launching XSCT server: xsct -n -interactive /home/dmalvezzi/batch_align2d/design/batch_align2d_design/batch_align2d_design.sdk/temp_xsdb_launch_script.tcl
10:33:43 INFO  : XSCT server has started successfully.
10:33:43 INFO  : Successfully done setting XSCT server connection channel  
10:33:44 INFO  : Processing command line option -hwspec /home/dmalvezzi/batch_align2d/design/batch_align2d_design/batch_align2d_design.sdk/design_1_wrapper.hdf.
10:33:47 INFO  : Successfully done setting SDK workspace  
10:35:19 ERROR : Failed to closesw "/home/dmalvezzi/batch_align2d/design/batch_align2d_design/batch_align2d_design.sdk/batch_align2d_sdk_bsp/system.mss"
Reason: Cannot close sw design '/home/dmalvezzi/batch_align2d/design/batch_align2d_design/batch_align2d_design.sdk/batch_align2d_sdk_bsp/system.mss'.
Design is not opened in the current session.


10:35:32 INFO  : No changes in MSS file content so not generating sources.
10:36:42 INFO  : Connected to target on host '127.0.0.1' and port '3121'.
10:37:01 INFO  : ----------------XSDB Script----------------
connect -url tcp:127.0.0.1:3121
----------------End of Script----------------

10:38:18 INFO  : Connected to target on host '127.0.0.1' and port '3121'.
