

================================================================
== Vivado HLS Report for 'batch_align2D'
================================================================
* Date:           Tue Oct  8 20:43:05 2019

* Version:        2019.1 (Build 2552052 on Fri May 24 15:28:33 MDT 2019)
* Project:        batch_align2d_hls
* Solution:       solution1
* Product family: zynquplus
* Target device:  xczu9eg-ffvb1156-2-e


================================================================
== Performance Estimates
================================================================
+ Timing (ns): 
    * Summary: 
    +--------+-------+----------+------------+
    |  Clock | Target| Estimated| Uncertainty|
    +--------+-------+----------+------------+
    |ap_clk  |  10.00|     8.750|        1.25|
    +--------+-------+----------+------------+

+ Latency (clock cycles): 
    * Summary: 
    +-----+-----+-----+-----+---------+
    |  Latency  |  Interval | Pipeline|
    | min | max | min | max |   Type  |
    +-----+-----+-----+-----+---------+
    |   45|   45|   45|   45|   none  |
    +-----+-----+-----+-----+---------+

    + Detail: 
        * Instance: 
        N/A

        * Loop: 
        +---------------------------+-----+-----+----------+-----------+-----------+------+----------+
        |                           |  Latency  | Iteration|  Initiation Interval  | Trip |          |
        |         Loop Name         | min | max |  Latency |  achieved |   target  | Count| Pipelined|
        +---------------------------+-----+-----+----------+-----------+-----------+------+----------+
        |- memcpy..cur_px_estimate  |    3|    3|         3|          1|          1|     2|    yes   |
        |- memcpy.cur_px_estimate.  |    4|    4|         4|          1|          1|     2|    yes   |
        +---------------------------+-----+-----+----------+-----------+-----------+------+----------+

============================================================
+ Verbose Summary: Synthesis Manager
============================================================
InlineROM: 1
ExposeGlobal: 0
============================================================
+ Verbose Summary: CDFG Model
============================================================
IsTopModel: 1
ResetActiveHigh: 1
IsCombinational: 0
IsDatapathOnly: 0
HasWiredReturn: 1
HasMFsm: 0
HasVarLatency: 1
IsPipeline: 0
IsRtlPipelined: 0
IsInstanceOverlapped: 0
IsDontTouch: 0
HasImplIP: 0
IsGatedGlobalClock: 0

+ Individual pipeline summary: 
  * Pipeline-0: initiation interval (II) = 1, depth = 3
  * Pipeline-1: initiation interval (II) = 1, depth = 4


============================================================
+ Verbose Summary: Schedule
============================================================
* Number of FSM states : 44
* Pipeline : 2
  Pipeline-0 : II = 1, D = 3, States = { 9 10 11 }
  Pipeline-1 : II = 1, D = 4, States = { 21 22 23 24 }
* Dataflow Pipeline: 0

* FSM state transitions: 
1 --> 2 
2 --> 3 
3 --> 4 
4 --> 5 
5 --> 6 
6 --> 7 
7 --> 8 
8 --> 9 
9 --> 12 10 
10 --> 11 
11 --> 9 
12 --> 13 
13 --> 14 
14 --> 15 
15 --> 16 
16 --> 17 
17 --> 18 
18 --> 19 
19 --> 20 
20 --> 21 
21 --> 25 22 
22 --> 23 
23 --> 24 
24 --> 21 
25 --> 26 
26 --> 27 
27 --> 28 
28 --> 29 
29 --> 30 
30 --> 31 
31 --> 32 
32 --> 33 
33 --> 34 
34 --> 35 
35 --> 36 
36 --> 37 
37 --> 38 
38 --> 39 
39 --> 40 
40 --> 41 
41 --> 42 
42 --> 43 
43 --> 44 
44 --> 

* FSM state operations: 

State 1 <SV = 0> <Delay = 1.00>
ST_1 : Operation 45 [1/1] (1.00ns)   --->   "%converged_read = call i64 @_ssdm_op_Read.s_axilite.i64(i64 %converged)"   --->   Operation 45 'read' 'converged_read' <Predicate = true> <Delay = 1.00> <Core = "s_axilite">   --->   Core 10 's_axilite' <Latency = 0> <II = 1> <Delay = 1.00> <Adapter> <Opcode : 'read' 'write'>
ST_1 : Operation 46 [1/1] (1.00ns)   --->   "%cur_px_estimate_read = call i64 @_ssdm_op_Read.s_axilite.i64(i64 %cur_px_estimate)"   --->   Operation 46 'read' 'cur_px_estimate_read' <Predicate = true> <Delay = 1.00> <Core = "s_axilite">   --->   Core 10 's_axilite' <Latency = 0> <II = 1> <Delay = 1.00> <Adapter> <Opcode : 'read' 'write'>
ST_1 : Operation 47 [1/1] (0.00ns)   --->   "%converged3 = call i62 @_ssdm_op_PartSelect.i62.i64.i32.i32(i64 %converged_read, i32 2, i32 63)"   --->   Operation 47 'partselect' 'converged3' <Predicate = true> <Delay = 0.00>
ST_1 : Operation 48 [1/1] (0.00ns)   --->   "%empty = zext i62 %converged3 to i64"   --->   Operation 48 'zext' 'empty' <Predicate = true> <Delay = 0.00>
ST_1 : Operation 49 [1/1] (0.00ns)   --->   "%gmem_addr = getelementptr i32* %gmem, i64 %empty"   --->   Operation 49 'getelementptr' 'gmem_addr' <Predicate = true> <Delay = 0.00>
ST_1 : Operation 50 [1/1] (0.00ns)   --->   "%tmp = call i62 @_ssdm_op_PartSelect.i62.i64.i32.i32(i64 %cur_px_estimate_read, i32 2, i32 63)"   --->   Operation 50 'partselect' 'tmp' <Predicate = true> <Delay = 0.00>
ST_1 : Operation 51 [1/1] (0.00ns)   --->   "%zext_ln72 = zext i62 %tmp to i64" [batch_align2d_hls/align2d.cpp:72]   --->   Operation 51 'zext' 'zext_ln72' <Predicate = true> <Delay = 0.00>
ST_1 : Operation 52 [1/1] (0.00ns)   --->   "%gmem_addr_1 = getelementptr i32* %gmem, i64 %zext_ln72" [batch_align2d_hls/align2d.cpp:72]   --->   Operation 52 'getelementptr' 'gmem_addr_1' <Predicate = true> <Delay = 0.00>

State 2 <SV = 1> <Delay = 8.75>
ST_2 : Operation 53 [7/7] (8.75ns)   --->   "%p_rd_req = call i1 @_ssdm_op_ReadReq.m_axi.i32P(i32* %gmem_addr_1, i32 2)" [batch_align2d_hls/align2d.cpp:72]   --->   Operation 53 'readreq' 'p_rd_req' <Predicate = true> <Delay = 8.75> <Core = "m_axi">   --->   Core 9 'm_axi' <Latency = 6> <II = 1> <Delay = 1.00> <Adapter> <Opcode : 'read' 'write' 'readreq' 'writereq' 'writeresp'>

State 3 <SV = 2> <Delay = 8.75>
ST_3 : Operation 54 [6/7] (8.75ns)   --->   "%p_rd_req = call i1 @_ssdm_op_ReadReq.m_axi.i32P(i32* %gmem_addr_1, i32 2)" [batch_align2d_hls/align2d.cpp:72]   --->   Operation 54 'readreq' 'p_rd_req' <Predicate = true> <Delay = 8.75> <Core = "m_axi">   --->   Core 9 'm_axi' <Latency = 6> <II = 1> <Delay = 1.00> <Adapter> <Opcode : 'read' 'write' 'readreq' 'writereq' 'writeresp'>

State 4 <SV = 3> <Delay = 8.75>
ST_4 : Operation 55 [5/7] (8.75ns)   --->   "%p_rd_req = call i1 @_ssdm_op_ReadReq.m_axi.i32P(i32* %gmem_addr_1, i32 2)" [batch_align2d_hls/align2d.cpp:72]   --->   Operation 55 'readreq' 'p_rd_req' <Predicate = true> <Delay = 8.75> <Core = "m_axi">   --->   Core 9 'm_axi' <Latency = 6> <II = 1> <Delay = 1.00> <Adapter> <Opcode : 'read' 'write' 'readreq' 'writereq' 'writeresp'>

State 5 <SV = 4> <Delay = 8.75>
ST_5 : Operation 56 [4/7] (8.75ns)   --->   "%p_rd_req = call i1 @_ssdm_op_ReadReq.m_axi.i32P(i32* %gmem_addr_1, i32 2)" [batch_align2d_hls/align2d.cpp:72]   --->   Operation 56 'readreq' 'p_rd_req' <Predicate = true> <Delay = 8.75> <Core = "m_axi">   --->   Core 9 'm_axi' <Latency = 6> <II = 1> <Delay = 1.00> <Adapter> <Opcode : 'read' 'write' 'readreq' 'writereq' 'writeresp'>

State 6 <SV = 5> <Delay = 8.75>
ST_6 : Operation 57 [3/7] (8.75ns)   --->   "%p_rd_req = call i1 @_ssdm_op_ReadReq.m_axi.i32P(i32* %gmem_addr_1, i32 2)" [batch_align2d_hls/align2d.cpp:72]   --->   Operation 57 'readreq' 'p_rd_req' <Predicate = true> <Delay = 8.75> <Core = "m_axi">   --->   Core 9 'm_axi' <Latency = 6> <II = 1> <Delay = 1.00> <Adapter> <Opcode : 'read' 'write' 'readreq' 'writereq' 'writeresp'>

State 7 <SV = 6> <Delay = 8.75>
ST_7 : Operation 58 [2/7] (8.75ns)   --->   "%p_rd_req = call i1 @_ssdm_op_ReadReq.m_axi.i32P(i32* %gmem_addr_1, i32 2)" [batch_align2d_hls/align2d.cpp:72]   --->   Operation 58 'readreq' 'p_rd_req' <Predicate = true> <Delay = 8.75> <Core = "m_axi">   --->   Core 9 'm_axi' <Latency = 6> <II = 1> <Delay = 1.00> <Adapter> <Opcode : 'read' 'write' 'readreq' 'writereq' 'writeresp'>

State 8 <SV = 7> <Delay = 8.75>
ST_8 : Operation 59 [1/1] (0.00ns)   --->   "call void (...)* @_ssdm_op_SpecBitsMap(i32* %gmem), !map !26"   --->   Operation 59 'specbitsmap' <Predicate = true> <Delay = 0.00>
ST_8 : Operation 60 [1/1] (0.00ns)   --->   "call void (...)* @_ssdm_op_SpecTopModule([14 x i8]* @batch_align2D_str) nounwind"   --->   Operation 60 'spectopmodule' <Predicate = true> <Delay = 0.00>
ST_8 : Operation 61 [1/1] (0.00ns)   --->   "call void (...)* @_ssdm_op_SpecInterface(i32* %gmem, [6 x i8]* @p_str, i32 0, i32 0, [1 x i8]* @p_str1, i32 0, i32 1, [5 x i8]* @p_str2, [6 x i8]* @p_str3, [1 x i8]* @p_str1, i32 16, i32 16, i32 16, i32 16, [1 x i8]* @p_str1, [1 x i8]* @p_str1)"   --->   Operation 61 'specinterface' <Predicate = true> <Delay = 0.00>
ST_8 : Operation 62 [1/1] (0.00ns)   --->   "call void (...)* @_ssdm_op_SpecInterface(i64 %cur_px_estimate, [10 x i8]* @mode, i32 0, i32 0, [1 x i8]* @p_str1, i32 0, i32 1, [1 x i8]* @bundle, [6 x i8]* @p_str3, [1 x i8]* @p_str1, i32 16, i32 16, i32 16, i32 16, [1 x i8]* @p_str1, [1 x i8]* @p_str1)"   --->   Operation 62 'specinterface' <Predicate = true> <Delay = 0.00>
ST_8 : Operation 63 [1/1] (0.00ns)   --->   "call void (...)* @_ssdm_op_SpecInterface(i64 %converged, [10 x i8]* @mode4, i32 0, i32 0, [1 x i8]* @p_str1, i32 0, i32 1, [1 x i8]* @bundle5, [6 x i8]* @p_str3, [1 x i8]* @p_str1, i32 16, i32 16, i32 16, i32 16, [1 x i8]* @p_str1, [1 x i8]* @p_str1)"   --->   Operation 63 'specinterface' <Predicate = true> <Delay = 0.00>
ST_8 : Operation 64 [1/1] (0.00ns)   --->   "call void (...)* @_ssdm_op_SpecInterface(i32 0, [10 x i8]* @p_str4, i32 0, i32 0, [1 x i8]* @p_str1, i32 0, i32 0, [5 x i8]* @p_str5, [1 x i8]* @p_str1, [1 x i8]* @p_str1, i32 0, i32 0, i32 0, i32 0, [1 x i8]* @p_str1, [1 x i8]* @p_str1) nounwind" [batch_align2d_hls/align2d.cpp:65]   --->   Operation 64 'specinterface' <Predicate = true> <Delay = 0.00>
ST_8 : Operation 65 [1/7] (8.75ns)   --->   "%p_rd_req = call i1 @_ssdm_op_ReadReq.m_axi.i32P(i32* %gmem_addr_1, i32 2)" [batch_align2d_hls/align2d.cpp:72]   --->   Operation 65 'readreq' 'p_rd_req' <Predicate = true> <Delay = 8.75> <Core = "m_axi">   --->   Core 9 'm_axi' <Latency = 6> <II = 1> <Delay = 1.00> <Adapter> <Opcode : 'read' 'write' 'readreq' 'writereq' 'writeresp'>
ST_8 : Operation 66 [1/1] (0.65ns)   --->   "br label %burst.rd.header" [batch_align2d_hls/align2d.cpp:72]   --->   Operation 66 'br' <Predicate = true> <Delay = 0.65>

State 9 <SV = 8> <Delay = 0.54>
ST_9 : Operation 67 [1/1] (0.00ns)   --->   "%v_buff_0_1_0 = phi float [ undef, %0 ], [ %v_buff_0_1_1, %burstread.region ]"   --->   Operation 67 'phi' 'v_buff_0_1_0' <Predicate = true> <Delay = 0.00>
ST_9 : Operation 68 [1/1] (0.00ns)   --->   "%v_buff_0_0_0 = phi float [ undef, %0 ], [ %v_buff_0_1_2, %burstread.region ]"   --->   Operation 68 'phi' 'v_buff_0_0_0' <Predicate = true> <Delay = 0.00>
ST_9 : Operation 69 [1/1] (0.00ns)   --->   "%phi_ln72 = phi i2 [ 0, %0 ], [ %add_ln72, %burstread.region ]" [batch_align2d_hls/align2d.cpp:72]   --->   Operation 69 'phi' 'phi_ln72' <Predicate = true> <Delay = 0.00>
ST_9 : Operation 70 [1/1] (0.44ns)   --->   "%icmp_ln72 = icmp eq i2 %phi_ln72, -2" [batch_align2d_hls/align2d.cpp:72]   --->   Operation 70 'icmp' 'icmp_ln72' <Predicate = true> <Delay = 0.44> <Core = "Cmp">   --->   Core 25 'Cmp' <Latency = 0> <II = 1> <Delay = 0.44> <FuncUnit> <Opcode : 'icmp'> <InPorts = 2> <OutPorts = 1>
ST_9 : Operation 71 [1/1] (0.00ns)   --->   "%empty_4 = call i32 (...)* @_ssdm_op_SpecLoopTripCount(i64 2, i64 2, i64 2) nounwind"   --->   Operation 71 'speclooptripcount' 'empty_4' <Predicate = true> <Delay = 0.00>
ST_9 : Operation 72 [1/1] (0.54ns)   --->   "%add_ln72 = add i2 %phi_ln72, 1" [batch_align2d_hls/align2d.cpp:72]   --->   Operation 72 'add' 'add_ln72' <Predicate = true> <Delay = 0.54> <Core = "AddSub">   --->   Core 14 'AddSub' <Latency = 0> <II = 1> <Delay = 0.54> <FuncUnit> <Opcode : 'add' 'sub'> <InPorts = 2> <OutPorts = 1>
ST_9 : Operation 73 [1/1] (0.00ns)   --->   "br i1 %icmp_ln72, label %burst.rd.end, label %burstread.region" [batch_align2d_hls/align2d.cpp:72]   --->   Operation 73 'br' <Predicate = true> <Delay = 0.00>
ST_9 : Operation 74 [1/1] (0.00ns)   --->   "%trunc_ln72 = trunc i2 %phi_ln72 to i1" [batch_align2d_hls/align2d.cpp:72]   --->   Operation 74 'trunc' 'trunc_ln72' <Predicate = (!icmp_ln72)> <Delay = 0.00>

State 10 <SV = 9> <Delay = 8.75>
ST_10 : Operation 75 [1/1] (8.75ns)   --->   "%gmem_addr_1_read = call i32 @_ssdm_op_Read.m_axi.i32P(i32* %gmem_addr_1)" [batch_align2d_hls/align2d.cpp:72]   --->   Operation 75 'read' 'gmem_addr_1_read' <Predicate = (!icmp_ln72)> <Delay = 8.75> <Core = "m_axi">   --->   Core 9 'm_axi' <Latency = 6> <II = 1> <Delay = 1.00> <Adapter> <Opcode : 'read' 'write' 'readreq' 'writereq' 'writeresp'>

State 11 <SV = 10> <Delay = 0.44>
ST_11 : Operation 76 [1/1] (0.00ns)   --->   "%burstread_rbegin = call i32 (...)* @_ssdm_op_SpecRegionBegin([17 x i8]* @burstread_OC_region_s) nounwind" [batch_align2d_hls/align2d.cpp:72]   --->   Operation 76 'specregionbegin' 'burstread_rbegin' <Predicate = (!icmp_ln72)> <Delay = 0.00>
ST_11 : Operation 77 [1/1] (0.00ns)   --->   "%empty_5 = call i32 (...)* @_ssdm_op_SpecPipeline(i32 1, i32 1, i32 1, i32 0, [1 x i8]* @p_str6) nounwind" [batch_align2d_hls/align2d.cpp:72]   --->   Operation 77 'specpipeline' 'empty_5' <Predicate = (!icmp_ln72)> <Delay = 0.00>
ST_11 : Operation 78 [1/1] (0.00ns)   --->   "%empty_6 = call i32 (...)* @_ssdm_op_SpecLoopName([24 x i8]* @memcpy_OC_OC_cur_px) nounwind" [batch_align2d_hls/align2d.cpp:72]   --->   Operation 78 'specloopname' 'empty_6' <Predicate = (!icmp_ln72)> <Delay = 0.00>
ST_11 : Operation 79 [1/1] (0.00ns)   --->   "%v_buff_0_0 = bitcast i32 %gmem_addr_1_read to float" [batch_align2d_hls/align2d.cpp:72]   --->   Operation 79 'bitcast' 'v_buff_0_0' <Predicate = (!icmp_ln72)> <Delay = 0.00>
ST_11 : Operation 80 [1/1] (0.44ns)   --->   "%v_buff_0_1_1 = select i1 %trunc_ln72, float %v_buff_0_0, float %v_buff_0_1_0" [batch_align2d_hls/align2d.cpp:72]   --->   Operation 80 'select' 'v_buff_0_1_1' <Predicate = (!icmp_ln72)> <Delay = 0.44> <Core = "Sel">   --->   Core 26 'Sel' <Latency = 0> <II = 1> <Delay = 0.44> <FuncUnit> <Opcode : 'select'> <InPorts = 3> <OutPorts = 1>
ST_11 : Operation 81 [1/1] (0.44ns)   --->   "%v_buff_0_1_2 = select i1 %trunc_ln72, float %v_buff_0_0_0, float %v_buff_0_0" [batch_align2d_hls/align2d.cpp:72]   --->   Operation 81 'select' 'v_buff_0_1_2' <Predicate = (!icmp_ln72)> <Delay = 0.44> <Core = "Sel">   --->   Core 26 'Sel' <Latency = 0> <II = 1> <Delay = 0.44> <FuncUnit> <Opcode : 'select'> <InPorts = 3> <OutPorts = 1>
ST_11 : Operation 82 [1/1] (0.00ns)   --->   "%burstread_rend = call i32 (...)* @_ssdm_op_SpecRegionEnd([17 x i8]* @burstread_OC_region_s, i32 %burstread_rbegin) nounwind" [batch_align2d_hls/align2d.cpp:72]   --->   Operation 82 'specregionend' 'burstread_rend' <Predicate = (!icmp_ln72)> <Delay = 0.00>
ST_11 : Operation 83 [1/1] (0.00ns)   --->   "br label %burst.rd.header" [batch_align2d_hls/align2d.cpp:72]   --->   Operation 83 'br' <Predicate = (!icmp_ln72)> <Delay = 0.00>

State 12 <SV = 9> <Delay = 8.75>
ST_12 : Operation 84 [7/7] (8.75ns)   --->   "%gmem_load_req = call i1 @_ssdm_op_ReadReq.m_axi.i32P(i32* %gmem_addr, i32 1)" [batch_align2d_hls/align2d.cpp:73]   --->   Operation 84 'readreq' 'gmem_load_req' <Predicate = true> <Delay = 8.75> <Core = "m_axi">   --->   Core 9 'm_axi' <Latency = 6> <II = 1> <Delay = 1.00> <Adapter> <Opcode : 'read' 'write' 'readreq' 'writereq' 'writeresp'>

State 13 <SV = 10> <Delay = 8.75>
ST_13 : Operation 85 [6/7] (8.75ns)   --->   "%gmem_load_req = call i1 @_ssdm_op_ReadReq.m_axi.i32P(i32* %gmem_addr, i32 1)" [batch_align2d_hls/align2d.cpp:73]   --->   Operation 85 'readreq' 'gmem_load_req' <Predicate = true> <Delay = 8.75> <Core = "m_axi">   --->   Core 9 'm_axi' <Latency = 6> <II = 1> <Delay = 1.00> <Adapter> <Opcode : 'read' 'write' 'readreq' 'writereq' 'writeresp'>

State 14 <SV = 11> <Delay = 8.75>
ST_14 : Operation 86 [5/7] (8.75ns)   --->   "%gmem_load_req = call i1 @_ssdm_op_ReadReq.m_axi.i32P(i32* %gmem_addr, i32 1)" [batch_align2d_hls/align2d.cpp:73]   --->   Operation 86 'readreq' 'gmem_load_req' <Predicate = true> <Delay = 8.75> <Core = "m_axi">   --->   Core 9 'm_axi' <Latency = 6> <II = 1> <Delay = 1.00> <Adapter> <Opcode : 'read' 'write' 'readreq' 'writereq' 'writeresp'>

State 15 <SV = 12> <Delay = 8.75>
ST_15 : Operation 87 [4/7] (8.75ns)   --->   "%gmem_load_req = call i1 @_ssdm_op_ReadReq.m_axi.i32P(i32* %gmem_addr, i32 1)" [batch_align2d_hls/align2d.cpp:73]   --->   Operation 87 'readreq' 'gmem_load_req' <Predicate = true> <Delay = 8.75> <Core = "m_axi">   --->   Core 9 'm_axi' <Latency = 6> <II = 1> <Delay = 1.00> <Adapter> <Opcode : 'read' 'write' 'readreq' 'writereq' 'writeresp'>

State 16 <SV = 13> <Delay = 8.75>
ST_16 : Operation 88 [3/7] (8.75ns)   --->   "%gmem_load_req = call i1 @_ssdm_op_ReadReq.m_axi.i32P(i32* %gmem_addr, i32 1)" [batch_align2d_hls/align2d.cpp:73]   --->   Operation 88 'readreq' 'gmem_load_req' <Predicate = true> <Delay = 8.75> <Core = "m_axi">   --->   Core 9 'm_axi' <Latency = 6> <II = 1> <Delay = 1.00> <Adapter> <Opcode : 'read' 'write' 'readreq' 'writereq' 'writeresp'>

State 17 <SV = 14> <Delay = 8.75>
ST_17 : Operation 89 [2/7] (8.75ns)   --->   "%gmem_load_req = call i1 @_ssdm_op_ReadReq.m_axi.i32P(i32* %gmem_addr, i32 1)" [batch_align2d_hls/align2d.cpp:73]   --->   Operation 89 'readreq' 'gmem_load_req' <Predicate = true> <Delay = 8.75> <Core = "m_axi">   --->   Core 9 'm_axi' <Latency = 6> <II = 1> <Delay = 1.00> <Adapter> <Opcode : 'read' 'write' 'readreq' 'writereq' 'writeresp'>

State 18 <SV = 15> <Delay = 8.75>
ST_18 : Operation 90 [1/7] (8.75ns)   --->   "%gmem_load_req = call i1 @_ssdm_op_ReadReq.m_axi.i32P(i32* %gmem_addr, i32 1)" [batch_align2d_hls/align2d.cpp:73]   --->   Operation 90 'readreq' 'gmem_load_req' <Predicate = true> <Delay = 8.75> <Core = "m_axi">   --->   Core 9 'm_axi' <Latency = 6> <II = 1> <Delay = 1.00> <Adapter> <Opcode : 'read' 'write' 'readreq' 'writereq' 'writeresp'>

State 19 <SV = 16> <Delay = 8.75>
ST_19 : Operation 91 [1/1] (8.75ns)   --->   "%gmem_addr_read = call i32 @_ssdm_op_Read.m_axi.i32P(i32* %gmem_addr)" [batch_align2d_hls/align2d.cpp:73]   --->   Operation 91 'read' 'gmem_addr_read' <Predicate = true> <Delay = 8.75> <Core = "m_axi">   --->   Core 9 'm_axi' <Latency = 6> <II = 1> <Delay = 1.00> <Adapter> <Opcode : 'read' 'write' 'readreq' 'writereq' 'writeresp'>
ST_19 : Operation 92 [1/1] (0.00ns)   --->   "%trunc_ln73 = trunc i32 %gmem_addr_read to i1" [batch_align2d_hls/align2d.cpp:73]   --->   Operation 92 'trunc' 'trunc_ln73' <Predicate = true> <Delay = 0.00>

State 20 <SV = 17> <Delay = 8.75>
ST_20 : Operation 93 [1/1] (0.28ns)   --->   "%xor_ln84 = xor i1 %trunc_ln73, true" [batch_align2d_hls/align2d.cpp:84]   --->   Operation 93 'xor' 'xor_ln84' <Predicate = true> <Delay = 0.28> <Core = "LogicGate">   --->   Core 27 'LogicGate' <Latency = 0> <II = 1> <Delay = 0.28> <FuncUnit> <Opcode : 'and' 'or' 'xor'> <InPorts = 2> <OutPorts = 1>
ST_20 : Operation 94 [1/1] (8.75ns)   --->   "%p_wr_req = call i1 @_ssdm_op_WriteReq.m_axi.i32P(i32* %gmem_addr_1, i32 2)" [batch_align2d_hls/align2d.cpp:83]   --->   Operation 94 'writereq' 'p_wr_req' <Predicate = true> <Delay = 8.75> <Core = "m_axi">   --->   Core 9 'm_axi' <Latency = 6> <II = 1> <Delay = 1.00> <Adapter> <Opcode : 'read' 'write' 'readreq' 'writereq' 'writeresp'>
ST_20 : Operation 95 [1/1] (0.65ns)   --->   "br label %burst.wr.header" [batch_align2d_hls/align2d.cpp:83]   --->   Operation 95 'br' <Predicate = true> <Delay = 0.65>

State 21 <SV = 18> <Delay = 0.73>
ST_21 : Operation 96 [1/1] (0.00ns)   --->   "%phi_ln83 = phi i2 [ %add_ln83, %burstwrite.region ], [ 0, %burst.rd.end ]" [batch_align2d_hls/align2d.cpp:83]   --->   Operation 96 'phi' 'phi_ln83' <Predicate = true> <Delay = 0.00>
ST_21 : Operation 97 [1/1] (0.44ns)   --->   "%icmp_ln83 = icmp eq i2 %phi_ln83, -2" [batch_align2d_hls/align2d.cpp:83]   --->   Operation 97 'icmp' 'icmp_ln83' <Predicate = true> <Delay = 0.44> <Core = "Cmp">   --->   Core 25 'Cmp' <Latency = 0> <II = 1> <Delay = 0.44> <FuncUnit> <Opcode : 'icmp'> <InPorts = 2> <OutPorts = 1>
ST_21 : Operation 98 [1/1] (0.00ns)   --->   "%empty_7 = call i32 (...)* @_ssdm_op_SpecLoopTripCount(i64 2, i64 2, i64 2) nounwind"   --->   Operation 98 'speclooptripcount' 'empty_7' <Predicate = true> <Delay = 0.00>
ST_21 : Operation 99 [1/1] (0.54ns)   --->   "%add_ln83 = add i2 %phi_ln83, 1" [batch_align2d_hls/align2d.cpp:83]   --->   Operation 99 'add' 'add_ln83' <Predicate = true> <Delay = 0.54> <Core = "AddSub">   --->   Core 14 'AddSub' <Latency = 0> <II = 1> <Delay = 0.54> <FuncUnit> <Opcode : 'add' 'sub'> <InPorts = 2> <OutPorts = 1>
ST_21 : Operation 100 [1/1] (0.00ns)   --->   "br i1 %icmp_ln83, label %burst.wr.end, label %burstwrite.region" [batch_align2d_hls/align2d.cpp:83]   --->   Operation 100 'br' <Predicate = true> <Delay = 0.00>
ST_21 : Operation 101 [1/1] (0.00ns)   --->   "%trunc_ln83 = trunc i2 %phi_ln83 to i1" [batch_align2d_hls/align2d.cpp:83]   --->   Operation 101 'trunc' 'trunc_ln83' <Predicate = (!icmp_ln83)> <Delay = 0.00>
ST_21 : Operation 102 [1/1] (0.44ns)   --->   "%select_ln83 = select i1 %trunc_ln83, float %v_buff_0_1_0, float %v_buff_0_0_0" [batch_align2d_hls/align2d.cpp:83]   --->   Operation 102 'select' 'select_ln83' <Predicate = (!icmp_ln83)> <Delay = 0.44> <Core = "Sel">   --->   Core 26 'Sel' <Latency = 0> <II = 1> <Delay = 0.44> <FuncUnit> <Opcode : 'select'> <InPorts = 3> <OutPorts = 1>

State 22 <SV = 19> <Delay = 8.41>
ST_22 : Operation 103 [2/2] (8.41ns)   --->   "%select_ln = fmul float %select_ln83, 2.000000e+00" [batch_align2d_hls/align2d.cpp:83]   --->   Operation 103 'fmul' 'select_ln' <Predicate = (!icmp_ln83)> <Delay = 8.41> <Core = "FMul">   --->   Core 106 'FMul' <Latency = 1> <II = 1> <Delay = 8.41> <FuncUnit> <Opcode : 'fmul'> <InPorts = 2> <OutPorts = 1>

State 23 <SV = 20> <Delay = 8.41>
ST_23 : Operation 104 [1/2] (8.41ns)   --->   "%select_ln = fmul float %select_ln83, 2.000000e+00" [batch_align2d_hls/align2d.cpp:83]   --->   Operation 104 'fmul' 'select_ln' <Predicate = (!icmp_ln83)> <Delay = 8.41> <Core = "FMul">   --->   Core 106 'FMul' <Latency = 1> <II = 1> <Delay = 8.41> <FuncUnit> <Opcode : 'fmul'> <InPorts = 2> <OutPorts = 1>

State 24 <SV = 21> <Delay = 8.75>
ST_24 : Operation 105 [1/1] (0.00ns)   --->   "%burstwrite_rbegin = call i32 (...)* @_ssdm_op_SpecRegionBegin([18 x i8]* @burstwrite_OC_region) nounwind" [batch_align2d_hls/align2d.cpp:83]   --->   Operation 105 'specregionbegin' 'burstwrite_rbegin' <Predicate = (!icmp_ln83)> <Delay = 0.00>
ST_24 : Operation 106 [1/1] (0.00ns)   --->   "%empty_8 = call i32 (...)* @_ssdm_op_SpecPipeline(i32 1, i32 1, i32 1, i32 0, [1 x i8]* @p_str7) nounwind" [batch_align2d_hls/align2d.cpp:83]   --->   Operation 106 'specpipeline' 'empty_8' <Predicate = (!icmp_ln83)> <Delay = 0.00>
ST_24 : Operation 107 [1/1] (0.00ns)   --->   "%empty_9 = call i32 (...)* @_ssdm_op_SpecLoopName([24 x i8]* @memcpy_OC_cur_px_est) nounwind" [batch_align2d_hls/align2d.cpp:83]   --->   Operation 107 'specloopname' 'empty_9' <Predicate = (!icmp_ln83)> <Delay = 0.00>
ST_24 : Operation 108 [1/1] (0.00ns)   --->   "%bitcast_ln83 = bitcast float %select_ln to i32" [batch_align2d_hls/align2d.cpp:83]   --->   Operation 108 'bitcast' 'bitcast_ln83' <Predicate = (!icmp_ln83)> <Delay = 0.00>
ST_24 : Operation 109 [1/1] (8.75ns)   --->   "call void @_ssdm_op_Write.m_axi.i32P(i32* %gmem_addr_1, i32 %bitcast_ln83, i4 -1)" [batch_align2d_hls/align2d.cpp:83]   --->   Operation 109 'write' <Predicate = (!icmp_ln83)> <Delay = 8.75> <Core = "m_axi">   --->   Core 9 'm_axi' <Latency = 6> <II = 1> <Delay = 1.00> <Adapter> <Opcode : 'read' 'write' 'readreq' 'writereq' 'writeresp'>
ST_24 : Operation 110 [1/1] (0.00ns)   --->   "%burstwrite_rend = call i32 (...)* @_ssdm_op_SpecRegionEnd([18 x i8]* @burstwrite_OC_region, i32 %burstwrite_rbegin) nounwind" [batch_align2d_hls/align2d.cpp:83]   --->   Operation 110 'specregionend' 'burstwrite_rend' <Predicate = (!icmp_ln83)> <Delay = 0.00>
ST_24 : Operation 111 [1/1] (0.00ns)   --->   "br label %burst.wr.header" [batch_align2d_hls/align2d.cpp:83]   --->   Operation 111 'br' <Predicate = (!icmp_ln83)> <Delay = 0.00>

State 25 <SV = 19> <Delay = 8.75>
ST_25 : Operation 112 [5/5] (8.75ns)   --->   "%p_wr_resp = call i1 @_ssdm_op_WriteResp.m_axi.i32P(i32* %gmem_addr_1)" [batch_align2d_hls/align2d.cpp:83]   --->   Operation 112 'writeresp' 'p_wr_resp' <Predicate = true> <Delay = 8.75> <Core = "m_axi">   --->   Core 9 'm_axi' <Latency = 6> <II = 1> <Delay = 1.00> <Adapter> <Opcode : 'read' 'write' 'readreq' 'writereq' 'writeresp'>

State 26 <SV = 20> <Delay = 8.75>
ST_26 : Operation 113 [4/5] (8.75ns)   --->   "%p_wr_resp = call i1 @_ssdm_op_WriteResp.m_axi.i32P(i32* %gmem_addr_1)" [batch_align2d_hls/align2d.cpp:83]   --->   Operation 113 'writeresp' 'p_wr_resp' <Predicate = true> <Delay = 8.75> <Core = "m_axi">   --->   Core 9 'm_axi' <Latency = 6> <II = 1> <Delay = 1.00> <Adapter> <Opcode : 'read' 'write' 'readreq' 'writereq' 'writeresp'>

State 27 <SV = 21> <Delay = 8.75>
ST_27 : Operation 114 [3/5] (8.75ns)   --->   "%p_wr_resp = call i1 @_ssdm_op_WriteResp.m_axi.i32P(i32* %gmem_addr_1)" [batch_align2d_hls/align2d.cpp:83]   --->   Operation 114 'writeresp' 'p_wr_resp' <Predicate = true> <Delay = 8.75> <Core = "m_axi">   --->   Core 9 'm_axi' <Latency = 6> <II = 1> <Delay = 1.00> <Adapter> <Opcode : 'read' 'write' 'readreq' 'writereq' 'writeresp'>

State 28 <SV = 22> <Delay = 8.75>
ST_28 : Operation 115 [2/5] (8.75ns)   --->   "%p_wr_resp = call i1 @_ssdm_op_WriteResp.m_axi.i32P(i32* %gmem_addr_1)" [batch_align2d_hls/align2d.cpp:83]   --->   Operation 115 'writeresp' 'p_wr_resp' <Predicate = true> <Delay = 8.75> <Core = "m_axi">   --->   Core 9 'm_axi' <Latency = 6> <II = 1> <Delay = 1.00> <Adapter> <Opcode : 'read' 'write' 'readreq' 'writereq' 'writeresp'>

State 29 <SV = 23> <Delay = 8.75>
ST_29 : Operation 116 [1/5] (8.75ns)   --->   "%p_wr_resp = call i1 @_ssdm_op_WriteResp.m_axi.i32P(i32* %gmem_addr_1)" [batch_align2d_hls/align2d.cpp:83]   --->   Operation 116 'writeresp' 'p_wr_resp' <Predicate = true> <Delay = 8.75> <Core = "m_axi">   --->   Core 9 'm_axi' <Latency = 6> <II = 1> <Delay = 1.00> <Adapter> <Opcode : 'read' 'write' 'readreq' 'writereq' 'writeresp'>

State 30 <SV = 24> <Delay = 8.75>
ST_30 : Operation 117 [7/7] (8.75ns)   --->   "%gmem_load_2_req = call i1 @_ssdm_op_ReadReq.m_axi.i32P(i32* %gmem_addr, i32 1)"   --->   Operation 117 'readreq' 'gmem_load_2_req' <Predicate = true> <Delay = 8.75> <Core = "m_axi">   --->   Core 9 'm_axi' <Latency = 6> <II = 1> <Delay = 1.00> <Adapter> <Opcode : 'read' 'write' 'readreq' 'writereq' 'writeresp'>

State 31 <SV = 25> <Delay = 8.75>
ST_31 : Operation 118 [6/7] (8.75ns)   --->   "%gmem_load_2_req = call i1 @_ssdm_op_ReadReq.m_axi.i32P(i32* %gmem_addr, i32 1)"   --->   Operation 118 'readreq' 'gmem_load_2_req' <Predicate = true> <Delay = 8.75> <Core = "m_axi">   --->   Core 9 'm_axi' <Latency = 6> <II = 1> <Delay = 1.00> <Adapter> <Opcode : 'read' 'write' 'readreq' 'writereq' 'writeresp'>

State 32 <SV = 26> <Delay = 8.75>
ST_32 : Operation 119 [5/7] (8.75ns)   --->   "%gmem_load_2_req = call i1 @_ssdm_op_ReadReq.m_axi.i32P(i32* %gmem_addr, i32 1)"   --->   Operation 119 'readreq' 'gmem_load_2_req' <Predicate = true> <Delay = 8.75> <Core = "m_axi">   --->   Core 9 'm_axi' <Latency = 6> <II = 1> <Delay = 1.00> <Adapter> <Opcode : 'read' 'write' 'readreq' 'writereq' 'writeresp'>

State 33 <SV = 27> <Delay = 8.75>
ST_33 : Operation 120 [4/7] (8.75ns)   --->   "%gmem_load_2_req = call i1 @_ssdm_op_ReadReq.m_axi.i32P(i32* %gmem_addr, i32 1)"   --->   Operation 120 'readreq' 'gmem_load_2_req' <Predicate = true> <Delay = 8.75> <Core = "m_axi">   --->   Core 9 'm_axi' <Latency = 6> <II = 1> <Delay = 1.00> <Adapter> <Opcode : 'read' 'write' 'readreq' 'writereq' 'writeresp'>

State 34 <SV = 28> <Delay = 8.75>
ST_34 : Operation 121 [3/7] (8.75ns)   --->   "%gmem_load_2_req = call i1 @_ssdm_op_ReadReq.m_axi.i32P(i32* %gmem_addr, i32 1)"   --->   Operation 121 'readreq' 'gmem_load_2_req' <Predicate = true> <Delay = 8.75> <Core = "m_axi">   --->   Core 9 'm_axi' <Latency = 6> <II = 1> <Delay = 1.00> <Adapter> <Opcode : 'read' 'write' 'readreq' 'writereq' 'writeresp'>

State 35 <SV = 29> <Delay = 8.75>
ST_35 : Operation 122 [2/7] (8.75ns)   --->   "%gmem_load_2_req = call i1 @_ssdm_op_ReadReq.m_axi.i32P(i32* %gmem_addr, i32 1)"   --->   Operation 122 'readreq' 'gmem_load_2_req' <Predicate = true> <Delay = 8.75> <Core = "m_axi">   --->   Core 9 'm_axi' <Latency = 6> <II = 1> <Delay = 1.00> <Adapter> <Opcode : 'read' 'write' 'readreq' 'writereq' 'writeresp'>

State 36 <SV = 30> <Delay = 8.75>
ST_36 : Operation 123 [1/7] (8.75ns)   --->   "%gmem_load_2_req = call i1 @_ssdm_op_ReadReq.m_axi.i32P(i32* %gmem_addr, i32 1)"   --->   Operation 123 'readreq' 'gmem_load_2_req' <Predicate = true> <Delay = 8.75> <Core = "m_axi">   --->   Core 9 'm_axi' <Latency = 6> <II = 1> <Delay = 1.00> <Adapter> <Opcode : 'read' 'write' 'readreq' 'writereq' 'writeresp'>

State 37 <SV = 31> <Delay = 8.75>
ST_37 : Operation 124 [1/1] (8.75ns)   --->   "%gmem_addr_read_1 = call i32 @_ssdm_op_Read.m_axi.i32P(i32* %gmem_addr)"   --->   Operation 124 'read' 'gmem_addr_read_1' <Predicate = true> <Delay = 8.75> <Core = "m_axi">   --->   Core 9 'm_axi' <Latency = 6> <II = 1> <Delay = 1.00> <Adapter> <Opcode : 'read' 'write' 'readreq' 'writereq' 'writeresp'>
ST_37 : Operation 125 [1/1] (0.00ns)   --->   "%tmp_1 = call i32 @_ssdm_op_BitSet.i32.i32.i32.i1(i32 %gmem_addr_read_1, i32 0, i1 %xor_ln84)" [batch_align2d_hls/align2d.cpp:84]   --->   Operation 125 'bitset' 'tmp_1' <Predicate = true> <Delay = 0.00>

State 38 <SV = 32> <Delay = 8.75>
ST_38 : Operation 126 [1/1] (8.75ns)   --->   "%gmem_addr_req = call i1 @_ssdm_op_WriteReq.m_axi.i32P(i32* %gmem_addr, i32 1)" [batch_align2d_hls/align2d.cpp:84]   --->   Operation 126 'writereq' 'gmem_addr_req' <Predicate = true> <Delay = 8.75> <Core = "m_axi">   --->   Core 9 'm_axi' <Latency = 6> <II = 1> <Delay = 1.00> <Adapter> <Opcode : 'read' 'write' 'readreq' 'writereq' 'writeresp'>

State 39 <SV = 33> <Delay = 8.75>
ST_39 : Operation 127 [1/1] (8.75ns)   --->   "call void @_ssdm_op_Write.m_axi.i32P(i32* %gmem_addr, i32 %tmp_1, i4 -1)" [batch_align2d_hls/align2d.cpp:84]   --->   Operation 127 'write' <Predicate = true> <Delay = 8.75> <Core = "m_axi">   --->   Core 9 'm_axi' <Latency = 6> <II = 1> <Delay = 1.00> <Adapter> <Opcode : 'read' 'write' 'readreq' 'writereq' 'writeresp'>

State 40 <SV = 34> <Delay = 8.75>
ST_40 : Operation 128 [5/5] (8.75ns)   --->   "%gmem_addr_resp = call i1 @_ssdm_op_WriteResp.m_axi.i32P(i32* %gmem_addr)" [batch_align2d_hls/align2d.cpp:84]   --->   Operation 128 'writeresp' 'gmem_addr_resp' <Predicate = true> <Delay = 8.75> <Core = "m_axi">   --->   Core 9 'm_axi' <Latency = 6> <II = 1> <Delay = 1.00> <Adapter> <Opcode : 'read' 'write' 'readreq' 'writereq' 'writeresp'>

State 41 <SV = 35> <Delay = 8.75>
ST_41 : Operation 129 [4/5] (8.75ns)   --->   "%gmem_addr_resp = call i1 @_ssdm_op_WriteResp.m_axi.i32P(i32* %gmem_addr)" [batch_align2d_hls/align2d.cpp:84]   --->   Operation 129 'writeresp' 'gmem_addr_resp' <Predicate = true> <Delay = 8.75> <Core = "m_axi">   --->   Core 9 'm_axi' <Latency = 6> <II = 1> <Delay = 1.00> <Adapter> <Opcode : 'read' 'write' 'readreq' 'writereq' 'writeresp'>

State 42 <SV = 36> <Delay = 8.75>
ST_42 : Operation 130 [3/5] (8.75ns)   --->   "%gmem_addr_resp = call i1 @_ssdm_op_WriteResp.m_axi.i32P(i32* %gmem_addr)" [batch_align2d_hls/align2d.cpp:84]   --->   Operation 130 'writeresp' 'gmem_addr_resp' <Predicate = true> <Delay = 8.75> <Core = "m_axi">   --->   Core 9 'm_axi' <Latency = 6> <II = 1> <Delay = 1.00> <Adapter> <Opcode : 'read' 'write' 'readreq' 'writereq' 'writeresp'>

State 43 <SV = 37> <Delay = 8.75>
ST_43 : Operation 131 [2/5] (8.75ns)   --->   "%gmem_addr_resp = call i1 @_ssdm_op_WriteResp.m_axi.i32P(i32* %gmem_addr)" [batch_align2d_hls/align2d.cpp:84]   --->   Operation 131 'writeresp' 'gmem_addr_resp' <Predicate = true> <Delay = 8.75> <Core = "m_axi">   --->   Core 9 'm_axi' <Latency = 6> <II = 1> <Delay = 1.00> <Adapter> <Opcode : 'read' 'write' 'readreq' 'writereq' 'writeresp'>

State 44 <SV = 38> <Delay = 8.75>
ST_44 : Operation 132 [1/5] (8.75ns)   --->   "%gmem_addr_resp = call i1 @_ssdm_op_WriteResp.m_axi.i32P(i32* %gmem_addr)" [batch_align2d_hls/align2d.cpp:84]   --->   Operation 132 'writeresp' 'gmem_addr_resp' <Predicate = true> <Delay = 8.75> <Core = "m_axi">   --->   Core 9 'm_axi' <Latency = 6> <II = 1> <Delay = 1.00> <Adapter> <Opcode : 'read' 'write' 'readreq' 'writereq' 'writeresp'>
ST_44 : Operation 133 [1/1] (0.00ns)   --->   "ret void" [batch_align2d_hls/align2d.cpp:86]   --->   Operation 133 'ret' <Predicate = true> <Delay = 0.00>


============================================================
+ Verbose Summary: Binding
============================================================
STG Binding: 
---------------- STG Properties BEGIN ----------------
- Is combinational: 0
- Is one-state seq: 0
- Is datapath-only: 0
- Is pipelined: 0
- Is top level: 1
Port [ Return ] is wired: 1; IO mode=ap_ctrl_hs:ce=0
Port [ gmem]:  wired=1; compound=1; hidden=0; nouse=0; global=0; static=0; extern=0; dir=2; type=4; pingpong=0; private_global=0; IO mode=m_axi:ce=0
Port [ cur_px_estimate]:  wired=1; compound=0; hidden=0; nouse=0; global=0; static=0; extern=0; dir=0; type=0; pingpong=0; private_global=0; IO mode=ap_none:ce=0
Port [ converged]:  wired=1; compound=0; hidden=0; nouse=0; global=0; static=0; extern=0; dir=0; type=0; pingpong=0; private_global=0; IO mode=ap_none:ce=0
---------------- STG Properties END ------------------

---------------- Datapath Model BEGIN ----------------

<LifeTime>
<method=bitvector/>
converged_read       (read             ) [ 000000000000000000000000000000000000000000000]
cur_px_estimate_read (read             ) [ 000000000000000000000000000000000000000000000]
converged3           (partselect       ) [ 000000000000000000000000000000000000000000000]
empty                (zext             ) [ 000000000000000000000000000000000000000000000]
gmem_addr            (getelementptr    ) [ 001111111111111111111111111111111111111111111]
tmp                  (partselect       ) [ 000000000000000000000000000000000000000000000]
zext_ln72            (zext             ) [ 000000000000000000000000000000000000000000000]
gmem_addr_1          (getelementptr    ) [ 001111111111111111111111111111000000000000000]
specbitsmap_ln0      (specbitsmap      ) [ 000000000000000000000000000000000000000000000]
spectopmodule_ln0    (spectopmodule    ) [ 000000000000000000000000000000000000000000000]
specinterface_ln0    (specinterface    ) [ 000000000000000000000000000000000000000000000]
specinterface_ln0    (specinterface    ) [ 000000000000000000000000000000000000000000000]
specinterface_ln0    (specinterface    ) [ 000000000000000000000000000000000000000000000]
specinterface_ln65   (specinterface    ) [ 000000000000000000000000000000000000000000000]
p_rd_req             (readreq          ) [ 000000000000000000000000000000000000000000000]
br_ln72              (br               ) [ 000000001111000000000000000000000000000000000]
v_buff_0_1_0         (phi              ) [ 000000000111111111111111100000000000000000000]
v_buff_0_0_0         (phi              ) [ 000000000111111111111111100000000000000000000]
phi_ln72             (phi              ) [ 000000000100000000000000000000000000000000000]
icmp_ln72            (icmp             ) [ 000000000111000000000000000000000000000000000]
empty_4              (speclooptripcount) [ 000000000000000000000000000000000000000000000]
add_ln72             (add              ) [ 000000001111000000000000000000000000000000000]
br_ln72              (br               ) [ 000000000000000000000000000000000000000000000]
trunc_ln72           (trunc            ) [ 000000000111000000000000000000000000000000000]
gmem_addr_1_read     (read             ) [ 000000000101000000000000000000000000000000000]
burstread_rbegin     (specregionbegin  ) [ 000000000000000000000000000000000000000000000]
empty_5              (specpipeline     ) [ 000000000000000000000000000000000000000000000]
empty_6              (specloopname     ) [ 000000000000000000000000000000000000000000000]
v_buff_0_0           (bitcast          ) [ 000000000000000000000000000000000000000000000]
v_buff_0_1_1         (select           ) [ 000000001111000000000000000000000000000000000]
v_buff_0_1_2         (select           ) [ 000000001111000000000000000000000000000000000]
burstread_rend       (specregionend    ) [ 000000000000000000000000000000000000000000000]
br_ln72              (br               ) [ 000000001111000000000000000000000000000000000]
gmem_load_req        (readreq          ) [ 000000000000000000000000000000000000000000000]
gmem_addr_read       (read             ) [ 000000000000000000000000000000000000000000000]
trunc_ln73           (trunc            ) [ 000000000000000000001000000000000000000000000]
xor_ln84             (xor              ) [ 000000000000000000000111111111111111110000000]
p_wr_req             (writereq         ) [ 000000000000000000000000000000000000000000000]
br_ln83              (br               ) [ 000000000000000000001111100000000000000000000]
phi_ln83             (phi              ) [ 000000000000000000000100000000000000000000000]
icmp_ln83            (icmp             ) [ 000000000000000000000111100000000000000000000]
empty_7              (speclooptripcount) [ 000000000000000000000000000000000000000000000]
add_ln83             (add              ) [ 000000000000000000001111100000000000000000000]
br_ln83              (br               ) [ 000000000000000000000000000000000000000000000]
trunc_ln83           (trunc            ) [ 000000000000000000000000000000000000000000000]
select_ln83          (select           ) [ 000000000000000000000111000000000000000000000]
select_ln            (fmul             ) [ 000000000000000000000100100000000000000000000]
burstwrite_rbegin    (specregionbegin  ) [ 000000000000000000000000000000000000000000000]
empty_8              (specpipeline     ) [ 000000000000000000000000000000000000000000000]
empty_9              (specloopname     ) [ 000000000000000000000000000000000000000000000]
bitcast_ln83         (bitcast          ) [ 000000000000000000000000000000000000000000000]
write_ln83           (write            ) [ 000000000000000000000000000000000000000000000]
burstwrite_rend      (specregionend    ) [ 000000000000000000000000000000000000000000000]
br_ln83              (br               ) [ 000000000000000000001111100000000000000000000]
p_wr_resp            (writeresp        ) [ 000000000000000000000000000000000000000000000]
gmem_load_2_req      (readreq          ) [ 000000000000000000000000000000000000000000000]
gmem_addr_read_1     (read             ) [ 000000000000000000000000000000000000000000000]
tmp_1                (bitset           ) [ 000000000000000000000000000000000000001100000]
gmem_addr_req        (writereq         ) [ 000000000000000000000000000000000000000000000]
write_ln84           (write            ) [ 000000000000000000000000000000000000000000000]
gmem_addr_resp       (writeresp        ) [ 000000000000000000000000000000000000000000000]
ret_ln86             (ret              ) [ 000000000000000000000000000000000000000000000]
</LifeTime>

<model>

<comp_list>
<comp id="0" class="1000" name="gmem">
<pin_list>
<pin id="1" dir="1" index="0" bw="1" slack="0"/>
</pin_list>
<bind>
<StgValue><ssdm name="gmem"/></StgValue>
</bind>
</comp>

<comp id="2" class="1000" name="cur_px_estimate">
<pin_list>
<pin id="3" dir="1" index="0" bw="1" slack="0"/>
</pin_list>
<bind>
<StgValue><ssdm name="cur_px_estimate"/></StgValue>
</bind>
</comp>

<comp id="4" class="1000" name="converged">
<pin_list>
<pin id="5" dir="1" index="0" bw="1" slack="0"/>
</pin_list>
<bind>
<StgValue><ssdm name="converged"/></StgValue>
</bind>
</comp>

<comp id="6" class="1001" name="const_6">
<pin_list>
<pin id="7" dir="1" index="0" bw="1" slack="0"/>
</pin_list>
<bind>
<StgValue><ssdm name="_ssdm_op_Read.s_axilite.i64"/></StgValue>
</bind>
</comp>

<comp id="8" class="1001" name="const_8">
<pin_list>
<pin id="9" dir="1" index="0" bw="1" slack="0"/>
</pin_list>
<bind>
<StgValue><ssdm name="_ssdm_op_PartSelect.i62.i64.i32.i32"/></StgValue>
</bind>
</comp>

<comp id="10" class="1001" name="const_10">
<pin_list>
<pin id="11" dir="1" index="0" bw="1" slack="0"/>
</pin_list>
<bind>
<StgValue><ssdm name=""/></StgValue>
</bind>
</comp>

<comp id="12" class="1001" name="const_12">
<pin_list>
<pin id="13" dir="1" index="0" bw="1" slack="0"/>
</pin_list>
<bind>
<StgValue><ssdm name=""/></StgValue>
</bind>
</comp>

<comp id="14" class="1001" name="const_14">
<pin_list>
<pin id="15" dir="1" index="0" bw="1" slack="0"/>
</pin_list>
<bind>
<StgValue><ssdm name="_ssdm_op_ReadReq.m_axi.i32P"/></StgValue>
</bind>
</comp>

<comp id="16" class="1001" name="const_16">
<pin_list>
<pin id="17" dir="1" index="0" bw="1" slack="2147483647"/>
</pin_list>
<bind>
<StgValue><ssdm name="_ssdm_op_SpecBitsMap"/></StgValue>
</bind>
</comp>

<comp id="18" class="1001" name="const_18">
<pin_list>
<pin id="19" dir="1" index="0" bw="1" slack="2147483647"/>
</pin_list>
<bind>
<StgValue><ssdm name="_ssdm_op_SpecTopModule"/></StgValue>
</bind>
</comp>

<comp id="20" class="1001" name="const_20">
<pin_list>
<pin id="21" dir="1" index="0" bw="1" slack="2147483647"/>
</pin_list>
<bind>
<StgValue><ssdm name="batch_align2D_str"/></StgValue>
</bind>
</comp>

<comp id="22" class="1001" name="const_22">
<pin_list>
<pin id="23" dir="1" index="0" bw="1" slack="2147483647"/>
</pin_list>
<bind>
<StgValue><ssdm name="_ssdm_op_SpecInterface"/></StgValue>
</bind>
</comp>

<comp id="24" class="1001" name="const_24">
<pin_list>
<pin id="25" dir="1" index="0" bw="1" slack="2147483647"/>
</pin_list>
<bind>
<StgValue><ssdm name="p_str"/></StgValue>
</bind>
</comp>

<comp id="26" class="1001" name="const_26">
<pin_list>
<pin id="27" dir="1" index="0" bw="1" slack="0"/>
</pin_list>
<bind>
<StgValue><ssdm name=""/></StgValue>
</bind>
</comp>

<comp id="28" class="1001" name="const_28">
<pin_list>
<pin id="29" dir="1" index="0" bw="1" slack="2147483647"/>
</pin_list>
<bind>
<StgValue><ssdm name="p_str1"/></StgValue>
</bind>
</comp>

<comp id="30" class="1001" name="const_30">
<pin_list>
<pin id="31" dir="1" index="0" bw="1" slack="0"/>
</pin_list>
<bind>
<StgValue><ssdm name=""/></StgValue>
</bind>
</comp>

<comp id="32" class="1001" name="const_32">
<pin_list>
<pin id="33" dir="1" index="0" bw="1" slack="2147483647"/>
</pin_list>
<bind>
<StgValue><ssdm name="p_str2"/></StgValue>
</bind>
</comp>

<comp id="34" class="1001" name="const_34">
<pin_list>
<pin id="35" dir="1" index="0" bw="1" slack="2147483647"/>
</pin_list>
<bind>
<StgValue><ssdm name="p_str3"/></StgValue>
</bind>
</comp>

<comp id="36" class="1001" name="const_36">
<pin_list>
<pin id="37" dir="1" index="0" bw="1" slack="2147483647"/>
</pin_list>
<bind>
<StgValue><ssdm name=""/></StgValue>
</bind>
</comp>

<comp id="38" class="1001" name="const_38">
<pin_list>
<pin id="39" dir="1" index="0" bw="1" slack="2147483647"/>
</pin_list>
<bind>
<StgValue><ssdm name="mode"/></StgValue>
</bind>
</comp>

<comp id="40" class="1001" name="const_40">
<pin_list>
<pin id="41" dir="1" index="0" bw="1" slack="2147483647"/>
</pin_list>
<bind>
<StgValue><ssdm name="bundle"/></StgValue>
</bind>
</comp>

<comp id="42" class="1001" name="const_42">
<pin_list>
<pin id="43" dir="1" index="0" bw="1" slack="2147483647"/>
</pin_list>
<bind>
<StgValue><ssdm name="mode4"/></StgValue>
</bind>
</comp>

<comp id="44" class="1001" name="const_44">
<pin_list>
<pin id="45" dir="1" index="0" bw="1" slack="2147483647"/>
</pin_list>
<bind>
<StgValue><ssdm name="bundle5"/></StgValue>
</bind>
</comp>

<comp id="46" class="1001" name="const_46">
<pin_list>
<pin id="47" dir="1" index="0" bw="1" slack="2147483647"/>
</pin_list>
<bind>
<StgValue><ssdm name="p_str4"/></StgValue>
</bind>
</comp>

<comp id="48" class="1001" name="const_48">
<pin_list>
<pin id="49" dir="1" index="0" bw="1" slack="2147483647"/>
</pin_list>
<bind>
<StgValue><ssdm name="p_str5"/></StgValue>
</bind>
</comp>

<comp id="50" class="1001" name="const_50">
<pin_list>
<pin id="51" dir="1" index="0" bw="1" slack="1"/>
</pin_list>
<bind>
<StgValue><ssdm name=""/></StgValue>
</bind>
</comp>

<comp id="52" class="1001" name="const_52">
<pin_list>
<pin id="53" dir="1" index="0" bw="1" slack="1"/>
</pin_list>
<bind>
<StgValue><ssdm name=""/></StgValue>
</bind>
</comp>

<comp id="54" class="1001" name="const_54">
<pin_list>
<pin id="55" dir="1" index="0" bw="1" slack="0"/>
</pin_list>
<bind>
<StgValue><ssdm name=""/></StgValue>
</bind>
</comp>

<comp id="56" class="1001" name="const_56">
<pin_list>
<pin id="57" dir="1" index="0" bw="1" slack="2147483647"/>
</pin_list>
<bind>
<StgValue><ssdm name="_ssdm_op_SpecLoopTripCount"/></StgValue>
</bind>
</comp>

<comp id="58" class="1001" name="const_58">
<pin_list>
<pin id="59" dir="1" index="0" bw="1" slack="2147483647"/>
</pin_list>
<bind>
<StgValue><ssdm name=""/></StgValue>
</bind>
</comp>

<comp id="60" class="1001" name="const_60">
<pin_list>
<pin id="61" dir="1" index="0" bw="1" slack="0"/>
</pin_list>
<bind>
<StgValue><ssdm name=""/></StgValue>
</bind>
</comp>

<comp id="62" class="1001" name="const_62">
<pin_list>
<pin id="63" dir="1" index="0" bw="1" slack="0"/>
</pin_list>
<bind>
<StgValue><ssdm name="_ssdm_op_Read.m_axi.i32P"/></StgValue>
</bind>
</comp>

<comp id="64" class="1001" name="const_64">
<pin_list>
<pin id="65" dir="1" index="0" bw="1" slack="2147483647"/>
</pin_list>
<bind>
<StgValue><ssdm name="_ssdm_op_SpecRegionBegin"/></StgValue>
</bind>
</comp>

<comp id="66" class="1001" name="const_66">
<pin_list>
<pin id="67" dir="1" index="0" bw="1" slack="2147483647"/>
</pin_list>
<bind>
<StgValue><ssdm name="burstread_OC_region_s"/></StgValue>
</bind>
</comp>

<comp id="68" class="1001" name="const_68">
<pin_list>
<pin id="69" dir="1" index="0" bw="1" slack="2147483647"/>
</pin_list>
<bind>
<StgValue><ssdm name="_ssdm_op_SpecPipeline"/></StgValue>
</bind>
</comp>

<comp id="70" class="1001" name="const_70">
<pin_list>
<pin id="71" dir="1" index="0" bw="1" slack="2147483647"/>
</pin_list>
<bind>
<StgValue><ssdm name="p_str6"/></StgValue>
</bind>
</comp>

<comp id="72" class="1001" name="const_72">
<pin_list>
<pin id="73" dir="1" index="0" bw="1" slack="2147483647"/>
</pin_list>
<bind>
<StgValue><ssdm name="_ssdm_op_SpecLoopName"/></StgValue>
</bind>
</comp>

<comp id="74" class="1001" name="const_74">
<pin_list>
<pin id="75" dir="1" index="0" bw="1" slack="2147483647"/>
</pin_list>
<bind>
<StgValue><ssdm name="memcpy_OC_OC_cur_px"/></StgValue>
</bind>
</comp>

<comp id="76" class="1001" name="const_76">
<pin_list>
<pin id="77" dir="1" index="0" bw="1" slack="2147483647"/>
</pin_list>
<bind>
<StgValue><ssdm name="_ssdm_op_SpecRegionEnd"/></StgValue>
</bind>
</comp>

<comp id="78" class="1001" name="const_78">
<pin_list>
<pin id="79" dir="1" index="0" bw="1" slack="0"/>
</pin_list>
<bind>
<StgValue><ssdm name=""/></StgValue>
</bind>
</comp>

<comp id="80" class="1001" name="const_80">
<pin_list>
<pin id="81" dir="1" index="0" bw="1" slack="0"/>
</pin_list>
<bind>
<StgValue><ssdm name="_ssdm_op_WriteReq.m_axi.i32P"/></StgValue>
</bind>
</comp>

<comp id="82" class="1001" name="const_82">
<pin_list>
<pin id="83" dir="1" index="0" bw="1" slack="0"/>
</pin_list>
<bind>
<StgValue><ssdm name=""/></StgValue>
</bind>
</comp>

<comp id="84" class="1001" name="const_84">
<pin_list>
<pin id="85" dir="1" index="0" bw="1" slack="2147483647"/>
</pin_list>
<bind>
<StgValue><ssdm name="burstwrite_OC_region"/></StgValue>
</bind>
</comp>

<comp id="86" class="1001" name="const_86">
<pin_list>
<pin id="87" dir="1" index="0" bw="1" slack="2147483647"/>
</pin_list>
<bind>
<StgValue><ssdm name="p_str7"/></StgValue>
</bind>
</comp>

<comp id="88" class="1001" name="const_88">
<pin_list>
<pin id="89" dir="1" index="0" bw="1" slack="2147483647"/>
</pin_list>
<bind>
<StgValue><ssdm name="memcpy_OC_cur_px_est"/></StgValue>
</bind>
</comp>

<comp id="90" class="1001" name="const_90">
<pin_list>
<pin id="91" dir="1" index="0" bw="1" slack="0"/>
</pin_list>
<bind>
<StgValue><ssdm name="_ssdm_op_Write.m_axi.i32P"/></StgValue>
</bind>
</comp>

<comp id="92" class="1001" name="const_92">
<pin_list>
<pin id="93" dir="1" index="0" bw="1" slack="0"/>
</pin_list>
<bind>
<StgValue><ssdm name=""/></StgValue>
</bind>
</comp>

<comp id="94" class="1001" name="const_94">
<pin_list>
<pin id="95" dir="1" index="0" bw="1" slack="0"/>
</pin_list>
<bind>
<StgValue><ssdm name="_ssdm_op_WriteResp.m_axi.i32P"/></StgValue>
</bind>
</comp>

<comp id="96" class="1001" name="const_96">
<pin_list>
<pin id="97" dir="1" index="0" bw="1" slack="0"/>
</pin_list>
<bind>
<StgValue><ssdm name="_ssdm_op_BitSet.i32.i32.i32.i1"/></StgValue>
</bind>
</comp>

<comp id="98" class="1004" name="converged_read_read_fu_98">
<pin_list>
<pin id="99" dir="0" index="0" bw="64" slack="0"/>
<pin id="100" dir="0" index="1" bw="64" slack="0"/>
<pin id="101" dir="1" index="2" bw="64" slack="0"/>
</pin_list>
<bind>
<opcode="read(1150) " fcode="read"/>
<opset="converged_read/1 "/>
</bind>
</comp>

<comp id="104" class="1004" name="cur_px_estimate_read_read_fu_104">
<pin_list>
<pin id="105" dir="0" index="0" bw="64" slack="0"/>
<pin id="106" dir="0" index="1" bw="64" slack="0"/>
<pin id="107" dir="1" index="2" bw="64" slack="0"/>
</pin_list>
<bind>
<opcode="read(1150) " fcode="read"/>
<opset="cur_px_estimate_read/1 "/>
</bind>
</comp>

<comp id="110" class="1004" name="grp_writeresp_fu_110">
<pin_list>
<pin id="111" dir="0" index="0" bw="1" slack="0"/>
<pin id="112" dir="0" index="1" bw="32" slack="1"/>
<pin id="113" dir="0" index="2" bw="3" slack="0"/>
<pin id="114" dir="1" index="3" bw="1" slack="2147483647"/>
</pin_list>
<bind>
<opcode="readreq(1154) writereq(1155) writeresp(1158) " fcode="writeresp"/>
<opset="p_rd_req/2 p_wr_req/20 p_wr_resp/25 "/>
</bind>
</comp>

<comp id="117" class="1004" name="gmem_addr_1_read_read_fu_117">
<pin_list>
<pin id="118" dir="0" index="0" bw="32" slack="0"/>
<pin id="119" dir="0" index="1" bw="32" slack="9"/>
<pin id="120" dir="1" index="2" bw="32" slack="1"/>
</pin_list>
<bind>
<opcode="read(1150) " fcode="read"/>
<opset="gmem_addr_1_read/10 "/>
</bind>
</comp>

<comp id="122" class="1004" name="grp_writeresp_fu_122">
<pin_list>
<pin id="123" dir="0" index="0" bw="1" slack="0"/>
<pin id="124" dir="0" index="1" bw="32" slack="9"/>
<pin id="125" dir="0" index="2" bw="1" slack="0"/>
<pin id="126" dir="1" index="3" bw="1" slack="2147483647"/>
</pin_list>
<bind>
<opcode="readreq(1154) writereq(1155) writeresp(1158) " fcode="writeresp"/>
<opset="gmem_load_req/12 gmem_load_2_req/30 gmem_addr_req/38 gmem_addr_resp/40 "/>
</bind>
</comp>

<comp id="129" class="1004" name="grp_read_fu_129">
<pin_list>
<pin id="130" dir="0" index="0" bw="32" slack="0"/>
<pin id="131" dir="0" index="1" bw="32" slack="16"/>
<pin id="132" dir="1" index="2" bw="32" slack="0"/>
</pin_list>
<bind>
<opcode="read(1150) " fcode="read"/>
<opset="gmem_addr_read/19 gmem_addr_read_1/37 "/>
</bind>
</comp>

<comp id="135" class="1004" name="write_ln83_write_fu_135">
<pin_list>
<pin id="136" dir="0" index="0" bw="0" slack="0"/>
<pin id="137" dir="0" index="1" bw="32" slack="21"/>
<pin id="138" dir="0" index="2" bw="32" slack="0"/>
<pin id="139" dir="0" index="3" bw="1" slack="0"/>
<pin id="140" dir="1" index="4" bw="0" slack="2147483647"/>
</pin_list>
<bind>
<opcode="write(1151) " fcode="write"/>
<opset="write_ln83/24 "/>
</bind>
</comp>

<comp id="145" class="1004" name="write_ln84_write_fu_145">
<pin_list>
<pin id="146" dir="0" index="0" bw="0" slack="0"/>
<pin id="147" dir="0" index="1" bw="32" slack="33"/>
<pin id="148" dir="0" index="2" bw="32" slack="2"/>
<pin id="149" dir="0" index="3" bw="1" slack="0"/>
<pin id="150" dir="1" index="4" bw="0" slack="2147483647"/>
</pin_list>
<bind>
<opcode="write(1151) " fcode="write"/>
<opset="write_ln84/39 "/>
</bind>
</comp>

<comp id="154" class="1005" name="v_buff_0_1_0_reg_154">
<pin_list>
<pin id="155" dir="0" index="0" bw="32" slack="1"/>
<pin id="156" dir="1" index="1" bw="32" slack="1"/>
</pin_list>
<bind>
<opset="v_buff_0_1_0 (phireg) "/>
</bind>
</comp>

<comp id="158" class="1004" name="v_buff_0_1_0_phi_fu_158">
<pin_list>
<pin id="159" dir="0" index="0" bw="32" slack="1"/>
<pin id="160" dir="0" index="1" bw="0" slack="2147483647"/>
<pin id="161" dir="0" index="2" bw="32" slack="1"/>
<pin id="162" dir="0" index="3" bw="0" slack="2147483647"/>
<pin id="163" dir="1" index="4" bw="32" slack="2"/>
</pin_list>
<bind>
<opcode="phi(47) " fcode="phi"/>
<opset="v_buff_0_1_0/9 "/>
</bind>
</comp>

<comp id="166" class="1005" name="v_buff_0_0_0_reg_166">
<pin_list>
<pin id="167" dir="0" index="0" bw="32" slack="1"/>
<pin id="168" dir="1" index="1" bw="32" slack="1"/>
</pin_list>
<bind>
<opset="v_buff_0_0_0 (phireg) "/>
</bind>
</comp>

<comp id="170" class="1004" name="v_buff_0_0_0_phi_fu_170">
<pin_list>
<pin id="171" dir="0" index="0" bw="32" slack="1"/>
<pin id="172" dir="0" index="1" bw="0" slack="2147483647"/>
<pin id="173" dir="0" index="2" bw="32" slack="1"/>
<pin id="174" dir="0" index="3" bw="0" slack="2147483647"/>
<pin id="175" dir="1" index="4" bw="32" slack="2"/>
</pin_list>
<bind>
<opcode="phi(47) " fcode="phi"/>
<opset="v_buff_0_0_0/9 "/>
</bind>
</comp>

<comp id="178" class="1005" name="phi_ln72_reg_178">
<pin_list>
<pin id="179" dir="0" index="0" bw="2" slack="1"/>
<pin id="180" dir="1" index="1" bw="2" slack="1"/>
</pin_list>
<bind>
<opset="phi_ln72 (phireg) "/>
</bind>
</comp>

<comp id="182" class="1004" name="phi_ln72_phi_fu_182">
<pin_list>
<pin id="183" dir="0" index="0" bw="1" slack="1"/>
<pin id="184" dir="0" index="1" bw="0" slack="2147483647"/>
<pin id="185" dir="0" index="2" bw="2" slack="0"/>
<pin id="186" dir="0" index="3" bw="0" slack="2147483647"/>
<pin id="187" dir="1" index="4" bw="2" slack="0"/>
</pin_list>
<bind>
<opcode="phi(47) " fcode="phi"/>
<opset="phi_ln72/9 "/>
</bind>
</comp>

<comp id="189" class="1005" name="phi_ln83_reg_189">
<pin_list>
<pin id="190" dir="0" index="0" bw="2" slack="1"/>
<pin id="191" dir="1" index="1" bw="2" slack="1"/>
</pin_list>
<bind>
<opset="phi_ln83 (phireg) "/>
</bind>
</comp>

<comp id="193" class="1004" name="phi_ln83_phi_fu_193">
<pin_list>
<pin id="194" dir="0" index="0" bw="2" slack="0"/>
<pin id="195" dir="0" index="1" bw="0" slack="2147483647"/>
<pin id="196" dir="0" index="2" bw="1" slack="1"/>
<pin id="197" dir="0" index="3" bw="0" slack="2147483647"/>
<pin id="198" dir="1" index="4" bw="2" slack="0"/>
</pin_list>
<bind>
<opcode="phi(47) " fcode="phi"/>
<opset="phi_ln83/21 "/>
</bind>
</comp>

<comp id="200" class="1004" name="grp_fu_200">
<pin_list>
<pin id="201" dir="0" index="0" bw="32" slack="1"/>
<pin id="202" dir="0" index="1" bw="32" slack="0"/>
<pin id="203" dir="1" index="2" bw="32" slack="1"/>
</pin_list>
<bind>
<opcode="fmul(13) " fcode="fmul"/>
<opset="select_ln/22 "/>
</bind>
</comp>

<comp id="205" class="1004" name="converged3_fu_205">
<pin_list>
<pin id="206" dir="0" index="0" bw="62" slack="0"/>
<pin id="207" dir="0" index="1" bw="64" slack="0"/>
<pin id="208" dir="0" index="2" bw="3" slack="0"/>
<pin id="209" dir="0" index="3" bw="7" slack="0"/>
<pin id="210" dir="1" index="4" bw="62" slack="0"/>
</pin_list>
<bind>
<opcode="partselect(1002) " fcode="partselect"/>
<opset="converged3/1 "/>
</bind>
</comp>

<comp id="215" class="1004" name="empty_fu_215">
<pin_list>
<pin id="216" dir="0" index="0" bw="62" slack="0"/>
<pin id="217" dir="1" index="1" bw="64" slack="0"/>
</pin_list>
<bind>
<opcode="zext(34) " fcode="zext"/>
<opset="empty/1 "/>
</bind>
</comp>

<comp id="219" class="1004" name="gmem_addr_fu_219">
<pin_list>
<pin id="220" dir="0" index="0" bw="32" slack="0"/>
<pin id="221" dir="0" index="1" bw="62" slack="0"/>
<pin id="222" dir="1" index="2" bw="32" slack="9"/>
</pin_list>
<bind>
<opcode="getelementptr(29) " fcode="getelementptr"/>
<opset="gmem_addr/1 "/>
</bind>
</comp>

<comp id="225" class="1004" name="tmp_fu_225">
<pin_list>
<pin id="226" dir="0" index="0" bw="62" slack="0"/>
<pin id="227" dir="0" index="1" bw="64" slack="0"/>
<pin id="228" dir="0" index="2" bw="3" slack="0"/>
<pin id="229" dir="0" index="3" bw="7" slack="0"/>
<pin id="230" dir="1" index="4" bw="62" slack="0"/>
</pin_list>
<bind>
<opcode="partselect(1002) " fcode="partselect"/>
<opset="tmp/1 "/>
</bind>
</comp>

<comp id="235" class="1004" name="zext_ln72_fu_235">
<pin_list>
<pin id="236" dir="0" index="0" bw="62" slack="0"/>
<pin id="237" dir="1" index="1" bw="64" slack="0"/>
</pin_list>
<bind>
<opcode="zext(34) " fcode="zext"/>
<opset="zext_ln72/1 "/>
</bind>
</comp>

<comp id="239" class="1004" name="gmem_addr_1_fu_239">
<pin_list>
<pin id="240" dir="0" index="0" bw="32" slack="0"/>
<pin id="241" dir="0" index="1" bw="62" slack="0"/>
<pin id="242" dir="1" index="2" bw="32" slack="1"/>
</pin_list>
<bind>
<opcode="getelementptr(29) " fcode="getelementptr"/>
<opset="gmem_addr_1/1 "/>
</bind>
</comp>

<comp id="245" class="1004" name="icmp_ln72_fu_245">
<pin_list>
<pin id="246" dir="0" index="0" bw="2" slack="0"/>
<pin id="247" dir="0" index="1" bw="2" slack="0"/>
<pin id="248" dir="1" index="2" bw="1" slack="1"/>
</pin_list>
<bind>
<opcode="icmp(45) " fcode="icmp"/>
<opset="icmp_ln72/9 "/>
</bind>
</comp>

<comp id="251" class="1004" name="add_ln72_fu_251">
<pin_list>
<pin id="252" dir="0" index="0" bw="2" slack="0"/>
<pin id="253" dir="0" index="1" bw="1" slack="0"/>
<pin id="254" dir="1" index="2" bw="2" slack="0"/>
</pin_list>
<bind>
<opcode="add(8) " fcode="add"/>
<opset="add_ln72/9 "/>
</bind>
</comp>

<comp id="257" class="1004" name="trunc_ln72_fu_257">
<pin_list>
<pin id="258" dir="0" index="0" bw="2" slack="0"/>
<pin id="259" dir="1" index="1" bw="1" slack="2"/>
</pin_list>
<bind>
<opcode="trunc(33) " fcode="trunc"/>
<opset="trunc_ln72/9 "/>
</bind>
</comp>

<comp id="261" class="1004" name="v_buff_0_0_fu_261">
<pin_list>
<pin id="262" dir="0" index="0" bw="32" slack="1"/>
<pin id="263" dir="1" index="1" bw="32" slack="0"/>
</pin_list>
<bind>
<opcode="bitcast(44) " fcode="bitcast"/>
<opset="v_buff_0_0/11 "/>
</bind>
</comp>

<comp id="264" class="1004" name="v_buff_0_1_1_fu_264">
<pin_list>
<pin id="265" dir="0" index="0" bw="1" slack="2"/>
<pin id="266" dir="0" index="1" bw="32" slack="0"/>
<pin id="267" dir="0" index="2" bw="32" slack="2"/>
<pin id="268" dir="1" index="3" bw="32" slack="1"/>
</pin_list>
<bind>
<opcode="select(49) " fcode="select"/>
<opset="v_buff_0_1_1/11 "/>
</bind>
</comp>

<comp id="271" class="1004" name="v_buff_0_1_2_fu_271">
<pin_list>
<pin id="272" dir="0" index="0" bw="1" slack="2"/>
<pin id="273" dir="0" index="1" bw="32" slack="2"/>
<pin id="274" dir="0" index="2" bw="32" slack="0"/>
<pin id="275" dir="1" index="3" bw="32" slack="1"/>
</pin_list>
<bind>
<opcode="select(49) " fcode="select"/>
<opset="v_buff_0_1_2/11 "/>
</bind>
</comp>

<comp id="278" class="1004" name="trunc_ln73_fu_278">
<pin_list>
<pin id="279" dir="0" index="0" bw="32" slack="0"/>
<pin id="280" dir="1" index="1" bw="1" slack="1"/>
</pin_list>
<bind>
<opcode="trunc(33) " fcode="trunc"/>
<opset="trunc_ln73/19 "/>
</bind>
</comp>

<comp id="282" class="1004" name="xor_ln84_fu_282">
<pin_list>
<pin id="283" dir="0" index="0" bw="1" slack="1"/>
<pin id="284" dir="0" index="1" bw="1" slack="0"/>
<pin id="285" dir="1" index="2" bw="1" slack="14"/>
</pin_list>
<bind>
<opcode="xor(25) " fcode="xor"/>
<opset="xor_ln84/20 "/>
</bind>
</comp>

<comp id="287" class="1004" name="icmp_ln83_fu_287">
<pin_list>
<pin id="288" dir="0" index="0" bw="2" slack="0"/>
<pin id="289" dir="0" index="1" bw="2" slack="0"/>
<pin id="290" dir="1" index="2" bw="1" slack="1"/>
</pin_list>
<bind>
<opcode="icmp(45) " fcode="icmp"/>
<opset="icmp_ln83/21 "/>
</bind>
</comp>

<comp id="293" class="1004" name="add_ln83_fu_293">
<pin_list>
<pin id="294" dir="0" index="0" bw="2" slack="0"/>
<pin id="295" dir="0" index="1" bw="1" slack="0"/>
<pin id="296" dir="1" index="2" bw="2" slack="0"/>
</pin_list>
<bind>
<opcode="add(8) " fcode="add"/>
<opset="add_ln83/21 "/>
</bind>
</comp>

<comp id="299" class="1004" name="trunc_ln83_fu_299">
<pin_list>
<pin id="300" dir="0" index="0" bw="2" slack="0"/>
<pin id="301" dir="1" index="1" bw="1" slack="0"/>
</pin_list>
<bind>
<opcode="trunc(33) " fcode="trunc"/>
<opset="trunc_ln83/21 "/>
</bind>
</comp>

<comp id="303" class="1004" name="select_ln83_fu_303">
<pin_list>
<pin id="304" dir="0" index="0" bw="1" slack="0"/>
<pin id="305" dir="0" index="1" bw="32" slack="10"/>
<pin id="306" dir="0" index="2" bw="32" slack="10"/>
<pin id="307" dir="1" index="3" bw="32" slack="1"/>
</pin_list>
<bind>
<opcode="select(49) " fcode="select"/>
<opset="select_ln83/21 "/>
</bind>
</comp>

<comp id="311" class="1004" name="bitcast_ln83_fu_311">
<pin_list>
<pin id="312" dir="0" index="0" bw="32" slack="1"/>
<pin id="313" dir="1" index="1" bw="32" slack="0"/>
</pin_list>
<bind>
<opcode="bitcast(44) " fcode="bitcast"/>
<opset="bitcast_ln83/24 "/>
</bind>
</comp>

<comp id="315" class="1004" name="tmp_1_fu_315">
<pin_list>
<pin id="316" dir="0" index="0" bw="32" slack="0"/>
<pin id="317" dir="0" index="1" bw="32" slack="0"/>
<pin id="318" dir="0" index="2" bw="1" slack="0"/>
<pin id="319" dir="0" index="3" bw="1" slack="14"/>
<pin id="320" dir="1" index="4" bw="32" slack="2"/>
</pin_list>
<bind>
<opcode="bitset(1001) " fcode="bitset"/>
<opset="tmp_1/37 "/>
</bind>
</comp>

<comp id="324" class="1005" name="gmem_addr_reg_324">
<pin_list>
<pin id="325" dir="0" index="0" bw="32" slack="9"/>
<pin id="326" dir="1" index="1" bw="32" slack="9"/>
</pin_list>
<bind>
<opset="gmem_addr "/>
</bind>
</comp>

<comp id="331" class="1005" name="gmem_addr_1_reg_331">
<pin_list>
<pin id="332" dir="0" index="0" bw="32" slack="1"/>
<pin id="333" dir="1" index="1" bw="32" slack="1"/>
</pin_list>
<bind>
<opset="gmem_addr_1 "/>
</bind>
</comp>

<comp id="338" class="1005" name="icmp_ln72_reg_338">
<pin_list>
<pin id="339" dir="0" index="0" bw="1" slack="1"/>
<pin id="340" dir="1" index="1" bw="1" slack="2147483647"/>
</pin_list>
<bind>
<opset="icmp_ln72 "/>
</bind>
</comp>

<comp id="342" class="1005" name="add_ln72_reg_342">
<pin_list>
<pin id="343" dir="0" index="0" bw="2" slack="0"/>
<pin id="344" dir="1" index="1" bw="2" slack="0"/>
</pin_list>
<bind>
<opset="add_ln72 "/>
</bind>
</comp>

<comp id="347" class="1005" name="trunc_ln72_reg_347">
<pin_list>
<pin id="348" dir="0" index="0" bw="1" slack="2"/>
<pin id="349" dir="1" index="1" bw="1" slack="2"/>
</pin_list>
<bind>
<opset="trunc_ln72 "/>
</bind>
</comp>

<comp id="353" class="1005" name="gmem_addr_1_read_reg_353">
<pin_list>
<pin id="354" dir="0" index="0" bw="32" slack="1"/>
<pin id="355" dir="1" index="1" bw="32" slack="1"/>
</pin_list>
<bind>
<opset="gmem_addr_1_read "/>
</bind>
</comp>

<comp id="358" class="1005" name="v_buff_0_1_1_reg_358">
<pin_list>
<pin id="359" dir="0" index="0" bw="32" slack="1"/>
<pin id="360" dir="1" index="1" bw="32" slack="1"/>
</pin_list>
<bind>
<opset="v_buff_0_1_1 "/>
</bind>
</comp>

<comp id="363" class="1005" name="v_buff_0_1_2_reg_363">
<pin_list>
<pin id="364" dir="0" index="0" bw="32" slack="1"/>
<pin id="365" dir="1" index="1" bw="32" slack="1"/>
</pin_list>
<bind>
<opset="v_buff_0_1_2 "/>
</bind>
</comp>

<comp id="368" class="1005" name="trunc_ln73_reg_368">
<pin_list>
<pin id="369" dir="0" index="0" bw="1" slack="1"/>
<pin id="370" dir="1" index="1" bw="1" slack="1"/>
</pin_list>
<bind>
<opset="trunc_ln73 "/>
</bind>
</comp>

<comp id="373" class="1005" name="xor_ln84_reg_373">
<pin_list>
<pin id="374" dir="0" index="0" bw="1" slack="14"/>
<pin id="375" dir="1" index="1" bw="1" slack="14"/>
</pin_list>
<bind>
<opset="xor_ln84 "/>
</bind>
</comp>

<comp id="378" class="1005" name="icmp_ln83_reg_378">
<pin_list>
<pin id="379" dir="0" index="0" bw="1" slack="1"/>
<pin id="380" dir="1" index="1" bw="1" slack="2147483647"/>
</pin_list>
<bind>
<opset="icmp_ln83 "/>
</bind>
</comp>

<comp id="382" class="1005" name="add_ln83_reg_382">
<pin_list>
<pin id="383" dir="0" index="0" bw="2" slack="0"/>
<pin id="384" dir="1" index="1" bw="2" slack="0"/>
</pin_list>
<bind>
<opset="add_ln83 "/>
</bind>
</comp>

<comp id="387" class="1005" name="select_ln83_reg_387">
<pin_list>
<pin id="388" dir="0" index="0" bw="32" slack="1"/>
<pin id="389" dir="1" index="1" bw="32" slack="1"/>
</pin_list>
<bind>
<opset="select_ln83 "/>
</bind>
</comp>

<comp id="392" class="1005" name="select_ln_reg_392">
<pin_list>
<pin id="393" dir="0" index="0" bw="32" slack="1"/>
<pin id="394" dir="1" index="1" bw="32" slack="1"/>
</pin_list>
<bind>
<opset="select_ln "/>
</bind>
</comp>

<comp id="397" class="1005" name="tmp_1_reg_397">
<pin_list>
<pin id="398" dir="0" index="0" bw="32" slack="2"/>
<pin id="399" dir="1" index="1" bw="32" slack="2"/>
</pin_list>
<bind>
<opset="tmp_1 "/>
</bind>
</comp>

</comp_list>

<net_list>
<net id="102"><net_src comp="6" pin="0"/><net_sink comp="98" pin=0"/></net>

<net id="103"><net_src comp="4" pin="0"/><net_sink comp="98" pin=1"/></net>

<net id="108"><net_src comp="6" pin="0"/><net_sink comp="104" pin=0"/></net>

<net id="109"><net_src comp="2" pin="0"/><net_sink comp="104" pin=1"/></net>

<net id="115"><net_src comp="14" pin="0"/><net_sink comp="110" pin=0"/></net>

<net id="116"><net_src comp="10" pin="0"/><net_sink comp="110" pin=2"/></net>

<net id="121"><net_src comp="62" pin="0"/><net_sink comp="117" pin=0"/></net>

<net id="127"><net_src comp="14" pin="0"/><net_sink comp="122" pin=0"/></net>

<net id="128"><net_src comp="30" pin="0"/><net_sink comp="122" pin=2"/></net>

<net id="133"><net_src comp="62" pin="0"/><net_sink comp="129" pin=0"/></net>

<net id="134"><net_src comp="80" pin="0"/><net_sink comp="110" pin=0"/></net>

<net id="141"><net_src comp="90" pin="0"/><net_sink comp="135" pin=0"/></net>

<net id="142"><net_src comp="92" pin="0"/><net_sink comp="135" pin=3"/></net>

<net id="143"><net_src comp="94" pin="0"/><net_sink comp="110" pin=0"/></net>

<net id="144"><net_src comp="80" pin="0"/><net_sink comp="122" pin=0"/></net>

<net id="151"><net_src comp="90" pin="0"/><net_sink comp="145" pin=0"/></net>

<net id="152"><net_src comp="92" pin="0"/><net_sink comp="145" pin=3"/></net>

<net id="153"><net_src comp="94" pin="0"/><net_sink comp="122" pin=0"/></net>

<net id="157"><net_src comp="50" pin="0"/><net_sink comp="154" pin=0"/></net>

<net id="164"><net_src comp="154" pin="1"/><net_sink comp="158" pin=0"/></net>

<net id="165"><net_src comp="158" pin="4"/><net_sink comp="154" pin=0"/></net>

<net id="169"><net_src comp="50" pin="0"/><net_sink comp="166" pin=0"/></net>

<net id="176"><net_src comp="166" pin="1"/><net_sink comp="170" pin=0"/></net>

<net id="177"><net_src comp="170" pin="4"/><net_sink comp="166" pin=0"/></net>

<net id="181"><net_src comp="52" pin="0"/><net_sink comp="178" pin=0"/></net>

<net id="188"><net_src comp="178" pin="1"/><net_sink comp="182" pin=0"/></net>

<net id="192"><net_src comp="52" pin="0"/><net_sink comp="189" pin=0"/></net>

<net id="199"><net_src comp="189" pin="1"/><net_sink comp="193" pin=2"/></net>

<net id="204"><net_src comp="82" pin="0"/><net_sink comp="200" pin=1"/></net>

<net id="211"><net_src comp="8" pin="0"/><net_sink comp="205" pin=0"/></net>

<net id="212"><net_src comp="98" pin="2"/><net_sink comp="205" pin=1"/></net>

<net id="213"><net_src comp="10" pin="0"/><net_sink comp="205" pin=2"/></net>

<net id="214"><net_src comp="12" pin="0"/><net_sink comp="205" pin=3"/></net>

<net id="218"><net_src comp="205" pin="4"/><net_sink comp="215" pin=0"/></net>

<net id="223"><net_src comp="0" pin="0"/><net_sink comp="219" pin=0"/></net>

<net id="224"><net_src comp="215" pin="1"/><net_sink comp="219" pin=1"/></net>

<net id="231"><net_src comp="8" pin="0"/><net_sink comp="225" pin=0"/></net>

<net id="232"><net_src comp="104" pin="2"/><net_sink comp="225" pin=1"/></net>

<net id="233"><net_src comp="10" pin="0"/><net_sink comp="225" pin=2"/></net>

<net id="234"><net_src comp="12" pin="0"/><net_sink comp="225" pin=3"/></net>

<net id="238"><net_src comp="225" pin="4"/><net_sink comp="235" pin=0"/></net>

<net id="243"><net_src comp="0" pin="0"/><net_sink comp="239" pin=0"/></net>

<net id="244"><net_src comp="235" pin="1"/><net_sink comp="239" pin=1"/></net>

<net id="249"><net_src comp="182" pin="4"/><net_sink comp="245" pin=0"/></net>

<net id="250"><net_src comp="54" pin="0"/><net_sink comp="245" pin=1"/></net>

<net id="255"><net_src comp="182" pin="4"/><net_sink comp="251" pin=0"/></net>

<net id="256"><net_src comp="60" pin="0"/><net_sink comp="251" pin=1"/></net>

<net id="260"><net_src comp="182" pin="4"/><net_sink comp="257" pin=0"/></net>

<net id="269"><net_src comp="261" pin="1"/><net_sink comp="264" pin=1"/></net>

<net id="270"><net_src comp="154" pin="1"/><net_sink comp="264" pin=2"/></net>

<net id="276"><net_src comp="166" pin="1"/><net_sink comp="271" pin=1"/></net>

<net id="277"><net_src comp="261" pin="1"/><net_sink comp="271" pin=2"/></net>

<net id="281"><net_src comp="129" pin="2"/><net_sink comp="278" pin=0"/></net>

<net id="286"><net_src comp="78" pin="0"/><net_sink comp="282" pin=1"/></net>

<net id="291"><net_src comp="193" pin="4"/><net_sink comp="287" pin=0"/></net>

<net id="292"><net_src comp="54" pin="0"/><net_sink comp="287" pin=1"/></net>

<net id="297"><net_src comp="193" pin="4"/><net_sink comp="293" pin=0"/></net>

<net id="298"><net_src comp="60" pin="0"/><net_sink comp="293" pin=1"/></net>

<net id="302"><net_src comp="193" pin="4"/><net_sink comp="299" pin=0"/></net>

<net id="308"><net_src comp="299" pin="1"/><net_sink comp="303" pin=0"/></net>

<net id="309"><net_src comp="154" pin="1"/><net_sink comp="303" pin=1"/></net>

<net id="310"><net_src comp="166" pin="1"/><net_sink comp="303" pin=2"/></net>

<net id="314"><net_src comp="311" pin="1"/><net_sink comp="135" pin=2"/></net>

<net id="321"><net_src comp="96" pin="0"/><net_sink comp="315" pin=0"/></net>

<net id="322"><net_src comp="129" pin="2"/><net_sink comp="315" pin=1"/></net>

<net id="323"><net_src comp="26" pin="0"/><net_sink comp="315" pin=2"/></net>

<net id="327"><net_src comp="219" pin="2"/><net_sink comp="324" pin=0"/></net>

<net id="328"><net_src comp="324" pin="1"/><net_sink comp="122" pin=1"/></net>

<net id="329"><net_src comp="324" pin="1"/><net_sink comp="129" pin=1"/></net>

<net id="330"><net_src comp="324" pin="1"/><net_sink comp="145" pin=1"/></net>

<net id="334"><net_src comp="239" pin="2"/><net_sink comp="331" pin=0"/></net>

<net id="335"><net_src comp="331" pin="1"/><net_sink comp="110" pin=1"/></net>

<net id="336"><net_src comp="331" pin="1"/><net_sink comp="117" pin=1"/></net>

<net id="337"><net_src comp="331" pin="1"/><net_sink comp="135" pin=1"/></net>

<net id="341"><net_src comp="245" pin="2"/><net_sink comp="338" pin=0"/></net>

<net id="345"><net_src comp="251" pin="2"/><net_sink comp="342" pin=0"/></net>

<net id="346"><net_src comp="342" pin="1"/><net_sink comp="182" pin=2"/></net>

<net id="350"><net_src comp="257" pin="1"/><net_sink comp="347" pin=0"/></net>

<net id="351"><net_src comp="347" pin="1"/><net_sink comp="264" pin=0"/></net>

<net id="352"><net_src comp="347" pin="1"/><net_sink comp="271" pin=0"/></net>

<net id="356"><net_src comp="117" pin="2"/><net_sink comp="353" pin=0"/></net>

<net id="357"><net_src comp="353" pin="1"/><net_sink comp="261" pin=0"/></net>

<net id="361"><net_src comp="264" pin="3"/><net_sink comp="358" pin=0"/></net>

<net id="362"><net_src comp="358" pin="1"/><net_sink comp="158" pin=2"/></net>

<net id="366"><net_src comp="271" pin="3"/><net_sink comp="363" pin=0"/></net>

<net id="367"><net_src comp="363" pin="1"/><net_sink comp="170" pin=2"/></net>

<net id="371"><net_src comp="278" pin="1"/><net_sink comp="368" pin=0"/></net>

<net id="372"><net_src comp="368" pin="1"/><net_sink comp="282" pin=0"/></net>

<net id="376"><net_src comp="282" pin="2"/><net_sink comp="373" pin=0"/></net>

<net id="377"><net_src comp="373" pin="1"/><net_sink comp="315" pin=3"/></net>

<net id="381"><net_src comp="287" pin="2"/><net_sink comp="378" pin=0"/></net>

<net id="385"><net_src comp="293" pin="2"/><net_sink comp="382" pin=0"/></net>

<net id="386"><net_src comp="382" pin="1"/><net_sink comp="193" pin=0"/></net>

<net id="390"><net_src comp="303" pin="3"/><net_sink comp="387" pin=0"/></net>

<net id="391"><net_src comp="387" pin="1"/><net_sink comp="200" pin=0"/></net>

<net id="395"><net_src comp="200" pin="2"/><net_sink comp="392" pin=0"/></net>

<net id="396"><net_src comp="392" pin="1"/><net_sink comp="311" pin=0"/></net>

<net id="400"><net_src comp="315" pin="4"/><net_sink comp="397" pin=0"/></net>

<net id="401"><net_src comp="397" pin="1"/><net_sink comp="145" pin=2"/></net>

</net_list>

</model> 
---------------- Datapath Model END ------------------

* FSMD analyzer results:
  - Output states:
	Port: gmem | {20 24 25 26 27 28 29 38 39 40 41 42 43 44 }
 - Input state : 
	Port: batch_align2D : gmem | {2 3 4 5 6 7 8 10 12 13 14 15 16 17 18 19 30 31 32 33 34 35 36 37 }
	Port: batch_align2D : cur_px_estimate | {1 }
	Port: batch_align2D : converged | {1 }
  - Chain level:
	State 1
		empty : 1
		gmem_addr : 2
		zext_ln72 : 1
		gmem_addr_1 : 2
	State 2
	State 3
	State 4
	State 5
	State 6
	State 7
	State 8
	State 9
		icmp_ln72 : 1
		add_ln72 : 1
		br_ln72 : 2
		trunc_ln72 : 1
	State 10
	State 11
		v_buff_0_1_1 : 1
		v_buff_0_1_2 : 1
		burstread_rend : 1
	State 12
	State 13
	State 14
	State 15
	State 16
	State 17
	State 18
	State 19
	State 20
	State 21
		icmp_ln83 : 1
		add_ln83 : 1
		br_ln83 : 2
		trunc_ln83 : 1
		select_ln83 : 2
	State 22
	State 23
	State 24
		write_ln83 : 1
		burstwrite_rend : 1
	State 25
	State 26
	State 27
	State 28
	State 29
	State 30
	State 31
	State 32
	State 33
	State 34
	State 35
	State 36
	State 37
	State 38
	State 39
	State 40
	State 41
	State 42
	State 43
	State 44


============================================================
+ Verbose Summary: Datapath Resource usage 
============================================================

* Functional unit list:
|----------|----------------------------------|---------|---------|---------|
| Operation|          Functional Unit         |  DSP48E |    FF   |   LUT   |
|----------|----------------------------------|---------|---------|---------|
|   fmul   |            grp_fu_200            |    3    |   128   |   135   |
|----------|----------------------------------|---------|---------|---------|
|          |        v_buff_0_1_1_fu_264       |    0    |    0    |    32   |
|  select  |        v_buff_0_1_2_fu_271       |    0    |    0    |    32   |
|          |        select_ln83_fu_303        |    0    |    0    |    32   |
|----------|----------------------------------|---------|---------|---------|
|    add   |          add_ln72_fu_251         |    0    |    0    |    9    |
|          |          add_ln83_fu_293         |    0    |    0    |    9    |
|----------|----------------------------------|---------|---------|---------|
|   icmp   |         icmp_ln72_fu_245         |    0    |    0    |    8    |
|          |         icmp_ln83_fu_287         |    0    |    0    |    8    |
|----------|----------------------------------|---------|---------|---------|
|    xor   |          xor_ln84_fu_282         |    0    |    0    |    2    |
|----------|----------------------------------|---------|---------|---------|
|          |     converged_read_read_fu_98    |    0    |    0    |    0    |
|   read   | cur_px_estimate_read_read_fu_104 |    0    |    0    |    0    |
|          |   gmem_addr_1_read_read_fu_117   |    0    |    0    |    0    |
|          |          grp_read_fu_129         |    0    |    0    |    0    |
|----------|----------------------------------|---------|---------|---------|
| writeresp|       grp_writeresp_fu_110       |    0    |    0    |    0    |
|          |       grp_writeresp_fu_122       |    0    |    0    |    0    |
|----------|----------------------------------|---------|---------|---------|
|   write  |      write_ln83_write_fu_135     |    0    |    0    |    0    |
|          |      write_ln84_write_fu_145     |    0    |    0    |    0    |
|----------|----------------------------------|---------|---------|---------|
|partselect|         converged3_fu_205        |    0    |    0    |    0    |
|          |            tmp_fu_225            |    0    |    0    |    0    |
|----------|----------------------------------|---------|---------|---------|
|   zext   |           empty_fu_215           |    0    |    0    |    0    |
|          |         zext_ln72_fu_235         |    0    |    0    |    0    |
|----------|----------------------------------|---------|---------|---------|
|          |         trunc_ln72_fu_257        |    0    |    0    |    0    |
|   trunc  |         trunc_ln73_fu_278        |    0    |    0    |    0    |
|          |         trunc_ln83_fu_299        |    0    |    0    |    0    |
|----------|----------------------------------|---------|---------|---------|
|  bitset  |           tmp_1_fu_315           |    0    |    0    |    0    |
|----------|----------------------------------|---------|---------|---------|
|   Total  |                                  |    3    |   128   |   267   |
|----------|----------------------------------|---------|---------|---------|

Memories:
N/A

* Register list:
+------------------------+--------+
|                        |   FF   |
+------------------------+--------+
|    add_ln72_reg_342    |    2   |
|    add_ln83_reg_382    |    2   |
|gmem_addr_1_read_reg_353|   32   |
|   gmem_addr_1_reg_331  |   32   |
|    gmem_addr_reg_324   |   32   |
|    icmp_ln72_reg_338   |    1   |
|    icmp_ln83_reg_378   |    1   |
|    phi_ln72_reg_178    |    2   |
|    phi_ln83_reg_189    |    2   |
|   select_ln83_reg_387  |   32   |
|    select_ln_reg_392   |   32   |
|      tmp_1_reg_397     |   32   |
|   trunc_ln72_reg_347   |    1   |
|   trunc_ln73_reg_368   |    1   |
|  v_buff_0_0_0_reg_166  |   32   |
|  v_buff_0_1_0_reg_154  |   32   |
|  v_buff_0_1_1_reg_358  |   32   |
|  v_buff_0_1_2_reg_363  |   32   |
|    xor_ln84_reg_373    |    1   |
+------------------------+--------+
|          Total         |   333  |
+------------------------+--------+

* Multiplexer (MUX) list: 
|----------------------|------|------|------|--------||---------||---------|
|         Comp         |  Pin | Size |  BW  | S x BW ||  Delay  ||   LUT   |
|----------------------|------|------|------|--------||---------||---------|
| grp_writeresp_fu_110 |  p0  |   3  |   1  |    3   |
| grp_writeresp_fu_122 |  p0  |   3  |   1  |    3   |
| v_buff_0_1_0_reg_154 |  p0  |   2  |  32  |   64   ||    9    |
| v_buff_0_0_0_reg_166 |  p0  |   2  |  32  |   64   ||    9    |
|----------------------|------|------|------|--------||---------||---------|
|         Total        |      |      |      |   134  ||  2.6615 ||    18   |
|----------------------|------|------|------|--------||---------||---------|



* Summary:
+-----------+--------+--------+--------+--------+
|           | DSP48E |  Delay |   FF   |   LUT  |
+-----------+--------+--------+--------+--------+
|  Function |    3   |    -   |   128  |   267  |
|   Memory  |    -   |    -   |    -   |    -   |
|Multiplexer|    -   |    2   |    -   |   18   |
|  Register |    -   |    -   |   333  |    -   |
+-----------+--------+--------+--------+--------+
|   Total   |    3   |    2   |   461  |   285  |
+-----------+--------+--------+--------+--------+
