

================================================================
== Vivado HLS Report for 'generic_floor_float_s'
================================================================
* Date:           Sun Jan  5 20:37:36 2020

* Version:        2018.3 (Build 2405991 on Thu Dec 06 23:56:15 MST 2018)
* Project:        batch_align2d_hls
* Solution:       solution1
* Product family: zynquplus
* Target device:  xczu9eg-ffvb1156-2-i


================================================================
== Performance Estimates
================================================================
+ Timing (ns): 
    * Summary: 
    +--------+-------+----------+------------+
    |  Clock | Target| Estimated| Uncertainty|
    +--------+-------+----------+------------+
    |ap_clk  |   5.00|     3.993|        0.62|
    +--------+-------+----------+------------+

+ Latency (clock cycles): 
    * Summary: 
    +-----+-----+-----+-----+---------+
    |  Latency  |  Interval | Pipeline|
    | min | max | min | max |   Type  |
    +-----+-----+-----+-----+---------+
    |    1|    1|    1|    1|   none  |
    +-----+-----+-----+-----+---------+

    + Detail: 
        * Instance: 
        N/A

        * Loop: 
        N/A



================================================================
== Utilization Estimates
================================================================
* Summary: 
+-----------------+---------+-------+--------+--------+-----+
|       Name      | BRAM_18K| DSP48E|   FF   |   LUT  | URAM|
+-----------------+---------+-------+--------+--------+-----+
|DSP              |        -|      -|       -|       -|    -|
|Expression       |        -|      -|       0|     279|    -|
|FIFO             |        -|      -|       -|       -|    -|
|Instance         |        -|      -|       -|       -|    -|
|Memory           |        0|      -|      23|      12|    -|
|Multiplexer      |        -|      -|       -|      24|    -|
|Register         |        -|      -|      97|       -|    -|
+-----------------+---------+-------+--------+--------+-----+
|Total            |        0|      0|     120|     315|    0|
+-----------------+---------+-------+--------+--------+-----+
|Available        |     1824|   2520|  548160|  274080|    0|
+-----------------+---------+-------+--------+--------+-----+
|Utilization (%)  |        0|      0|   ~0   |   ~0   |    0|
+-----------------+---------+-------+--------+--------+-----+

+ Detail: 
    * Instance: 
    N/A

    * DSP48: 
    N/A

    * Memory: 
    +---------------+-----------------------------------+---------+----+----+------+-----+------+-------------+
    |     Memory    |               Module              | BRAM_18K| FF | LUT| Words| Bits| Banks| W*Bits*Banks|
    +---------------+-----------------------------------+---------+----+----+------+-----+------+-------------+
    |mask_table1_U  |generic_floor_float_s_mask_table1  |        0|  23|  12|    32|   23|     1|          736|
    +---------------+-----------------------------------+---------+----+----+------+-----+------+-------------+
    |Total          |                                   |        0|  23|  12|    32|   23|     1|          736|
    +---------------+-----------------------------------+---------+----+----+------+-----+------+-------------+

    * FIFO: 
    N/A

    * Expression: 
    +-----------------------------+----------+-------+---+----+------------+------------+
    |        Variable Name        | Operation| DSP48E| FF| LUT| Bitwidth P0| Bitwidth P1|
    +-----------------------------+----------+-------+---+----+------------+------------+
    |p_Val2_1_fu_134_p2           |     +    |      0|  0|  39|          32|          32|
    |sel_tmp5_fu_225_p2           |    and   |      0|  0|   2|           1|           1|
    |sel_tmp9_fu_259_p2           |    and   |      0|  0|   2|           1|           1|
    |tmp2_fu_254_p2               |    and   |      0|  0|   2|           1|           1|
    |xs_sig_V_fu_185_p2           |    and   |      0|  0|  23|          23|          23|
    |xs_sign_V_fu_174_p2          |    and   |      0|  0|   2|           1|           1|
    |notlhs_fu_238_p2             |   icmp   |      0|  0|  20|          23|           1|
    |notrhs_fu_243_p2             |   icmp   |      0|  0|  11|           8|           1|
    |tmp_5_fu_111_p2              |   icmp   |      0|  0|  11|           8|           8|
    |tmp_fu_106_p2                |   icmp   |      0|  0|  11|           8|           7|
    |sel_tmp2_demorgan_fu_201_p2  |    or    |      0|  0|   2|           1|           1|
    |sel_tmp8_fu_248_p2           |    or    |      0|  0|   2|           1|           1|
    |p_s_fu_265_p3                |  select  |      0|  0|  32|           1|          32|
    |sel_tmp3_v_fu_207_p3         |  select  |      0|  0|  32|           1|          32|
    |sel_tmp6_fu_231_p3           |  select  |      0|  0|  32|           1|          32|
    |xs_exp_V_fu_168_p3           |  select  |      0|  0|   8|           1|           8|
    |xs_sig_V_3_fu_162_p3         |  select  |      0|  0|  23|           1|          23|
    |sel_tmp4_fu_219_p2           |    xor   |      0|  0|   2|           1|           2|
    |tmp_s_fu_179_p2              |    xor   |      0|  0|  23|          23|           2|
    +-----------------------------+----------+-------+---+----+------------+------------+
    |Total                        |          |      0|  0| 279|         137|         209|
    +-----------------------------+----------+-------+---+----+------------+------------+

    * Multiplexer: 
    +-----------+----+-----------+-----+-----------+
    |    Name   | LUT| Input Size| Bits| Total Bits|
    +-----------+----+-----------+-----+-----------+
    |ap_NS_fsm  |  15|          3|    1|          3|
    |ap_return  |   9|          2|   32|         64|
    +-----------+----+-----------+-----+-----------+
    |Total      |  24|          5|   33|         67|
    +-----------+----+-----------+-----+-----------+

    * Register: 
    +--------------------+----+----+-----+-----------+
    |        Name        | FF | LUT| Bits| Const Bits|
    +--------------------+----+----+-----+-----------+
    |ap_CS_fsm           |   2|   0|    2|          0|
    |ap_return_preg      |  32|   0|   32|          0|
    |p_Result_s_reg_278  |   1|   0|    1|          0|
    |tmp_3_reg_306       |  31|   0|   31|          0|
    |tmp_V_1_reg_295     |  23|   0|   23|          0|
    |tmp_V_reg_287       |   8|   0|    8|          0|
    +--------------------+----+----+-----+-----------+
    |Total               |  97|   0|   97|          0|
    +--------------------+----+----+-----+-----------+



================================================================
== Interface
================================================================
* Summary: 
+-----------+-----+-----+------------+----------------------+--------------+
| RTL Ports | Dir | Bits|  Protocol  |     Source Object    |    C Type    |
+-----------+-----+-----+------------+----------------------+--------------+
|ap_clk     |  in |    1| ap_ctrl_hs | generic_floor<float> | return value |
|ap_rst     |  in |    1| ap_ctrl_hs | generic_floor<float> | return value |
|ap_start   |  in |    1| ap_ctrl_hs | generic_floor<float> | return value |
|ap_done    | out |    1| ap_ctrl_hs | generic_floor<float> | return value |
|ap_idle    | out |    1| ap_ctrl_hs | generic_floor<float> | return value |
|ap_ready   | out |    1| ap_ctrl_hs | generic_floor<float> | return value |
|ap_return  | out |   32| ap_ctrl_hs | generic_floor<float> | return value |
|x          |  in |   32|   ap_none  |           x          |    scalar    |
+-----------+-----+-----+------------+----------------------+--------------+

