

================================================================
== Vivado HLS Report for 'p_hls_fptoui_float_i'
================================================================
* Date:           Sun Jan  5 20:37:36 2020

* Version:        2018.3 (Build 2405991 on Thu Dec 06 23:56:15 MST 2018)
* Project:        batch_align2d_hls
* Solution:       solution1
* Product family: zynquplus
* Target device:  xczu9eg-ffvb1156-2-i


================================================================
== Performance Estimates
================================================================
+ Timing (ns): 
    * Summary: 
    +--------+-------+----------+------------+
    |  Clock | Target| Estimated| Uncertainty|
    +--------+-------+----------+------------+
    |ap_clk  |   5.00|     2.551|        0.62|
    +--------+-------+----------+------------+

+ Latency (clock cycles): 
    * Summary: 
    +-----+-----+-----+-----+---------+
    |  Latency  |  Interval | Pipeline|
    | min | max | min | max |   Type  |
    +-----+-----+-----+-----+---------+
    |    0|    0|    0|    0|   none  |
    +-----+-----+-----+-----+---------+

    + Detail: 
        * Instance: 
        N/A

        * Loop: 
        N/A



================================================================
== Utilization Estimates
================================================================
* Summary: 
+-----------------+---------+-------+--------+--------+-----+
|       Name      | BRAM_18K| DSP48E|   FF   |   LUT  | URAM|
+-----------------+---------+-------+--------+--------+-----+
|DSP              |        -|      -|       -|       -|    -|
|Expression       |        -|      -|       0|     282|    -|
|FIFO             |        -|      -|       -|       -|    -|
|Instance         |        -|      -|       -|       -|    -|
|Memory           |        -|      -|       -|       -|    -|
|Multiplexer      |        -|      -|       -|       -|    -|
|Register         |        -|      -|       -|       -|    -|
+-----------------+---------+-------+--------+--------+-----+
|Total            |        0|      0|       0|     282|    0|
+-----------------+---------+-------+--------+--------+-----+
|Available        |     1824|   2520|  548160|  274080|    0|
+-----------------+---------+-------+--------+--------+-----+
|Utilization (%)  |        0|      0|       0|   ~0   |    0|
+-----------------+---------+-------+--------+--------+-----+

+ Detail: 
    * Instance: 
    N/A

    * DSP48: 
    N/A

    * Memory: 
    N/A

    * FIFO: 
    N/A

    * Expression: 
    +--------------------+----------+-------+---+-----+------------+------------+
    |    Variable Name   | Operation| DSP48E| FF| LUT | Bitwidth P0| Bitwidth P1|
    +--------------------+----------+-------+---+-----+------------+------------+
    |sh_assign_fu_74_p2  |     +    |      0|  0|   16|           8|           9|
    |tmp_i_i_fu_88_p2    |     -    |      0|  0|   15|           7|           8|
    |r_V_fu_118_p2       |   lshr   |      0|  0|   66|          25|          25|
    |ap_return           |  select  |      0|  0|    8|           1|           8|
    |ush_fu_98_p3        |  select  |      0|  0|    9|           1|           9|
    |r_V_1_fu_124_p2     |    shl   |      0|  0|  168|          55|          55|
    +--------------------+----------+-------+---+-----+------------+------------+
    |Total               |          |      0|  0|  282|          97|         114|
    +--------------------+----------+-------+---+-----+------------+------------+

    * Multiplexer: 
    N/A

    * Register: 
    N/A



================================================================
== Interface
================================================================
* Summary: 
+-----------+-----+-----+------------+----------------------+--------------+
| RTL Ports | Dir | Bits|  Protocol  |     Source Object    |    C Type    |
+-----------+-----+-----+------------+----------------------+--------------+
|ap_ready   | out |    1| ap_ctrl_hs | __hls_fptoui_float_i | return value |
|ap_return  | out |    8| ap_ctrl_hs | __hls_fptoui_float_i | return value |
|x          |  in |   32|   ap_none  |           x          |    scalar    |
+-----------+-----+-----+------------+----------------------+--------------+

