

================================================================
== Vivado HLS Report for 'gauss_newton_optim_r'
================================================================
* Date:           Sat Jan 18 10:28:42 2020

* Version:        2018.3 (Build 2405991 on Thu Dec 06 23:56:15 MST 2018)
* Project:        batch_align2d_hls
* Solution:       solution1
* Product family: zynquplus
* Target device:  xczu9eg-ffvb1156-2-i


================================================================
== Performance Estimates
================================================================
+ Timing (ns): 
    * Summary: 
    +--------+-------+----------+------------+
    |  Clock | Target| Estimated| Uncertainty|
    +--------+-------+----------+------------+
    |ap_clk  |   5.00|     7.456|        0.62|
    +--------+-------+----------+------------+

+ Latency (clock cycles): 
    * Summary: 
    +-----+------+-----+------+---------+
    |   Latency  |  Interval  | Pipeline|
    | min |  max | min |  max |   Type  |
    +-----+------+-----+------+---------+
    |  501|  4802|  501|  4802|   none  |
    +-----+------+-----+------+---------+

    + Detail: 
        * Instance: 
        N/A

        * Loop: 
        +----------------+-----+------+----------+-----------+-----------+--------+----------+
        |                |   Latency  | Iteration|  Initiation Interval  |  Trip  |          |
        |    Loop Name   | min |  max |  Latency |  achieved |   target  |  Count | Pipelined|
        +----------------+-----+------+----------+-----------+-----------+--------+----------+
        |- gn_iter       |  472|  4773|       472|          -|          -| 1 ~ 10 |    no    |
        | + compute_err  |  310|   310|        87|         32|          1|       8|    yes   |
        | + gn_iter.2    |   36|    36|        12|          -|          -|       3|    no    |
        | + gn_iter.3    |   36|    36|        12|          -|          -|       3|    no    |
        | + gn_iter.4    |   36|    36|        12|          -|          -|       3|    no    |
        +----------------+-----+------+----------+-----------+-----------+--------+----------+



================================================================
== Utilization Estimates
================================================================
* Summary: 
+-----------------+---------+-------+--------+--------+-----+
|       Name      | BRAM_18K| DSP48E|   FF   |   LUT  | URAM|
+-----------------+---------+-------+--------+--------+-----+
|DSP              |        -|      -|       -|       -|    -|
|Expression       |        -|      -|       0|    2920|    -|
|FIFO             |        -|      -|       -|       -|    -|
|Instance         |        -|     51|    5396|    9857|    -|
|Memory           |        0|      -|      46|      12|    -|
|Multiplexer      |        -|      -|       -|    2114|    -|
|Register         |        0|      -|    4795|     192|    -|
+-----------------+---------+-------+--------+--------+-----+
|Total            |        0|     51|   10237|   15095|    0|
+-----------------+---------+-------+--------+--------+-----+
|Available        |     1824|   2520|  548160|  274080|    0|
+-----------------+---------+-------+--------+--------+-----+
|Utilization (%)  |        0|      2|       1|       5|    0|
+-----------------+---------+-------+--------+--------+-----+

+ Detail: 
    * Instance: 
    +------------------------------------------------------------+---------------------------------------------------------+---------+-------+-----+-----+
    |                          Instance                          |                          Module                         | BRAM_18K| DSP48E|  FF | LUT |
    +------------------------------------------------------------+---------------------------------------------------------+---------+-------+-----+-----+
    |batch_align2D_region_dcmp_64ns_64ns_1_1_1_U19               |batch_align2D_region_dcmp_64ns_64ns_1_1_1                |        0|      0|  130|  118|
    |batch_align2D_region_dmul_64ns_64ns_64_8_max_dsp_1_U16      |batch_align2D_region_dmul_64ns_64ns_64_8_max_dsp_1       |        0|     11|  397|  213|
    |batch_align2D_region_dmul_64ns_64ns_64_8_max_dsp_1_U17      |batch_align2D_region_dmul_64ns_64ns_64_8_max_dsp_1       |        0|     11|  397|  213|
    |batch_align2D_region_dmul_64ns_64ns_64_8_max_dsp_1_U18      |batch_align2D_region_dmul_64ns_64ns_64_8_max_dsp_1       |        0|     11|  397|  213|
    |batch_align2D_region_dsub_64ns_64ns_64_8_full_dsp_1_U14     |batch_align2D_region_dsub_64ns_64ns_64_8_full_dsp_1      |        0|      3|  687|  711|
    |batch_align2D_region_dsub_64ns_64ns_64_8_full_dsp_1_U15     |batch_align2D_region_dsub_64ns_64ns_64_8_full_dsp_1      |        0|      3|  687|  711|
    |batch_align2D_region_fadd_32ns_32ns_32_7_full_dsp_1_U4      |batch_align2D_region_fadd_32ns_32ns_32_7_full_dsp_1      |        0|      2|  306|  246|
    |batch_align2D_region_faddfsub_32ns_32ns_32_7_full_dsp_1_U1  |batch_align2D_region_faddfsub_32ns_32ns_32_7_full_dsp_1  |        0|      2|  306|  246|
    |batch_align2D_region_faddfsub_32ns_32ns_32_7_full_dsp_1_U2  |batch_align2D_region_faddfsub_32ns_32ns_32_7_full_dsp_1  |        0|      2|  306|  246|
    |batch_align2D_region_fmul_32ns_32ns_32_4_max_dsp_1_U5       |batch_align2D_region_fmul_32ns_32ns_32_4_max_dsp_1       |        0|      3|  143|  139|
    |batch_align2D_region_fmul_32ns_32ns_32_4_max_dsp_1_U6       |batch_align2D_region_fmul_32ns_32ns_32_4_max_dsp_1       |        0|      3|  143|  139|
    |batch_align2D_region_fpext_32ns_64_1_1_U12                  |batch_align2D_region_fpext_32ns_64_1_1                   |        0|      0|  100|  138|
    |batch_align2D_region_fpext_32ns_64_1_1_U13                  |batch_align2D_region_fpext_32ns_64_1_1                   |        0|      0|  100|  138|
    |batch_align2D_region_fptrunc_64ns_32_1_1_U9                 |batch_align2D_region_fptrunc_64ns_32_1_1                 |        0|      0|  128|   94|
    |batch_align2D_region_fptrunc_64ns_32_1_1_U10                |batch_align2D_region_fptrunc_64ns_32_1_1                 |        0|      0|  128|   94|
    |batch_align2D_region_fptrunc_64ns_32_1_1_U11                |batch_align2D_region_fptrunc_64ns_32_1_1                 |        0|      0|  128|   94|
    |batch_align2D_region_fsub_32ns_32ns_32_5_no_dsp_1_U3        |batch_align2D_region_fsub_32ns_32ns_32_5_no_dsp_1        |        0|      0|  233|  406|
    |batch_align2D_region_mux_32_32_1_1_U37                      |batch_align2D_region_mux_32_32_1_1                       |        0|      0|    0|  225|
    |batch_align2D_region_mux_32_32_1_1_U39                      |batch_align2D_region_mux_32_32_1_1                       |        0|      0|    0|  225|
    |batch_align2D_region_mux_32_32_1_1_U41                      |batch_align2D_region_mux_32_32_1_1                       |        0|      0|    0|  225|
    |batch_align2D_region_mux_646_32_1_1_U20                     |batch_align2D_region_mux_646_32_1_1                      |        0|      0|    0|  225|
    |batch_align2D_region_mux_646_32_1_1_U21                     |batch_align2D_region_mux_646_32_1_1                      |        0|      0|    0|  225|
    |batch_align2D_region_mux_646_32_1_1_U22                     |batch_align2D_region_mux_646_32_1_1                      |        0|      0|    0|  225|
    |batch_align2D_region_mux_646_32_1_1_U23                     |batch_align2D_region_mux_646_32_1_1                      |        0|      0|    0|  225|
    |batch_align2D_region_mux_646_32_1_1_U24                     |batch_align2D_region_mux_646_32_1_1                      |        0|      0|    0|  225|
    |batch_align2D_region_mux_646_32_1_1_U25                     |batch_align2D_region_mux_646_32_1_1                      |        0|      0|    0|  225|
    |batch_align2D_region_mux_646_32_1_1_U26                     |batch_align2D_region_mux_646_32_1_1                      |        0|      0|    0|  225|
    |batch_align2D_region_mux_646_32_1_1_U27                     |batch_align2D_region_mux_646_32_1_1                      |        0|      0|    0|  225|
    |batch_align2D_region_mux_646_32_1_1_U28                     |batch_align2D_region_mux_646_32_1_1                      |        0|      0|    0|  225|
    |batch_align2D_region_mux_646_32_1_1_U29                     |batch_align2D_region_mux_646_32_1_1                      |        0|      0|    0|  225|
    |batch_align2D_region_mux_646_32_1_1_U30                     |batch_align2D_region_mux_646_32_1_1                      |        0|      0|    0|  225|
    |batch_align2D_region_mux_646_32_1_1_U31                     |batch_align2D_region_mux_646_32_1_1                      |        0|      0|    0|  225|
    |batch_align2D_region_mux_646_32_1_1_U32                     |batch_align2D_region_mux_646_32_1_1                      |        0|      0|    0|  225|
    |batch_align2D_region_mux_646_32_1_1_U33                     |batch_align2D_region_mux_646_32_1_1                      |        0|      0|    0|  225|
    |batch_align2D_region_mux_646_32_1_1_U34                     |batch_align2D_region_mux_646_32_1_1                      |        0|      0|    0|  225|
    |batch_align2D_region_mux_646_32_1_1_U35                     |batch_align2D_region_mux_646_32_1_1                      |        0|      0|    0|  225|
    |batch_align2D_region_mux_94_32_1_1_U36                      |batch_align2D_region_mux_94_32_1_1                       |        0|      0|    0|  225|
    |batch_align2D_region_mux_94_32_1_1_U38                      |batch_align2D_region_mux_94_32_1_1                       |        0|      0|    0|  225|
    |batch_align2D_region_mux_94_32_1_1_U40                      |batch_align2D_region_mux_94_32_1_1                       |        0|      0|    0|  225|
    |batch_align2D_region_sitofp_32ns_32_6_1_U7                  |batch_align2D_region_sitofp_32ns_32_6_1                  |        0|      0|  340|  374|
    |batch_align2D_region_sitofp_32ns_32_6_1_U8                  |batch_align2D_region_sitofp_32ns_32_6_1                  |        0|      0|  340|  374|
    +------------------------------------------------------------+---------------------------------------------------------+---------+-------+-----+-----+
    |Total                                                       |                                                         |        0|     51| 5396| 9857|
    +------------------------------------------------------------+---------------------------------------------------------+---------+-------+-----+-----+

    * DSP48: 
    N/A

    * Memory: 
    +---------------+----------------------------------+---------+----+----+------+-----+------+-------------+
    |     Memory    |              Module              | BRAM_18K| FF | LUT| Words| Bits| Banks| W*Bits*Banks|
    +---------------+----------------------------------+---------+----+----+------+-----+------+-------------+
    |mask_table1_U  |gauss_newton_optim_r_mask_table1  |        0|  46|  12|    32|   23|     1|          736|
    +---------------+----------------------------------+---------+----+----+------+-----+------+-------------+
    |Total          |                                  |        0|  46|  12|    32|   23|     1|          736|
    +---------------+----------------------------------+---------+----+----+------+-----+------+-------------+

    * FIFO: 
    N/A

    * Expression: 
    +---------------------------------+----------+-------+---+-----+------------+------------+
    |          Variable Name          | Operation| DSP48E| FF| LUT | Bitwidth P0| Bitwidth P1|
    +---------------------------------+----------+-------+---+-----+------------+------------+
    |it_0_sum_3_fu_3889_p2            |     +    |      0|  0|   20|          13|          13|
    |iter_1_fu_2575_p2                |     +    |      0|  0|   12|           4|           1|
    |j_1_fu_5068_p2                   |     +    |      0|  0|    9|           2|           1|
    |j_2_fu_5122_p2                   |     +    |      0|  0|    9|           2|           1|
    |j_fu_5024_p2                     |     +    |      0|  0|    9|           2|           1|
    |p_Val2_16_fu_2699_p2             |     +    |      0|  0|   39|          32|          32|
    |p_Val2_30_fu_2885_p2             |     +    |      0|  0|   39|          32|          32|
    |p_sum2_fu_3421_p2                |     +    |      0|  0|   20|          13|          13|
    |pos_1_fu_5012_p2                 |     +    |      0|  0|   15|           4|           7|
    |sh_assign_3_fu_2459_p2           |     +    |      0|  0|   16|           8|           9|
    |sh_assign_6_fu_3059_p2           |     +    |      0|  0|   16|           8|           9|
    |sh_assign_9_fu_3160_p2           |     +    |      0|  0|   16|           8|           9|
    |sh_assign_fu_2315_p2             |     +    |      0|  0|   16|           8|           9|
    |sum11_4_fu_4804_p2               |     +    |      0|  0|   20|           7|          13|
    |sum11_5_fu_4854_p2               |     +    |      0|  0|   20|           7|          13|
    |sum13_1_fu_4724_p2               |     +    |      0|  0|   20|           7|          13|
    |sum13_2_fu_4769_p2               |     +    |      0|  0|   20|           7|          13|
    |sum13_3_fu_4779_p2               |     +    |      0|  0|   20|           7|          13|
    |sum13_4_fu_4819_p2               |     +    |      0|  0|   20|           7|          13|
    |sum13_5_fu_4869_p2               |     +    |      0|  0|   20|           7|          13|
    |sum13_6_fu_4894_p2               |     +    |      0|  0|   20|           7|          13|
    |sum13_7_fu_4919_p2               |     +    |      0|  0|   20|           7|          13|
    |sum19_1_t_fu_5078_p2             |     +    |      0|  0|   11|           3|           2|
    |sum1_fu_4679_p2                  |     +    |      0|  0|   20|           7|          13|
    |sum9_1_fu_4689_p2                |     +    |      0|  0|   20|           2|          13|
    |sum9_2_fu_4734_p2                |     +    |      0|  0|   20|           2|          13|
    |sum9_4_fu_4794_p2                |     +    |      0|  0|   20|           1|          13|
    |sum9_5_fu_4844_p2                |     +    |      0|  0|   20|           3|          13|
    |sum9_6_fu_4879_p2                |     +    |      0|  0|   20|           3|          13|
    |sum9_7_fu_4904_p2                |     +    |      0|  0|   20|           4|          13|
    |sum9_fu_4629_p2                  |     +    |      0|  0|   20|           1|          13|
    |sum_5_fu_4829_p2                 |     +    |      0|  0|   20|           3|          13|
    |sum_fu_4639_p2                   |     +    |      0|  0|   20|           7|          13|
    |tmp27_fu_3344_p2                 |     +    |      0|  0|   15|           4|           7|
    |tmp_103_1_fu_3586_p2             |     +    |      0|  0|   15|           4|           7|
    |tmp_103_2_fu_4654_p2             |     +    |      0|  0|   15|           4|           7|
    |tmp_103_3_fu_4664_p2             |     +    |      0|  0|   15|           4|           7|
    |tmp_103_4_fu_4699_p2             |     +    |      0|  0|   15|           4|           7|
    |tmp_103_5_fu_4709_p2             |     +    |      0|  0|   15|           5|           7|
    |tmp_103_6_fu_4744_p2             |     +    |      0|  0|   15|           5|           7|
    |tmp_103_7_fu_4754_p2             |     +    |      0|  0|   15|           5|           7|
    |tmp_103_fu_5138_p10              |     +    |      0|  0|   12|           4|           3|
    |tmp_12_fu_3743_p2                |     +    |      0|  0|   15|           1|           6|
    |tmp_18_fu_4045_p2                |     +    |      0|  0|   15|           1|           6|
    |tmp_40_fu_3370_p2                |     +    |      0|  0|   15|           7|           7|
    |tmp_42_fu_3383_p2                |     +    |      0|  0|   20|          10|          13|
    |tmp_43_fu_3415_p2                |     +    |      0|  0|   15|           7|           7|
    |tmp_56_fu_3431_p2                |     +    |      0|  0|   15|           4|           7|
    |tmp_61_fu_4191_p2                |     +    |      0|  0|   15|           2|           6|
    |tmp_64_fu_4337_p2                |     +    |      0|  0|   15|           2|           6|
    |y_1_fu_3360_p2                   |     +    |      0|  0|   12|           4|           1|
    |result_V_1_fu_2401_p2            |     -    |      0|  0|   39|           1|          32|
    |result_V_3_fu_2545_p2            |     -    |      0|  0|   39|           1|          32|
    |tmp_i_i_i1_fu_2473_p2            |     -    |      0|  0|   15|           7|           8|
    |tmp_i_i_i2_fu_3073_p2            |     -    |      0|  0|   15|           7|           8|
    |tmp_i_i_i3_fu_3174_p2            |     -    |      0|  0|   15|           7|           8|
    |tmp_i_i_i_fu_2329_p2             |     -    |      0|  0|   15|           7|           8|
    |sel_tmp5_i1_fu_2976_p2           |    and   |      0|  0|    2|           1|           1|
    |sel_tmp5_i_fu_2790_p2            |    and   |      0|  0|    2|           1|           1|
    |sel_tmp9_i1_fu_3011_p2           |    and   |      0|  0|    2|           1|           1|
    |sel_tmp9_i_fu_2825_p2            |    and   |      0|  0|    2|           1|           1|
    |tmp15_fu_2820_p2                 |    and   |      0|  0|    2|           1|           1|
    |tmp21_fu_3006_p2                 |    and   |      0|  0|    2|           1|           1|
    |tmp_35_demorgan_fu_3312_p2       |    and   |      0|  0|    2|           1|           1|
    |tmp_37_demorgan_fu_3322_p2       |    and   |      0|  0|    2|           1|           1|
    |xs_sig_V_11_fu_2936_p2           |    and   |      0|  0|   23|          23|          23|
    |xs_sig_V_fu_2750_p2              |    and   |      0|  0|   23|          23|          23|
    |xs_sign_V_10_fu_2925_p2          |    and   |      0|  0|    2|           1|           1|
    |xs_sign_V_fu_2739_p2             |    and   |      0|  0|    2|           1|           1|
    |exitcond2_fu_3354_p2             |   icmp   |      0|  0|   11|           4|           5|
    |exitcond_i_1_fu_5062_p2          |   icmp   |      0|  0|    8|           2|           2|
    |exitcond_i_2_fu_5116_p2          |   icmp   |      0|  0|    8|           2|           2|
    |exitcond_i_fu_5018_p2            |   icmp   |      0|  0|    8|           2|           2|
    |icmp1_fu_3271_p2                 |   icmp   |      0|  0|   11|           6|           1|
    |icmp_fu_3255_p2                  |   icmp   |      0|  0|   11|           6|           1|
    |notlhs_i1_fu_2990_p2             |   icmp   |      0|  0|   20|          23|           1|
    |notlhs_i_fu_2804_p2              |   icmp   |      0|  0|   20|          23|           1|
    |notrhs_i1_fu_2995_p2             |   icmp   |      0|  0|   11|           8|           1|
    |notrhs_i_fu_2809_p2              |   icmp   |      0|  0|   11|           8|           1|
    |tmp_13_fu_2569_p2                |   icmp   |      0|  0|    9|           4|           4|
    |tmp_25_fu_3277_p2                |   icmp   |      0|  0|   11|           8|           6|
    |tmp_26_fu_3283_p2                |   icmp   |      0|  0|   11|           8|           6|
    |tmp_5_i1_fu_2862_p2              |   icmp   |      0|  0|   11|           8|           8|
    |tmp_5_i_fu_2676_p2               |   icmp   |      0|  0|   11|           8|           8|
    |tmp_i1_fu_2857_p2                |   icmp   |      0|  0|   11|           8|           7|
    |tmp_i_fu_2671_p2                 |   icmp   |      0|  0|   11|           8|           7|
    |tmp_i_i1_fu_3317_p2              |   icmp   |      0|  0|   11|           8|           2|
    |tmp_i_i_fu_3307_p2               |   icmp   |      0|  0|   11|           8|           2|
    |r_V_2_fu_2503_p2                 |   lshr   |      0|  0|   66|          25|          25|
    |r_V_4_fu_3102_p2                 |   lshr   |      0|  0|   66|          25|          25|
    |r_V_6_fu_3203_p2                 |   lshr   |      0|  0|   66|          25|          25|
    |r_V_fu_2359_p2                   |   lshr   |      0|  0|   66|          25|          25|
    |or_cond2_fu_3301_p2              |    or    |      0|  0|    2|           1|           1|
    |sel_tmp2_demorgan_i1_fu_2952_p2  |    or    |      0|  0|    2|           1|           1|
    |sel_tmp2_demorgan_i_fu_2766_p2   |    or    |      0|  0|    2|           1|           1|
    |sel_tmp8_i1_fu_3000_p2           |    or    |      0|  0|    2|           1|           1|
    |sel_tmp8_i_fu_2814_p2            |    or    |      0|  0|    2|           1|           1|
    |tmp25_fu_3289_p2                 |    or    |      0|  0|    2|           1|           1|
    |tmp26_fu_3295_p2                 |    or    |      0|  0|    2|           1|           1|
    |tmp_15_fu_3899_p2                |    or    |      0|  0|    6|           6|           2|
    |tmp_67_fu_4483_p2                |    or    |      0|  0|    6|           6|           3|
    |tmp_9_fu_3597_p2                 |    or    |      0|  0|    6|           6|           1|
    |p_Val2_20_fu_2835_p3             |  select  |      0|  0|   32|           1|          32|
    |p_Val2_34_fu_3021_p3             |  select  |      0|  0|   32|           1|          32|
    |p_Val2_40_fu_2393_p3             |  select  |      0|  0|   32|           1|          32|
    |p_Val2_41_fu_2407_p3             |  select  |      0|  0|   32|           1|          32|
    |p_Val2_42_fu_2537_p3             |  select  |      0|  0|   32|           1|          32|
    |p_Val2_43_fu_2551_p3             |  select  |      0|  0|   32|           1|          32|
    |sel_tmp3_v_i1_fu_2958_p3         |  select  |      0|  0|   32|           1|          32|
    |sel_tmp3_v_i_fu_2772_p3          |  select  |      0|  0|   32|           1|          32|
    |sel_tmp6_i1_fu_2982_p3           |  select  |      0|  0|   32|           1|          32|
    |sel_tmp6_i_fu_2796_p3            |  select  |      0|  0|   32|           1|          32|
    |ush_1_fu_2483_p3                 |  select  |      0|  0|    9|           1|           9|
    |ush_2_fu_3082_p3                 |  select  |      0|  0|    9|           1|           9|
    |ush_3_fu_3183_p3                 |  select  |      0|  0|    9|           1|           9|
    |ush_fu_2339_p3                   |  select  |      0|  0|    9|           1|           9|
    |val_V_1_fu_3237_p3               |  select  |      0|  0|    8|           1|           8|
    |val_V_fu_3136_p3                 |  select  |      0|  0|    8|           1|           8|
    |xs_exp_V_10_fu_2919_p3           |  select  |      0|  0|    8|           1|           8|
    |xs_exp_V_9_fu_2733_p3            |  select  |      0|  0|    8|           1|           8|
    |xs_sig_V_1_fu_2727_p3            |  select  |      0|  0|   23|           1|          23|
    |xs_sig_V_6_fu_2913_p3            |  select  |      0|  0|   23|           1|          23|
    |r_V_1_fu_2365_p2                 |    shl   |      0|  0|  243|          79|          79|
    |r_V_3_fu_2509_p2                 |    shl   |      0|  0|  243|          79|          79|
    |r_V_5_fu_3108_p2                 |    shl   |      0|  0|  168|          55|          55|
    |r_V_7_fu_3209_p2                 |    shl   |      0|  0|  168|          55|          55|
    |ap_enable_pp0                    |    xor   |      0|  0|    2|           1|           2|
    |sel_tmp4_i1_fu_2970_p2           |    xor   |      0|  0|    2|           1|           2|
    |sel_tmp4_i_fu_2784_p2            |    xor   |      0|  0|    2|           1|           2|
    |tmp_i1_21_fu_2930_p2             |    xor   |      0|  0|   23|          23|           2|
    |tmp_i_19_fu_2744_p2              |    xor   |      0|  0|   23|          23|           2|
    +---------------------------------+----------+-------+---+-----+------------+------------+
    |Total                            |          |      0|  0| 2920|        1012|        1548|
    +---------------------------------+----------+-------+---+-----+------------+------------+

    * Multiplexer: 
    +----------------------------------+-----+-----------+-----+-----------+
    |               Name               | LUT | Input Size| Bits| Total Bits|
    +----------------------------------+-----+-----------+-----+-----------+
    |Jres_2_reg_1684                   |    9|          2|   32|         64|
    |ap_NS_fsm                         |  657|        148|    1|        148|
    |ap_enable_reg_pp0_iter2           |    9|          2|    1|          2|
    |ap_phi_mux_Jres_2_phi_fu_1688_p4  |    9|          2|   32|         64|
    |ap_phi_mux_pos_phi_fu_1724_p4     |    9|          2|    7|         14|
    |ap_phi_mux_tmp_38_phi_fu_1700_p4  |    9|          2|   32|         64|
    |ap_phi_mux_tmp_39_phi_fu_1712_p4  |    9|          2|   32|         64|
    |ap_phi_mux_y_phi_fu_1736_p4       |    9|          2|    4|          8|
    |ap_return_0                       |    9|          2|   32|         64|
    |ap_return_1                       |    9|          2|   32|         64|
    |dx_1_reg_1814                     |   15|          3|   32|         96|
    |dx_reg_1649                       |    9|          2|   32|         64|
    |dy_1_reg_1834                     |   15|          3|   32|         96|
    |dy_reg_1661                       |    9|          2|   32|         64|
    |grp_fu_1854_opcode                |   15|          3|    2|          6|
    |grp_fu_1854_p0                    |  109|         23|   32|        736|
    |grp_fu_1854_p1                    |  129|         28|   32|        896|
    |grp_fu_1858_opcode                |   15|          3|    2|          6|
    |grp_fu_1858_p0                    |   85|         17|   32|        544|
    |grp_fu_1858_p1                    |   65|         16|   32|        512|
    |grp_fu_1865_p0                    |   27|          5|   32|        160|
    |grp_fu_1865_p1                    |   97|         20|   32|        640|
    |grp_fu_1891_p0                    |   62|         15|   32|        480|
    |grp_fu_1891_p1                    |   65|         16|   32|        512|
    |grp_fu_1895_p0                    |   53|         12|   32|        384|
    |grp_fu_1895_p1                    |   93|         19|   32|        608|
    |grp_fu_1907_p0                    |  149|         33|   32|       1056|
    |grp_fu_1910_p0                    |   21|          4|   32|        128|
    |grp_fu_1922_p0                    |   15|          3|   32|         96|
    |iter_reg_1673                     |    9|          2|    4|          8|
    |j_0_i_1_reg_1779                  |    9|          2|    2|          4|
    |j_0_i_2_reg_1803                  |    9|          2|    2|          4|
    |j_0_i_reg_1755                    |    9|          2|    2|          4|
    |mean_diff_reg_1617                |    9|          2|   32|         64|
    |pos_reg_1720                      |    9|          2|    7|         14|
    |pyr_region_data_address0          |   53|         12|   12|        144|
    |pyr_region_data_address1          |   50|         11|   12|        132|
    |ref_patch_with_border_address0    |   27|          5|    7|         35|
    |ref_patch_with_border_address1    |   27|          5|    7|         35|
    |reg_2014                          |    9|          2|    8|         16|
    |reg_2019                          |    9|          2|    8|         16|
    |reg_2024                          |    9|          2|    8|         16|
    |reg_2029                          |    9|          2|    8|         16|
    |reg_2034                          |    9|          2|    8|         16|
    |res_assign_load_reg_1743          |    9|          2|   32|         64|
    |tmp_38_reg_1696                   |    9|          2|   32|         64|
    |tmp_39_reg_1708                   |    9|          2|   32|         64|
    |update_load_1_reg_1791            |    9|          2|   32|         64|
    |update_load_reg_1767              |    9|          2|   32|         64|
    |x_assign_1_reg_1639               |    9|          2|   32|         64|
    |x_assign_reg_1629                 |    9|          2|   32|         64|
    |y_reg_1732                        |    9|          2|    4|          8|
    +----------------------------------+-----+-----------+-----+-----------+
    |Total                             | 2114|        464| 1108|       8620|
    +----------------------------------+-----+-----------+-----+-----------+

    * Register: 
    +----------------------------------+-----+----+-----+-----------+
    |               Name               |  FF | LUT| Bits| Const Bits|
    +----------------------------------+-----+----+-----+-----------+
    |Jres_2_reg_1684                   |   32|   0|   32|          0|
    |ap_CS_fsm                         |  147|   0|  147|          0|
    |ap_enable_reg_pp0_iter0           |    1|   0|    1|          0|
    |ap_enable_reg_pp0_iter1           |    1|   0|    1|          0|
    |ap_enable_reg_pp0_iter2           |    1|   0|    1|          0|
    |ap_return_0_preg                  |   32|   0|   32|          0|
    |ap_return_1_preg                  |   32|   0|   32|          0|
    |dx_1_reg_1814                     |   32|   0|   32|          0|
    |dx_reg_1649                       |   32|   0|   32|          0|
    |dy_1_reg_1834                     |   32|   0|   32|          0|
    |dy_reg_1661                       |   32|   0|   32|          0|
    |exitcond2_reg_7013                |    1|   0|    1|          0|
    |it_0_sum_3_reg_7097               |   13|   0|   13|          0|
    |iter_1_reg_6811                   |    4|   0|    4|          0|
    |iter_reg_1673                     |    4|   0|    4|          0|
    |j_0_i_1_reg_1779                  |    2|   0|    2|          0|
    |j_0_i_2_reg_1803                  |    2|   0|    2|          0|
    |j_0_i_reg_1755                    |    2|   0|    2|          0|
    |j_1_reg_7596                      |    2|   0|    2|          0|
    |j_2_reg_7619                      |    2|   0|    2|          0|
    |j_reg_7573                        |    2|   0|    2|          0|
    |mean_diff_1_reg_7639              |   32|   0|   32|          0|
    |mean_diff_reg_1617                |   32|   0|   32|          0|
    |notlhs_i1_reg_6900                |    1|   0|    1|          0|
    |notlhs_i_reg_6884                 |    1|   0|    1|          0|
    |p_Result_12_reg_6816              |    1|   0|    1|          0|
    |p_Result_17_reg_6850              |    1|   0|    1|          0|
    |p_Val2_41_reg_5189                |   32|   0|   32|          0|
    |p_Val2_43_reg_5194                |   32|   0|   32|          0|
    |p_sum2_reg_7032                   |   13|   0|   13|          0|
    |pos_1_reg_7489                    |    7|   0|    7|          0|
    |pos_reg_1720                      |    7|   0|    7|          0|
    |pyr_region_data_load_11_reg_7304  |    8|   0|    8|          0|
    |pyr_region_data_load_13_reg_7324  |    8|   0|    8|          0|
    |pyr_region_data_load_15_reg_7344  |    8|   0|    8|          0|
    |pyr_region_data_load_17_reg_7364  |    8|   0|    8|          0|
    |pyr_region_data_load_19_reg_7384  |    8|   0|    8|          0|
    |ref_patch_with_borde_27_reg_7174  |    8|   0|    8|          0|
    |ref_patch_with_borde_29_reg_7204  |    8|   0|    8|          0|
    |ref_patch_with_borde_31_reg_7209  |    8|   0|    8|          0|
    |ref_patch_with_borde_33_reg_7239  |    8|   0|    8|          0|
    |ref_patch_with_borde_35_reg_7244  |    8|   0|    8|          0|
    |ref_patch_with_borde_37_reg_7274  |    8|   0|    8|          0|
    |ref_patch_with_borde_39_reg_7279  |    8|   0|    8|          0|
    |reg_1955                          |   32|   0|   32|          0|
    |reg_1961                          |   32|   0|   32|          0|
    |reg_1967                          |   32|   0|   32|          0|
    |reg_1973                          |   32|   0|   32|          0|
    |reg_1979                          |   32|   0|   32|          0|
    |reg_1988                          |   32|   0|   32|          0|
    |reg_1997                          |   64|   0|   64|          0|
    |reg_2004                          |   32|   0|   32|          0|
    |reg_2010                          |    8|   0|    8|          0|
    |reg_2014                          |    8|   0|    8|          0|
    |reg_2019                          |    8|   0|    8|          0|
    |reg_2024                          |    8|   0|    8|          0|
    |reg_2029                          |    8|   0|    8|          0|
    |reg_2034                          |    8|   0|    8|          0|
    |reg_2039                          |   32|   0|   32|          0|
    |reg_2046                          |   32|   0|   32|          0|
    |reg_2053                          |   32|   0|   32|          0|
    |reg_2059                          |   32|   0|   32|          0|
    |reg_2066                          |   32|   0|   32|          0|
    |reg_2073                          |   32|   0|   32|          0|
    |reg_2079                          |   32|   0|   32|          0|
    |reg_2085                          |   32|   0|   32|          0|
    |reg_2092                          |   32|   0|   32|          0|
    |reg_2098                          |   32|   0|   32|          0|
    |reg_2103                          |   32|   0|   32|          0|
    |reg_2109                          |   32|   0|   32|          0|
    |reg_2115                          |   32|   0|   32|          0|
    |reg_2121                          |   32|   0|   32|          0|
    |reg_2126                          |   32|   0|   32|          0|
    |reg_2133                          |   32|   0|   32|          0|
    |reg_2139                          |   32|   0|   32|          0|
    |reg_2145                          |   32|   0|   32|          0|
    |reg_2151                          |   32|   0|   32|          0|
    |reg_2157                          |   32|   0|   32|          0|
    |reg_2165                          |   32|   0|   32|          0|
    |reg_2172                          |   32|   0|   32|          0|
    |reg_2177                          |   32|   0|   32|          0|
    |reg_2182                          |   32|   0|   32|          0|
    |reg_2187                          |   32|   0|   32|          0|
    |reg_2193                          |   32|   0|   32|          0|
    |reg_2200                          |   32|   0|   32|          0|
    |reg_2206                          |   32|   0|   32|          0|
    |reg_2214                          |   32|   0|   32|          0|
    |reg_2223                          |   32|   0|   32|          0|
    |reg_2229                          |   32|   0|   32|          0|
    |reg_2241                          |   32|   0|   32|          0|
    |reg_2246                          |   32|   0|   32|          0|
    |reg_2251                          |   32|   0|   32|          0|
    |reg_2256                          |   32|   0|   32|          0|
    |res_2_reg_7509                    |   32|   0|   32|          0|
    |res_3_reg_7515                    |   32|   0|   32|          0|
    |res_5_reg_7527                    |   32|   0|   32|          0|
    |res_6_reg_7538                    |   32|   0|   32|          0|
    |res_assign_load_reg_1743          |   32|   0|   32|          0|
    |tmp182_cast_reg_7008              |   13|   0|   13|          0|
    |tmp_101_reg_7601                  |   32|   0|   32|          0|
    |tmp_103_reg_7624                  |   32|   0|   32|          0|
    |tmp_104_reg_7629                  |   32|   0|   32|          0|
    |tmp_106_4_reg_7494                |   32|   0|   32|          0|
    |tmp_106_6_reg_7499                |   32|   0|   32|          0|
    |tmp_106_7_reg_7504                |   32|   0|   32|          0|
    |tmp_107_6_reg_7522                |   32|   0|   32|          0|
    |tmp_109_2_reg_7533                |   32|   0|   32|          0|
    |tmp_109_4_reg_7545                |   32|   0|   32|          0|
    |tmp_109_7_reg_7550                |   32|   0|   32|          0|
    |tmp_117_reg_6879                  |   31|   0|   31|          0|
    |tmp_126_reg_6948                  |    7|   0|    7|          0|
    |tmp_32_reg_6959                   |   64|   0|   64|          0|
    |tmp_33_reg_6953                   |   64|   0|   64|          0|
    |tmp_34_reg_6965                   |   64|   0|   64|          0|
    |tmp_35_reg_6971                   |   64|   0|   64|          0|
    |tmp_36_reg_6976                   |   64|   0|   64|          0|
    |tmp_37_reg_6981                   |   64|   0|   64|          0|
    |tmp_38_reg_1696                   |   32|   0|   32|          0|
    |tmp_39_reg_1708                   |   32|   0|   32|          0|
    |tmp_41_cast1_reg_7003             |    8|   0|   13|          5|
    |tmp_43_reg_7022                   |    6|   0|    7|          1|
    |tmp_62_reg_7062                   |   32|   0|   32|          0|
    |tmp_62_reg_7062_pp0_iter1_reg     |   32|   0|   32|          0|
    |tmp_66_reg_7067                   |   32|   0|   32|          0|
    |tmp_66_reg_7067_pp0_iter1_reg     |   32|   0|   32|          0|
    |tmp_73_reg_7077                   |   32|   0|   32|          0|
    |tmp_73_reg_7077_pp0_iter1_reg     |   32|   0|   32|          0|
    |tmp_75_reg_7082                   |   32|   0|   32|          0|
    |tmp_75_reg_7082_pp0_iter1_reg     |   32|   0|   32|          0|
    |tmp_76_reg_7087                   |   32|   0|   32|          0|
    |tmp_76_reg_7087_pp0_iter1_reg     |   32|   0|   32|          0|
    |tmp_84_reg_7092                   |   32|   0|   32|          0|
    |tmp_84_reg_7092_pp0_iter1_reg     |   32|   0|   32|          0|
    |tmp_85_reg_7109                   |   32|   0|   32|          0|
    |tmp_85_reg_7109_pp0_iter1_reg     |   32|   0|   32|          0|
    |tmp_88_reg_7114                   |   32|   0|   32|          0|
    |tmp_88_reg_7114_pp0_iter1_reg     |   32|   0|   32|          0|
    |tmp_89_reg_7119                   |   32|   0|   32|          0|
    |tmp_89_reg_7119_pp0_iter1_reg     |   32|   0|   32|          0|
    |tmp_91_reg_7124                   |   32|   0|   32|          0|
    |tmp_91_reg_7124_pp0_iter1_reg     |   32|   0|   32|          0|
    |tmp_92_reg_7129                   |   32|   0|   32|          0|
    |tmp_92_reg_7129_pp0_iter1_reg     |   32|   0|   32|          0|
    |tmp_93_reg_7134                   |   32|   0|   32|          0|
    |tmp_94_reg_7139                   |   32|   0|   32|          0|
    |tmp_95_reg_7144                   |   32|   0|   32|          0|
    |tmp_96_reg_7149                   |   32|   0|   32|          0|
    |tmp_97_reg_7154                   |   32|   0|   32|          0|
    |tmp_98_reg_7578                   |   32|   0|   32|          0|
    |tmp_99_reg_6845                   |   31|   0|   31|          0|
    |tmp_V_10_reg_6859                 |    8|   0|    8|          0|
    |tmp_V_11_reg_6868                 |   23|   0|   23|          0|
    |tmp_V_14_reg_6905                 |    8|   0|    8|          0|
    |tmp_V_15_reg_6911                 |   23|   0|   23|          0|
    |tmp_V_4_reg_6825                  |    8|   0|    8|          0|
    |tmp_V_5_reg_6834                  |   23|   0|   23|          0|
    |tmp_V_8_reg_6889                  |    8|   0|    8|          0|
    |tmp_V_9_reg_6895                  |   23|   0|   23|          0|
    |update_load_1_reg_1791            |   32|   0|   32|          0|
    |update_load_reg_1767              |   32|   0|   32|          0|
    |val_V_1_reg_6923                  |    8|   0|    8|          0|
    |val_V_reg_6916                    |    8|   0|    8|          0|
    |wBL_reg_6997                      |   32|   0|   32|          0|
    |wTL_reg_6986                      |   32|   0|   32|          0|
    |wTR_reg_6992                      |   32|   0|   32|          0|
    |x_assign_1_reg_1639               |   32|   0|   32|          0|
    |x_assign_reg_1629                 |   32|   0|   32|          0|
    |y_1_reg_7017                      |    4|   0|    4|          0|
    |y_reg_1732                        |    4|   0|    4|          0|
    |exitcond2_reg_7013                |   64|  32|    1|          0|
    |tmp_93_reg_7134                   |   64|  32|   32|          0|
    |tmp_94_reg_7139                   |   64|  32|   32|          0|
    |tmp_95_reg_7144                   |   64|  32|   32|          0|
    |tmp_96_reg_7149                   |   64|  32|   32|          0|
    |tmp_97_reg_7154                   |   64|  32|   32|          0|
    +----------------------------------+-----+----+-----+-----------+
    |Total                             | 4795| 192| 4578|          6|
    +----------------------------------+-----+----+-----+-----------+



================================================================
== Interface
================================================================
* Summary: 
+--------------------------------+-----+-----+------------+------------------------+--------------+
|            RTL Ports           | Dir | Bits|  Protocol  |      Source Object     |    C Type    |
+--------------------------------+-----+-----+------------+------------------------+--------------+
|ap_clk                          |  in |    1| ap_ctrl_hs |  gauss_newton_optim_r  | return value |
|ap_rst                          |  in |    1| ap_ctrl_hs |  gauss_newton_optim_r  | return value |
|ap_start                        |  in |    1| ap_ctrl_hs |  gauss_newton_optim_r  | return value |
|ap_done                         | out |    1| ap_ctrl_hs |  gauss_newton_optim_r  | return value |
|ap_idle                         | out |    1| ap_ctrl_hs |  gauss_newton_optim_r  | return value |
|ap_ready                        | out |    1| ap_ctrl_hs |  gauss_newton_optim_r  | return value |
|ap_return_0                     | out |   32| ap_ctrl_hs |  gauss_newton_optim_r  | return value |
|ap_return_1                     | out |   32| ap_ctrl_hs |  gauss_newton_optim_r  | return value |
|pyr_region_data_address0        | out |   12|  ap_memory |     pyr_region_data    |     array    |
|pyr_region_data_ce0             | out |    1|  ap_memory |     pyr_region_data    |     array    |
|pyr_region_data_q0              |  in |    8|  ap_memory |     pyr_region_data    |     array    |
|pyr_region_data_address1        | out |   12|  ap_memory |     pyr_region_data    |     array    |
|pyr_region_data_ce1             | out |    1|  ap_memory |     pyr_region_data    |     array    |
|pyr_region_data_q1              |  in |    8|  ap_memory |     pyr_region_data    |     array    |
|p_read                          |  in |    8|   ap_none  |         p_read         |    scalar    |
|p_read1                         |  in |    8|   ap_none  |         p_read1        |    scalar    |
|p_read2                         |  in |   32|   ap_none  |         p_read2        |    scalar    |
|p_read3                         |  in |   32|   ap_none  |         p_read3        |    scalar    |
|p_read4                         |  in |   32|   ap_none  |         p_read4        |    scalar    |
|p_read5                         |  in |   32|   ap_none  |         p_read5        |    scalar    |
|p_read6                         |  in |   32|   ap_none  |         p_read6        |    scalar    |
|p_read7                         |  in |   32|   ap_none  |         p_read7        |    scalar    |
|p_read8                         |  in |   32|   ap_none  |         p_read8        |    scalar    |
|p_read9                         |  in |   32|   ap_none  |         p_read9        |    scalar    |
|p_read10                        |  in |   32|   ap_none  |        p_read10        |    scalar    |
|p_read11                        |  in |   32|   ap_none  |        p_read11        |    scalar    |
|p_read12                        |  in |   32|   ap_none  |        p_read12        |    scalar    |
|p_read13                        |  in |   32|   ap_none  |        p_read13        |    scalar    |
|p_read14                        |  in |   32|   ap_none  |        p_read14        |    scalar    |
|p_read15                        |  in |   32|   ap_none  |        p_read15        |    scalar    |
|p_read16                        |  in |   32|   ap_none  |        p_read16        |    scalar    |
|p_read17                        |  in |   32|   ap_none  |        p_read17        |    scalar    |
|p_read18                        |  in |   32|   ap_none  |        p_read18        |    scalar    |
|p_read19                        |  in |   32|   ap_none  |        p_read19        |    scalar    |
|p_read20                        |  in |   32|   ap_none  |        p_read20        |    scalar    |
|p_read21                        |  in |   32|   ap_none  |        p_read21        |    scalar    |
|p_read22                        |  in |   32|   ap_none  |        p_read22        |    scalar    |
|p_read23                        |  in |   32|   ap_none  |        p_read23        |    scalar    |
|p_read24                        |  in |   32|   ap_none  |        p_read24        |    scalar    |
|p_read25                        |  in |   32|   ap_none  |        p_read25        |    scalar    |
|p_read26                        |  in |   32|   ap_none  |        p_read26        |    scalar    |
|p_read27                        |  in |   32|   ap_none  |        p_read27        |    scalar    |
|p_read28                        |  in |   32|   ap_none  |        p_read28        |    scalar    |
|p_read29                        |  in |   32|   ap_none  |        p_read29        |    scalar    |
|p_read30                        |  in |   32|   ap_none  |        p_read30        |    scalar    |
|p_read31                        |  in |   32|   ap_none  |        p_read31        |    scalar    |
|p_read32                        |  in |   32|   ap_none  |        p_read32        |    scalar    |
|p_read33                        |  in |   32|   ap_none  |        p_read33        |    scalar    |
|p_read34                        |  in |   32|   ap_none  |        p_read34        |    scalar    |
|p_read35                        |  in |   32|   ap_none  |        p_read35        |    scalar    |
|p_read36                        |  in |   32|   ap_none  |        p_read36        |    scalar    |
|p_read37                        |  in |   32|   ap_none  |        p_read37        |    scalar    |
|p_read38                        |  in |   32|   ap_none  |        p_read38        |    scalar    |
|p_read39                        |  in |   32|   ap_none  |        p_read39        |    scalar    |
|p_read40                        |  in |   32|   ap_none  |        p_read40        |    scalar    |
|p_read41                        |  in |   32|   ap_none  |        p_read41        |    scalar    |
|p_read42                        |  in |   32|   ap_none  |        p_read42        |    scalar    |
|p_read43                        |  in |   32|   ap_none  |        p_read43        |    scalar    |
|p_read44                        |  in |   32|   ap_none  |        p_read44        |    scalar    |
|p_read45                        |  in |   32|   ap_none  |        p_read45        |    scalar    |
|p_read46                        |  in |   32|   ap_none  |        p_read46        |    scalar    |
|p_read47                        |  in |   32|   ap_none  |        p_read47        |    scalar    |
|p_read48                        |  in |   32|   ap_none  |        p_read48        |    scalar    |
|p_read49                        |  in |   32|   ap_none  |        p_read49        |    scalar    |
|p_read50                        |  in |   32|   ap_none  |        p_read50        |    scalar    |
|p_read51                        |  in |   32|   ap_none  |        p_read51        |    scalar    |
|p_read52                        |  in |   32|   ap_none  |        p_read52        |    scalar    |
|p_read53                        |  in |   32|   ap_none  |        p_read53        |    scalar    |
|p_read54                        |  in |   32|   ap_none  |        p_read54        |    scalar    |
|p_read55                        |  in |   32|   ap_none  |        p_read55        |    scalar    |
|p_read56                        |  in |   32|   ap_none  |        p_read56        |    scalar    |
|p_read57                        |  in |   32|   ap_none  |        p_read57        |    scalar    |
|p_read58                        |  in |   32|   ap_none  |        p_read58        |    scalar    |
|p_read59                        |  in |   32|   ap_none  |        p_read59        |    scalar    |
|p_read60                        |  in |   32|   ap_none  |        p_read60        |    scalar    |
|p_read61                        |  in |   32|   ap_none  |        p_read61        |    scalar    |
|p_read62                        |  in |   32|   ap_none  |        p_read62        |    scalar    |
|p_read63                        |  in |   32|   ap_none  |        p_read63        |    scalar    |
|p_read64                        |  in |   32|   ap_none  |        p_read64        |    scalar    |
|p_read65                        |  in |   32|   ap_none  |        p_read65        |    scalar    |
|p_read66                        |  in |   32|   ap_none  |        p_read66        |    scalar    |
|p_read67                        |  in |   32|   ap_none  |        p_read67        |    scalar    |
|p_read68                        |  in |   32|   ap_none  |        p_read68        |    scalar    |
|p_read69                        |  in |   32|   ap_none  |        p_read69        |    scalar    |
|p_read70                        |  in |   32|   ap_none  |        p_read70        |    scalar    |
|p_read71                        |  in |   32|   ap_none  |        p_read71        |    scalar    |
|p_read72                        |  in |   32|   ap_none  |        p_read72        |    scalar    |
|p_read73                        |  in |   32|   ap_none  |        p_read73        |    scalar    |
|p_read74                        |  in |   32|   ap_none  |        p_read74        |    scalar    |
|p_read75                        |  in |   32|   ap_none  |        p_read75        |    scalar    |
|p_read76                        |  in |   32|   ap_none  |        p_read76        |    scalar    |
|p_read77                        |  in |   32|   ap_none  |        p_read77        |    scalar    |
|p_read78                        |  in |   32|   ap_none  |        p_read78        |    scalar    |
|p_read79                        |  in |   32|   ap_none  |        p_read79        |    scalar    |
|p_read80                        |  in |   32|   ap_none  |        p_read80        |    scalar    |
|p_read81                        |  in |   32|   ap_none  |        p_read81        |    scalar    |
|p_read82                        |  in |   32|   ap_none  |        p_read82        |    scalar    |
|p_read83                        |  in |   32|   ap_none  |        p_read83        |    scalar    |
|p_read84                        |  in |   32|   ap_none  |        p_read84        |    scalar    |
|p_read85                        |  in |   32|   ap_none  |        p_read85        |    scalar    |
|p_read86                        |  in |   32|   ap_none  |        p_read86        |    scalar    |
|p_read87                        |  in |   32|   ap_none  |        p_read87        |    scalar    |
|p_read88                        |  in |   32|   ap_none  |        p_read88        |    scalar    |
|p_read89                        |  in |   32|   ap_none  |        p_read89        |    scalar    |
|p_read90                        |  in |   32|   ap_none  |        p_read90        |    scalar    |
|p_read91                        |  in |   32|   ap_none  |        p_read91        |    scalar    |
|p_read92                        |  in |   32|   ap_none  |        p_read92        |    scalar    |
|p_read93                        |  in |   32|   ap_none  |        p_read93        |    scalar    |
|p_read94                        |  in |   32|   ap_none  |        p_read94        |    scalar    |
|p_read95                        |  in |   32|   ap_none  |        p_read95        |    scalar    |
|p_read96                        |  in |   32|   ap_none  |        p_read96        |    scalar    |
|p_read97                        |  in |   32|   ap_none  |        p_read97        |    scalar    |
|p_read98                        |  in |   32|   ap_none  |        p_read98        |    scalar    |
|p_read99                        |  in |   32|   ap_none  |        p_read99        |    scalar    |
|p_read100                       |  in |   32|   ap_none  |        p_read100       |    scalar    |
|p_read101                       |  in |   32|   ap_none  |        p_read101       |    scalar    |
|p_read102                       |  in |   32|   ap_none  |        p_read102       |    scalar    |
|p_read103                       |  in |   32|   ap_none  |        p_read103       |    scalar    |
|p_read104                       |  in |   32|   ap_none  |        p_read104       |    scalar    |
|p_read105                       |  in |   32|   ap_none  |        p_read105       |    scalar    |
|p_read106                       |  in |   32|   ap_none  |        p_read106       |    scalar    |
|p_read107                       |  in |   32|   ap_none  |        p_read107       |    scalar    |
|p_read108                       |  in |   32|   ap_none  |        p_read108       |    scalar    |
|p_read109                       |  in |   32|   ap_none  |        p_read109       |    scalar    |
|p_read110                       |  in |   32|   ap_none  |        p_read110       |    scalar    |
|p_read111                       |  in |   32|   ap_none  |        p_read111       |    scalar    |
|p_read112                       |  in |   32|   ap_none  |        p_read112       |    scalar    |
|p_read113                       |  in |   32|   ap_none  |        p_read113       |    scalar    |
|p_read114                       |  in |   32|   ap_none  |        p_read114       |    scalar    |
|p_read115                       |  in |   32|   ap_none  |        p_read115       |    scalar    |
|p_read116                       |  in |   32|   ap_none  |        p_read116       |    scalar    |
|p_read117                       |  in |   32|   ap_none  |        p_read117       |    scalar    |
|p_read118                       |  in |   32|   ap_none  |        p_read118       |    scalar    |
|p_read119                       |  in |   32|   ap_none  |        p_read119       |    scalar    |
|p_read120                       |  in |   32|   ap_none  |        p_read120       |    scalar    |
|p_read121                       |  in |   32|   ap_none  |        p_read121       |    scalar    |
|p_read122                       |  in |   32|   ap_none  |        p_read122       |    scalar    |
|p_read123                       |  in |   32|   ap_none  |        p_read123       |    scalar    |
|p_read124                       |  in |   32|   ap_none  |        p_read124       |    scalar    |
|p_read125                       |  in |   32|   ap_none  |        p_read125       |    scalar    |
|p_read126                       |  in |   32|   ap_none  |        p_read126       |    scalar    |
|p_read127                       |  in |   32|   ap_none  |        p_read127       |    scalar    |
|p_read128                       |  in |   32|   ap_none  |        p_read128       |    scalar    |
|p_read129                       |  in |   32|   ap_none  |        p_read129       |    scalar    |
|p_read130                       |  in |   32|   ap_none  |        p_read130       |    scalar    |
|p_read131                       |  in |   32|   ap_none  |        p_read131       |    scalar    |
|p_read132                       |  in |   32|   ap_none  |        p_read132       |    scalar    |
|p_read133                       |  in |   32|   ap_none  |        p_read133       |    scalar    |
|p_read134                       |  in |   32|   ap_none  |        p_read134       |    scalar    |
|p_read135                       |  in |   32|   ap_none  |        p_read135       |    scalar    |
|p_read136                       |  in |   32|   ap_none  |        p_read136       |    scalar    |
|p_read137                       |  in |   32|   ap_none  |        p_read137       |    scalar    |
|p_read138                       |  in |   32|   ap_none  |        p_read138       |    scalar    |
|ref_patch_with_border_address0  | out |    7|  ap_memory |  ref_patch_with_border |     array    |
|ref_patch_with_border_ce0       | out |    1|  ap_memory |  ref_patch_with_border |     array    |
|ref_patch_with_border_q0        |  in |    8|  ap_memory |  ref_patch_with_border |     array    |
|ref_patch_with_border_address1  | out |    7|  ap_memory |  ref_patch_with_border |     array    |
|ref_patch_with_border_ce1       | out |    1|  ap_memory |  ref_patch_with_border |     array    |
|ref_patch_with_border_q1        |  in |    8|  ap_memory |  ref_patch_with_border |     array    |
|cur_px_estimate_0_read          |  in |   32|   ap_none  | cur_px_estimate_0_read |    scalar    |
|cur_px_estimate_1_read          |  in |   32|   ap_none  | cur_px_estimate_1_read |    scalar    |
+--------------------------------+-----+-----+------------+------------------------+--------------+

